2017-02-23T20:35:52+09:00 - error: uncaughtException: Can't set headers after they are sent. 
{ date: 'Thu Feb 23 2017 20:35:52 GMT+0900 (대한민국 표준시)',
  process: 
   { pid: 4500,
     uid: null,
     gid: null,
     cwd: 'C:\\Users\\lee1\\WebstormProjects\\nodeJS\\gameview',
     execPath: 'C:\\Program Files\\didimdol\\node.exe',
     version: 'v6.9.4',
     argv: 
      [ 'C:\\Program Files\\didimdol\\node.exe',
        'C:\\Users\\lee1\\WebstormProjects\\nodeJS\\gameview\\bin\\www' ],
     memoryUsage: { rss: 63897600, heapTotal: 59805696, heapUsed: 35254336 } },
  os: { loadavg: [ 0, 0, 0 ], uptime: 18362.643344 },
  trace: 
   [ { column: 11,
       file: '_http_outgoing.js',
       function: 'ServerResponse.OutgoingMessage.setHeader',
       line: 356,
       method: 'OutgoingMessage.setHeader',
       native: false },
     { column: 10,
       file: 'C:\\Users\\lee1\\WebstormProjects\\nodeJS\\gameview\\node_modules\\express\\lib\\response.js',
       function: 'ServerResponse.header',
       line: 719,
       method: 'header',
       native: false },
     { column: 12,
       file: 'C:\\Users\\lee1\\WebstormProjects\\nodeJS\\gameview\\node_modules\\express\\lib\\response.js',
       function: 'ServerResponse.send',
       line: 164,
       method: 'send',
       native: false },
     { column: 15,
       file: 'C:\\Users\\lee1\\WebstormProjects\\nodeJS\\gameview\\node_modules\\express\\lib\\response.js',
       function: 'ServerResponse.json',
       line: 250,
       method: 'json',
       native: false },
     { column: 13,
       file: 'C:\\Users\\lee1\\WebstormProjects\\nodeJS\\gameview\\routes\\reviews.js',
       function: null,
       line: 57,
       method: null,
       native: false },
     { column: 25,
       file: 'C:\\Users\\lee1\\WebstormProjects\\nodeJS\\gameview\\models\\review.js',
       function: 'Query._callback',
       line: 98,
       method: '_callback',
       native: false },
     { column: 24,
       file: 'C:\\Users\\lee1\\WebstormProjects\\nodeJS\\gameview\\node_modules\\mysql\\lib\\protocol\\sequences\\Sequence.js',
       function: 'Query.Sequence.end',
       line: 86,
       method: 'Sequence.end',
       native: false },
     { column: 8,
       file: 'C:\\Users\\lee1\\WebstormProjects\\nodeJS\\gameview\\node_modules\\mysql\\lib\\protocol\\sequences\\Query.js',
       function: 'Query._handleFinalResultPacket',
       line: 137,
       method: '_handleFinalResultPacket',
       native: false },
     { column: 8,
       file: 'C:\\Users\\lee1\\WebstormProjects\\nodeJS\\gameview\\node_modules\\mysql\\lib\\protocol\\sequences\\Query.js',
       function: 'Query.EofPacket',
       line: 121,
       method: 'EofPacket',
       native: false },
     { column: 23,
       file: 'C:\\Users\\lee1\\WebstormProjects\\nodeJS\\gameview\\node_modules\\mysql\\lib\\protocol\\Protocol.js',
       function: 'Protocol._parsePacket',
       line: 280,
       method: '_parsePacket',
       native: false } ],
  stack: 
   [ 'Error: Can\'t set headers after they are sent.',
     '    at ServerResponse.OutgoingMessage.setHeader (_http_outgoing.js:356:11)',
     '    at ServerResponse.header (C:\\Users\\lee1\\WebstormProjects\\nodeJS\\gameview\\node_modules\\express\\lib\\response.js:719:10)',
     '    at ServerResponse.send (C:\\Users\\lee1\\WebstormProjects\\nodeJS\\gameview\\node_modules\\express\\lib\\response.js:164:12)',
     '    at ServerResponse.json (C:\\Users\\lee1\\WebstormProjects\\nodeJS\\gameview\\node_modules\\express\\lib\\response.js:250:15)',
     '    at C:\\Users\\lee1\\WebstormProjects\\nodeJS\\gameview\\routes\\reviews.js:57:13',
     '    at Query._callback (C:\\Users\\lee1\\WebstormProjects\\nodeJS\\gameview\\models\\review.js:98:25)',
     '    at Query.Sequence.end (C:\\Users\\lee1\\WebstormProjects\\nodeJS\\gameview\\node_modules\\mysql\\lib\\protocol\\sequences\\Sequence.js:86:24)',
     '    at Query._handleFinalResultPacket (C:\\Users\\lee1\\WebstormProjects\\nodeJS\\gameview\\node_modules\\mysql\\lib\\protocol\\sequences\\Query.js:137:8)',
     '    at Query.EofPacket (C:\\Users\\lee1\\WebstormProjects\\nodeJS\\gameview\\node_modules\\mysql\\lib\\protocol\\sequences\\Query.js:121:8)',
     '    at Protocol._parsePacket (C:\\Users\\lee1\\WebstormProjects\\nodeJS\\gameview\\node_modules\\mysql\\lib\\protocol\\Protocol.js:280:23)' ] }
2017-02-23T20:35:59+09:00 - error: uncaughtException: Can't set headers after they are sent. 
{ date: 'Thu Feb 23 2017 20:35:59 GMT+0900 (대한민국 표준시)',
  process: 
   { pid: 4500,
     uid: null,
     gid: null,
     cwd: 'C:\\Users\\lee1\\WebstormProjects\\nodeJS\\gameview',
     execPath: 'C:\\Program Files\\didimdol\\node.exe',
     version: 'v6.9.4',
     argv: 
      [ 'C:\\Program Files\\didimdol\\node.exe',
        'C:\\Users\\lee1\\WebstormProjects\\nodeJS\\gameview\\bin\\www' ],
     memoryUsage: { rss: 65638400, heapTotal: 59805696, heapUsed: 36611704 } },
  os: { loadavg: [ 0, 0, 0 ], uptime: 18369.942612 },
  trace: 
   [ { column: 11,
       file: '_http_outgoing.js',
       function: 'ServerResponse.OutgoingMessage.setHeader',
       line: 356,
       method: 'OutgoingMessage.setHeader',
       native: false },
     { column: 10,
       file: 'C:\\Users\\lee1\\WebstormProjects\\nodeJS\\gameview\\node_modules\\express\\lib\\response.js',
       function: 'ServerResponse.header',
       line: 719,
       method: 'header',
       native: false },
     { column: 12,
       file: 'C:\\Users\\lee1\\WebstormProjects\\nodeJS\\gameview\\node_modules\\express\\lib\\response.js',
       function: 'ServerResponse.send',
       line: 164,
       method: 'send',
       native: false },
     { column: 15,
       file: 'C:\\Users\\lee1\\WebstormProjects\\nodeJS\\gameview\\node_modules\\express\\lib\\response.js',
       function: 'ServerResponse.json',
       line: 250,
       method: 'json',
       native: false },
     { column: 13,
       file: 'C:\\Users\\lee1\\WebstormProjects\\nodeJS\\gameview\\routes\\reviews.js',
       function: null,
       line: 57,
       method: null,
       native: false },
     { column: 25,
       file: 'C:\\Users\\lee1\\WebstormProjects\\nodeJS\\gameview\\models\\review.js',
       function: 'Query._callback',
       line: 98,
       method: '_callback',
       native: false },
     { column: 24,
       file: 'C:\\Users\\lee1\\WebstormProjects\\nodeJS\\gameview\\node_modules\\mysql\\lib\\protocol\\sequences\\Sequence.js',
       function: 'Query.Sequence.end',
       line: 86,
       method: 'Sequence.end',
       native: false },
     { column: 8,
       file: 'C:\\Users\\lee1\\WebstormProjects\\nodeJS\\gameview\\node_modules\\mysql\\lib\\protocol\\sequences\\Query.js',
       function: 'Query._handleFinalResultPacket',
       line: 137,
       method: '_handleFinalResultPacket',
       native: false },
     { column: 8,
       file: 'C:\\Users\\lee1\\WebstormProjects\\nodeJS\\gameview\\node_modules\\mysql\\lib\\protocol\\sequences\\Query.js',
       function: 'Query.EofPacket',
       line: 121,
       method: 'EofPacket',
       native: false },
     { column: 23,
       file: 'C:\\Users\\lee1\\WebstormProjects\\nodeJS\\gameview\\node_modules\\mysql\\lib\\protocol\\Protocol.js',
       function: 'Protocol._parsePacket',
       line: 280,
       method: '_parsePacket',
       native: false } ],
  stack: 
   [ 'Error: Can\'t set headers after they are sent.',
     '    at ServerResponse.OutgoingMessage.setHeader (_http_outgoing.js:356:11)',
     '    at ServerResponse.header (C:\\Users\\lee1\\WebstormProjects\\nodeJS\\gameview\\node_modules\\express\\lib\\response.js:719:10)',
     '    at ServerResponse.send (C:\\Users\\lee1\\WebstormProjects\\nodeJS\\gameview\\node_modules\\express\\lib\\response.js:164:12)',
     '    at ServerResponse.json (C:\\Users\\lee1\\WebstormProjects\\nodeJS\\gameview\\node_modules\\express\\lib\\response.js:250:15)',
     '    at C:\\Users\\lee1\\WebstormProjects\\nodeJS\\gameview\\routes\\reviews.js:57:13',
     '    at Query._callback (C:\\Users\\lee1\\WebstormProjects\\nodeJS\\gameview\\models\\review.js:98:25)',
     '    at Query.Sequence.end (C:\\Users\\lee1\\WebstormProjects\\nodeJS\\gameview\\node_modules\\mysql\\lib\\protocol\\sequences\\Sequence.js:86:24)',
     '    at Query._handleFinalResultPacket (C:\\Users\\lee1\\WebstormProjects\\nodeJS\\gameview\\node_modules\\mysql\\lib\\protocol\\sequences\\Query.js:137:8)',
     '    at Query.EofPacket (C:\\Users\\lee1\\WebstormProjects\\nodeJS\\gameview\\node_modules\\mysql\\lib\\protocol\\sequences\\Query.js:121:8)',
     '    at Protocol._parsePacket (C:\\Users\\lee1\\WebstormProjects\\nodeJS\\gameview\\node_modules\\mysql\\lib\\protocol\\Protocol.js:280:23)' ] }
2017-02-23T20:36:04+09:00 - error: uncaughtException: Can't set headers after they are sent. 
{ date: 'Thu Feb 23 2017 20:36:04 GMT+0900 (대한민국 표준시)',
  process: 
   { pid: 4500,
     uid: null,
     gid: null,
     cwd: 'C:\\Users\\lee1\\WebstormProjects\\nodeJS\\gameview',
     execPath: 'C:\\Program Files\\didimdol\\node.exe',
     version: 'v6.9.4',
     argv: 
      [ 'C:\\Program Files\\didimdol\\node.exe',
        'C:\\Users\\lee1\\WebstormProjects\\nodeJS\\gameview\\bin\\www' ],
     memoryUsage: { rss: 66826240, heapTotal: 59805696, heapUsed: 37607008 } },
  os: { loadavg: [ 0, 0, 0 ], uptime: 18375.4155036 },
  trace: 
   [ { column: 11,
       file: '_http_outgoing.js',
       function: 'ServerResponse.OutgoingMessage.setHeader',
       line: 356,
       method: 'OutgoingMessage.setHeader',
       native: false },
     { column: 10,
       file: 'C:\\Users\\lee1\\WebstormProjects\\nodeJS\\gameview\\node_modules\\express\\lib\\response.js',
       function: 'ServerResponse.header',
       line: 719,
       method: 'header',
       native: false },
     { column: 12,
       file: 'C:\\Users\\lee1\\WebstormProjects\\nodeJS\\gameview\\node_modules\\express\\lib\\response.js',
       function: 'ServerResponse.send',
       line: 164,
       method: 'send',
       native: false },
     { column: 15,
       file: 'C:\\Users\\lee1\\WebstormProjects\\nodeJS\\gameview\\node_modules\\express\\lib\\response.js',
       function: 'ServerResponse.json',
       line: 250,
       method: 'json',
       native: false },
     { column: 13,
       file: 'C:\\Users\\lee1\\WebstormProjects\\nodeJS\\gameview\\routes\\reviews.js',
       function: null,
       line: 57,
       method: null,
       native: false },
     { column: 25,
       file: 'C:\\Users\\lee1\\WebstormProjects\\nodeJS\\gameview\\models\\review.js',
       function: 'Query._callback',
       line: 98,
       method: '_callback',
       native: false },
     { column: 24,
       file: 'C:\\Users\\lee1\\WebstormProjects\\nodeJS\\gameview\\node_modules\\mysql\\lib\\protocol\\sequences\\Sequence.js',
       function: 'Query.Sequence.end',
       line: 86,
       method: 'Sequence.end',
       native: false },
     { column: 8,
       file: 'C:\\Users\\lee1\\WebstormProjects\\nodeJS\\gameview\\node_modules\\mysql\\lib\\protocol\\sequences\\Query.js',
       function: 'Query._handleFinalResultPacket',
       line: 137,
       method: '_handleFinalResultPacket',
       native: false },
     { column: 8,
       file: 'C:\\Users\\lee1\\WebstormProjects\\nodeJS\\gameview\\node_modules\\mysql\\lib\\protocol\\sequences\\Query.js',
       function: 'Query.EofPacket',
       line: 121,
       method: 'EofPacket',
       native: false },
     { column: 23,
       file: 'C:\\Users\\lee1\\WebstormProjects\\nodeJS\\gameview\\node_modules\\mysql\\lib\\protocol\\Protocol.js',
       function: 'Protocol._parsePacket',
       line: 280,
       method: '_parsePacket',
       native: false } ],
  stack: 
   [ 'Error: Can\'t set headers after they are sent.',
     '    at ServerResponse.OutgoingMessage.setHeader (_http_outgoing.js:356:11)',
     '    at ServerResponse.header (C:\\Users\\lee1\\WebstormProjects\\nodeJS\\gameview\\node_modules\\express\\lib\\response.js:719:10)',
     '    at ServerResponse.send (C:\\Users\\lee1\\WebstormProjects\\nodeJS\\gameview\\node_modules\\express\\lib\\response.js:164:12)',
     '    at ServerResponse.json (C:\\Users\\lee1\\WebstormProjects\\nodeJS\\gameview\\node_modules\\express\\lib\\response.js:250:15)',
     '    at C:\\Users\\lee1\\WebstormProjects\\nodeJS\\gameview\\routes\\reviews.js:57:13',
     '    at Query._callback (C:\\Users\\lee1\\WebstormProjects\\nodeJS\\gameview\\models\\review.js:98:25)',
     '    at Query.Sequence.end (C:\\Users\\lee1\\WebstormProjects\\nodeJS\\gameview\\node_modules\\mysql\\lib\\protocol\\sequences\\Sequence.js:86:24)',
     '    at Query._handleFinalResultPacket (C:\\Users\\lee1\\WebstormProjects\\nodeJS\\gameview\\node_modules\\mysql\\lib\\protocol\\sequences\\Query.js:137:8)',
     '    at Query.EofPacket (C:\\Users\\lee1\\WebstormProjects\\nodeJS\\gameview\\node_modules\\mysql\\lib\\protocol\\sequences\\Query.js:121:8)',
     '    at Protocol._parsePacket (C:\\Users\\lee1\\WebstormProjects\\nodeJS\\gameview\\node_modules\\mysql\\lib\\protocol\\Protocol.js:280:23)' ] }
2017-02-23T20:37:12+09:00 - error: uncaughtException: Can't set headers after they are sent. 
{ date: 'Thu Feb 23 2017 20:37:12 GMT+0900 (대한민국 표준시)',
  process: 
   { pid: 4500,
     uid: null,
     gid: null,
     cwd: 'C:\\Users\\lee1\\WebstormProjects\\nodeJS\\gameview',
     execPath: 'C:\\Program Files\\didimdol\\node.exe',
     version: 'v6.9.4',
     argv: 
      [ 'C:\\Program Files\\didimdol\\node.exe',
        'C:\\Users\\lee1\\WebstormProjects\\nodeJS\\gameview\\bin\\www' ],
     memoryUsage: { rss: 67833856, heapTotal: 59805696, heapUsed: 38527720 } },
  os: { loadavg: [ 0, 0, 0 ], uptime: 18443.3509968 },
  trace: 
   [ { column: 11,
       file: '_http_outgoing.js',
       function: 'ServerResponse.OutgoingMessage.setHeader',
       line: 356,
       method: 'OutgoingMessage.setHeader',
       native: false },
     { column: 10,
       file: 'C:\\Users\\lee1\\WebstormProjects\\nodeJS\\gameview\\node_modules\\express\\lib\\response.js',
       function: 'ServerResponse.header',
       line: 719,
       method: 'header',
       native: false },
     { column: 12,
       file: 'C:\\Users\\lee1\\WebstormProjects\\nodeJS\\gameview\\node_modules\\express\\lib\\response.js',
       function: 'ServerResponse.send',
       line: 164,
       method: 'send',
       native: false },
     { column: 15,
       file: 'C:\\Users\\lee1\\WebstormProjects\\nodeJS\\gameview\\node_modules\\express\\lib\\response.js',
       function: 'ServerResponse.json',
       line: 250,
       method: 'json',
       native: false },
     { column: 13,
       file: 'C:\\Users\\lee1\\WebstormProjects\\nodeJS\\gameview\\routes\\reviews.js',
       function: null,
       line: 57,
       method: null,
       native: false },
     { column: 25,
       file: 'C:\\Users\\lee1\\WebstormProjects\\nodeJS\\gameview\\models\\review.js',
       function: 'Query._callback',
       line: 98,
       method: '_callback',
       native: false },
     { column: 24,
       file: 'C:\\Users\\lee1\\WebstormProjects\\nodeJS\\gameview\\node_modules\\mysql\\lib\\protocol\\sequences\\Sequence.js',
       function: 'Query.Sequence.end',
       line: 86,
       method: 'Sequence.end',
       native: false },
     { column: 8,
       file: 'C:\\Users\\lee1\\WebstormProjects\\nodeJS\\gameview\\node_modules\\mysql\\lib\\protocol\\sequences\\Query.js',
       function: 'Query._handleFinalResultPacket',
       line: 137,
       method: '_handleFinalResultPacket',
       native: false },
     { column: 8,
       file: 'C:\\Users\\lee1\\WebstormProjects\\nodeJS\\gameview\\node_modules\\mysql\\lib\\protocol\\sequences\\Query.js',
       function: 'Query.EofPacket',
       line: 121,
       method: 'EofPacket',
       native: false },
     { column: 23,
       file: 'C:\\Users\\lee1\\WebstormProjects\\nodeJS\\gameview\\node_modules\\mysql\\lib\\protocol\\Protocol.js',
       function: 'Protocol._parsePacket',
       line: 280,
       method: '_parsePacket',
       native: false } ],
  stack: 
   [ 'Error: Can\'t set headers after they are sent.',
     '    at ServerResponse.OutgoingMessage.setHeader (_http_outgoing.js:356:11)',
     '    at ServerResponse.header (C:\\Users\\lee1\\WebstormProjects\\nodeJS\\gameview\\node_modules\\express\\lib\\response.js:719:10)',
     '    at ServerResponse.send (C:\\Users\\lee1\\WebstormProjects\\nodeJS\\gameview\\node_modules\\express\\lib\\response.js:164:12)',
     '    at ServerResponse.json (C:\\Users\\lee1\\WebstormProjects\\nodeJS\\gameview\\node_modules\\express\\lib\\response.js:250:15)',
     '    at C:\\Users\\lee1\\WebstormProjects\\nodeJS\\gameview\\routes\\reviews.js:57:13',
     '    at Query._callback (C:\\Users\\lee1\\WebstormProjects\\nodeJS\\gameview\\models\\review.js:98:25)',
     '    at Query.Sequence.end (C:\\Users\\lee1\\WebstormProjects\\nodeJS\\gameview\\node_modules\\mysql\\lib\\protocol\\sequences\\Sequence.js:86:24)',
     '    at Query._handleFinalResultPacket (C:\\Users\\lee1\\WebstormProjects\\nodeJS\\gameview\\node_modules\\mysql\\lib\\protocol\\sequences\\Query.js:137:8)',
     '    at Query.EofPacket (C:\\Users\\lee1\\WebstormProjects\\nodeJS\\gameview\\node_modules\\mysql\\lib\\protocol\\sequences\\Query.js:121:8)',
     '    at Protocol._parsePacket (C:\\Users\\lee1\\WebstormProjects\\nodeJS\\gameview\\node_modules\\mysql\\lib\\protocol\\Protocol.js:280:23)' ] }
2017-02-23T20:37:26+09:00 - error: uncaughtException: Can't set headers after they are sent. 
{ date: 'Thu Feb 23 2017 20:37:26 GMT+0900 (대한민국 표준시)',
  process: 
   { pid: 4500,
     uid: null,
     gid: null,
     cwd: 'C:\\Users\\lee1\\WebstormProjects\\nodeJS\\gameview',
     execPath: 'C:\\Program Files\\didimdol\\node.exe',
     version: 'v6.9.4',
     argv: 
      [ 'C:\\Program Files\\didimdol\\node.exe',
        'C:\\Users\\lee1\\WebstormProjects\\nodeJS\\gameview\\bin\\www' ],
     memoryUsage: { rss: 68395008, heapTotal: 59805696, heapUsed: 39438392 } },
  os: { loadavg: [ 0, 0, 0 ], uptime: 18457.3924409 },
  trace: 
   [ { column: 11,
       file: '_http_outgoing.js',
       function: 'ServerResponse.OutgoingMessage.setHeader',
       line: 356,
       method: 'OutgoingMessage.setHeader',
       native: false },
     { column: 10,
       file: 'C:\\Users\\lee1\\WebstormProjects\\nodeJS\\gameview\\node_modules\\express\\lib\\response.js',
       function: 'ServerResponse.header',
       line: 719,
       method: 'header',
       native: false },
     { column: 12,
       file: 'C:\\Users\\lee1\\WebstormProjects\\nodeJS\\gameview\\node_modules\\express\\lib\\response.js',
       function: 'ServerResponse.send',
       line: 164,
       method: 'send',
       native: false },
     { column: 15,
       file: 'C:\\Users\\lee1\\WebstormProjects\\nodeJS\\gameview\\node_modules\\express\\lib\\response.js',
       function: 'ServerResponse.json',
       line: 250,
       method: 'json',
       native: false },
     { column: 13,
       file: 'C:\\Users\\lee1\\WebstormProjects\\nodeJS\\gameview\\routes\\reviews.js',
       function: null,
       line: 57,
       method: null,
       native: false },
     { column: 25,
       file: 'C:\\Users\\lee1\\WebstormProjects\\nodeJS\\gameview\\models\\review.js',
       function: 'Query._callback',
       line: 98,
       method: '_callback',
       native: false },
     { column: 24,
       file: 'C:\\Users\\lee1\\WebstormProjects\\nodeJS\\gameview\\node_modules\\mysql\\lib\\protocol\\sequences\\Sequence.js',
       function: 'Query.Sequence.end',
       line: 86,
       method: 'Sequence.end',
       native: false },
     { column: 8,
       file: 'C:\\Users\\lee1\\WebstormProjects\\nodeJS\\gameview\\node_modules\\mysql\\lib\\protocol\\sequences\\Query.js',
       function: 'Query._handleFinalResultPacket',
       line: 137,
       method: '_handleFinalResultPacket',
       native: false },
     { column: 8,
       file: 'C:\\Users\\lee1\\WebstormProjects\\nodeJS\\gameview\\node_modules\\mysql\\lib\\protocol\\sequences\\Query.js',
       function: 'Query.EofPacket',
       line: 121,
       method: 'EofPacket',
       native: false },
     { column: 23,
       file: 'C:\\Users\\lee1\\WebstormProjects\\nodeJS\\gameview\\node_modules\\mysql\\lib\\protocol\\Protocol.js',
       function: 'Protocol._parsePacket',
       line: 280,
       method: '_parsePacket',
       native: false } ],
  stack: 
   [ 'Error: Can\'t set headers after they are sent.',
     '    at ServerResponse.OutgoingMessage.setHeader (_http_outgoing.js:356:11)',
     '    at ServerResponse.header (C:\\Users\\lee1\\WebstormProjects\\nodeJS\\gameview\\node_modules\\express\\lib\\response.js:719:10)',
     '    at ServerResponse.send (C:\\Users\\lee1\\WebstormProjects\\nodeJS\\gameview\\node_modules\\express\\lib\\response.js:164:12)',
     '    at ServerResponse.json (C:\\Users\\lee1\\WebstormProjects\\nodeJS\\gameview\\node_modules\\express\\lib\\response.js:250:15)',
     '    at C:\\Users\\lee1\\WebstormProjects\\nodeJS\\gameview\\routes\\reviews.js:57:13',
     '    at Query._callback (C:\\Users\\lee1\\WebstormProjects\\nodeJS\\gameview\\models\\review.js:98:25)',
     '    at Query.Sequence.end (C:\\Users\\lee1\\WebstormProjects\\nodeJS\\gameview\\node_modules\\mysql\\lib\\protocol\\sequences\\Sequence.js:86:24)',
     '    at Query._handleFinalResultPacket (C:\\Users\\lee1\\WebstormProjects\\nodeJS\\gameview\\node_modules\\mysql\\lib\\protocol\\sequences\\Query.js:137:8)',
     '    at Query.EofPacket (C:\\Users\\lee1\\WebstormProjects\\nodeJS\\gameview\\node_modules\\mysql\\lib\\protocol\\sequences\\Query.js:121:8)',
     '    at Protocol._parsePacket (C:\\Users\\lee1\\WebstormProjects\\nodeJS\\gameview\\node_modules\\mysql\\lib\\protocol\\Protocol.js:280:23)' ] }
2017-02-23T20:38:13+09:00 - error: uncaughtException: Can't set headers after they are sent. 
{ date: 'Thu Feb 23 2017 20:38:13 GMT+0900 (대한민국 표준시)',
  process: 
   { pid: 4500,
     uid: null,
     gid: null,
     cwd: 'C:\\Users\\lee1\\WebstormProjects\\nodeJS\\gameview',
     execPath: 'C:\\Program Files\\didimdol\\node.exe',
     version: 'v6.9.4',
     argv: 
      [ 'C:\\Program Files\\didimdol\\node.exe',
        'C:\\Users\\lee1\\WebstormProjects\\nodeJS\\gameview\\bin\\www' ],
     memoryUsage: { rss: 49958912, heapTotal: 32542720, heapUsed: 25894000 } },
  os: { loadavg: [ 0, 0, 0 ], uptime: 18503.5131876 },
  trace: 
   [ { column: 11,
       file: '_http_outgoing.js',
       function: 'ServerResponse.OutgoingMessage.setHeader',
       line: 356,
       method: 'OutgoingMessage.setHeader',
       native: false },
     { column: 10,
       file: 'C:\\Users\\lee1\\WebstormProjects\\nodeJS\\gameview\\node_modules\\express\\lib\\response.js',
       function: 'ServerResponse.header',
       line: 719,
       method: 'header',
       native: false },
     { column: 12,
       file: 'C:\\Users\\lee1\\WebstormProjects\\nodeJS\\gameview\\node_modules\\express\\lib\\response.js',
       function: 'ServerResponse.send',
       line: 164,
       method: 'send',
       native: false },
     { column: 15,
       file: 'C:\\Users\\lee1\\WebstormProjects\\nodeJS\\gameview\\node_modules\\express\\lib\\response.js',
       function: 'ServerResponse.json',
       line: 250,
       method: 'json',
       native: false },
     { column: 13,
       file: 'C:\\Users\\lee1\\WebstormProjects\\nodeJS\\gameview\\routes\\reviews.js',
       function: null,
       line: 57,
       method: null,
       native: false },
     { column: 25,
       file: 'C:\\Users\\lee1\\WebstormProjects\\nodeJS\\gameview\\models\\review.js',
       function: 'Query._callback',
       line: 98,
       method: '_callback',
       native: false },
     { column: 24,
       file: 'C:\\Users\\lee1\\WebstormProjects\\nodeJS\\gameview\\node_modules\\mysql\\lib\\protocol\\sequences\\Sequence.js',
       function: 'Query.Sequence.end',
       line: 86,
       method: 'Sequence.end',
       native: false },
     { column: 8,
       file: 'C:\\Users\\lee1\\WebstormProjects\\nodeJS\\gameview\\node_modules\\mysql\\lib\\protocol\\sequences\\Query.js',
       function: 'Query._handleFinalResultPacket',
       line: 137,
       method: '_handleFinalResultPacket',
       native: false },
     { column: 8,
       file: 'C:\\Users\\lee1\\WebstormProjects\\nodeJS\\gameview\\node_modules\\mysql\\lib\\protocol\\sequences\\Query.js',
       function: 'Query.EofPacket',
       line: 121,
       method: 'EofPacket',
       native: false },
     { column: 23,
       file: 'C:\\Users\\lee1\\WebstormProjects\\nodeJS\\gameview\\node_modules\\mysql\\lib\\protocol\\Protocol.js',
       function: 'Protocol._parsePacket',
       line: 280,
       method: '_parsePacket',
       native: false } ],
  stack: 
   [ 'Error: Can\'t set headers after they are sent.',
     '    at ServerResponse.OutgoingMessage.setHeader (_http_outgoing.js:356:11)',
     '    at ServerResponse.header (C:\\Users\\lee1\\WebstormProjects\\nodeJS\\gameview\\node_modules\\express\\lib\\response.js:719:10)',
     '    at ServerResponse.send (C:\\Users\\lee1\\WebstormProjects\\nodeJS\\gameview\\node_modules\\express\\lib\\response.js:164:12)',
     '    at ServerResponse.json (C:\\Users\\lee1\\WebstormProjects\\nodeJS\\gameview\\node_modules\\express\\lib\\response.js:250:15)',
     '    at C:\\Users\\lee1\\WebstormProjects\\nodeJS\\gameview\\routes\\reviews.js:57:13',
     '    at Query._callback (C:\\Users\\lee1\\WebstormProjects\\nodeJS\\gameview\\models\\review.js:98:25)',
     '    at Query.Sequence.end (C:\\Users\\lee1\\WebstormProjects\\nodeJS\\gameview\\node_modules\\mysql\\lib\\protocol\\sequences\\Sequence.js:86:24)',
     '    at Query._handleFinalResultPacket (C:\\Users\\lee1\\WebstormProjects\\nodeJS\\gameview\\node_modules\\mysql\\lib\\protocol\\sequences\\Query.js:137:8)',
     '    at Query.EofPacket (C:\\Users\\lee1\\WebstormProjects\\nodeJS\\gameview\\node_modules\\mysql\\lib\\protocol\\sequences\\Query.js:121:8)',
     '    at Protocol._parsePacket (C:\\Users\\lee1\\WebstormProjects\\nodeJS\\gameview\\node_modules\\mysql\\lib\\protocol\\Protocol.js:280:23)' ] }
2017-02-23T20:39:31+09:00 - error: uncaughtException: Can't set headers after they are sent. 
{ date: 'Thu Feb 23 2017 20:39:31 GMT+0900 (대한민국 표준시)',
  process: 
   { pid: 4500,
     uid: null,
     gid: null,
     cwd: 'C:\\Users\\lee1\\WebstormProjects\\nodeJS\\gameview',
     execPath: 'C:\\Program Files\\didimdol\\node.exe',
     version: 'v6.9.4',
     argv: 
      [ 'C:\\Program Files\\didimdol\\node.exe',
        'C:\\Users\\lee1\\WebstormProjects\\nodeJS\\gameview\\bin\\www' ],
     memoryUsage: { rss: 61501440, heapTotal: 35688448, heapUsed: 26382864 } },
  os: { loadavg: [ 0, 0, 0 ], uptime: 18581.7899849 },
  trace: 
   [ { column: 11,
       file: '_http_outgoing.js',
       function: 'ServerResponse.OutgoingMessage.setHeader',
       line: 356,
       method: 'OutgoingMessage.setHeader',
       native: false },
     { column: 10,
       file: 'C:\\Users\\lee1\\WebstormProjects\\nodeJS\\gameview\\node_modules\\express\\lib\\response.js',
       function: 'ServerResponse.header',
       line: 719,
       method: 'header',
       native: false },
     { column: 12,
       file: 'C:\\Users\\lee1\\WebstormProjects\\nodeJS\\gameview\\node_modules\\express\\lib\\response.js',
       function: 'ServerResponse.send',
       line: 164,
       method: 'send',
       native: false },
     { column: 15,
       file: 'C:\\Users\\lee1\\WebstormProjects\\nodeJS\\gameview\\node_modules\\express\\lib\\response.js',
       function: 'ServerResponse.json',
       line: 250,
       method: 'json',
       native: false },
     { column: 13,
       file: 'C:\\Users\\lee1\\WebstormProjects\\nodeJS\\gameview\\routes\\reviews.js',
       function: null,
       line: 57,
       method: null,
       native: false },
     { column: 25,
       file: 'C:\\Users\\lee1\\WebstormProjects\\nodeJS\\gameview\\models\\review.js',
       function: 'Query._callback',
       line: 98,
       method: '_callback',
       native: false },
     { column: 24,
       file: 'C:\\Users\\lee1\\WebstormProjects\\nodeJS\\gameview\\node_modules\\mysql\\lib\\protocol\\sequences\\Sequence.js',
       function: 'Query.Sequence.end',
       line: 86,
       method: 'Sequence.end',
       native: false },
     { column: 8,
       file: 'C:\\Users\\lee1\\WebstormProjects\\nodeJS\\gameview\\node_modules\\mysql\\lib\\protocol\\sequences\\Query.js',
       function: 'Query._handleFinalResultPacket',
       line: 137,
       method: '_handleFinalResultPacket',
       native: false },
     { column: 8,
       file: 'C:\\Users\\lee1\\WebstormProjects\\nodeJS\\gameview\\node_modules\\mysql\\lib\\protocol\\sequences\\Query.js',
       function: 'Query.EofPacket',
       line: 121,
       method: 'EofPacket',
       native: false },
     { column: 23,
       file: 'C:\\Users\\lee1\\WebstormProjects\\nodeJS\\gameview\\node_modules\\mysql\\lib\\protocol\\Protocol.js',
       function: 'Protocol._parsePacket',
       line: 280,
       method: '_parsePacket',
       native: false } ],
  stack: 
   [ 'Error: Can\'t set headers after they are sent.',
     '    at ServerResponse.OutgoingMessage.setHeader (_http_outgoing.js:356:11)',
     '    at ServerResponse.header (C:\\Users\\lee1\\WebstormProjects\\nodeJS\\gameview\\node_modules\\express\\lib\\response.js:719:10)',
     '    at ServerResponse.send (C:\\Users\\lee1\\WebstormProjects\\nodeJS\\gameview\\node_modules\\express\\lib\\response.js:164:12)',
     '    at ServerResponse.json (C:\\Users\\lee1\\WebstormProjects\\nodeJS\\gameview\\node_modules\\express\\lib\\response.js:250:15)',
     '    at C:\\Users\\lee1\\WebstormProjects\\nodeJS\\gameview\\routes\\reviews.js:57:13',
     '    at Query._callback (C:\\Users\\lee1\\WebstormProjects\\nodeJS\\gameview\\models\\review.js:98:25)',
     '    at Query.Sequence.end (C:\\Users\\lee1\\WebstormProjects\\nodeJS\\gameview\\node_modules\\mysql\\lib\\protocol\\sequences\\Sequence.js:86:24)',
     '    at Query._handleFinalResultPacket (C:\\Users\\lee1\\WebstormProjects\\nodeJS\\gameview\\node_modules\\mysql\\lib\\protocol\\sequences\\Query.js:137:8)',
     '    at Query.EofPacket (C:\\Users\\lee1\\WebstormProjects\\nodeJS\\gameview\\node_modules\\mysql\\lib\\protocol\\sequences\\Query.js:121:8)',
     '    at Protocol._parsePacket (C:\\Users\\lee1\\WebstormProjects\\nodeJS\\gameview\\node_modules\\mysql\\lib\\protocol\\Protocol.js:280:23)' ] }
2017-02-23T20:42:28+09:00 - error: uncaughtException: Can't set headers after they are sent. 
{ date: 'Thu Feb 23 2017 20:42:28 GMT+0900 (대한민국 표준시)',
  process: 
   { pid: 4500,
     uid: null,
     gid: null,
     cwd: 'C:\\Users\\lee1\\WebstormProjects\\nodeJS\\gameview',
     execPath: 'C:\\Program Files\\didimdol\\node.exe',
     version: 'v6.9.4',
     argv: 
      [ 'C:\\Program Files\\didimdol\\node.exe',
        'C:\\Users\\lee1\\WebstormProjects\\nodeJS\\gameview\\bin\\www' ],
     memoryUsage: { rss: 47419392, heapTotal: 31494144, heapUsed: 23128040 } },
  os: { loadavg: [ 0, 0, 0 ], uptime: 18759.3208563 },
  trace: 
   [ { column: 11,
       file: '_http_outgoing.js',
       function: 'ServerResponse.OutgoingMessage.setHeader',
       line: 356,
       method: 'OutgoingMessage.setHeader',
       native: false },
     { column: 10,
       file: 'C:\\Users\\lee1\\WebstormProjects\\nodeJS\\gameview\\node_modules\\express\\lib\\response.js',
       function: 'ServerResponse.header',
       line: 719,
       method: 'header',
       native: false },
     { column: 12,
       file: 'C:\\Users\\lee1\\WebstormProjects\\nodeJS\\gameview\\node_modules\\express\\lib\\response.js',
       function: 'ServerResponse.send',
       line: 164,
       method: 'send',
       native: false },
     { column: 15,
       file: 'C:\\Users\\lee1\\WebstormProjects\\nodeJS\\gameview\\node_modules\\express\\lib\\response.js',
       function: 'ServerResponse.json',
       line: 250,
       method: 'json',
       native: false },
     { column: 13,
       file: 'C:\\Users\\lee1\\WebstormProjects\\nodeJS\\gameview\\routes\\reviews.js',
       function: null,
       line: 57,
       method: null,
       native: false },
     { column: 25,
       file: 'C:\\Users\\lee1\\WebstormProjects\\nodeJS\\gameview\\models\\review.js',
       function: 'Query._callback',
       line: 98,
       method: '_callback',
       native: false },
     { column: 24,
       file: 'C:\\Users\\lee1\\WebstormProjects\\nodeJS\\gameview\\node_modules\\mysql\\lib\\protocol\\sequences\\Sequence.js',
       function: 'Query.Sequence.end',
       line: 86,
       method: 'Sequence.end',
       native: false },
     { column: 8,
       file: 'C:\\Users\\lee1\\WebstormProjects\\nodeJS\\gameview\\node_modules\\mysql\\lib\\protocol\\sequences\\Query.js',
       function: 'Query._handleFinalResultPacket',
       line: 137,
       method: '_handleFinalResultPacket',
       native: false },
     { column: 8,
       file: 'C:\\Users\\lee1\\WebstormProjects\\nodeJS\\gameview\\node_modules\\mysql\\lib\\protocol\\sequences\\Query.js',
       function: 'Query.EofPacket',
       line: 121,
       method: 'EofPacket',
       native: false },
     { column: 23,
       file: 'C:\\Users\\lee1\\WebstormProjects\\nodeJS\\gameview\\node_modules\\mysql\\lib\\protocol\\Protocol.js',
       function: 'Protocol._parsePacket',
       line: 280,
       method: '_parsePacket',
       native: false } ],
  stack: 
   [ 'Error: Can\'t set headers after they are sent.',
     '    at ServerResponse.OutgoingMessage.setHeader (_http_outgoing.js:356:11)',
     '    at ServerResponse.header (C:\\Users\\lee1\\WebstormProjects\\nodeJS\\gameview\\node_modules\\express\\lib\\response.js:719:10)',
     '    at ServerResponse.send (C:\\Users\\lee1\\WebstormProjects\\nodeJS\\gameview\\node_modules\\express\\lib\\response.js:164:12)',
     '    at ServerResponse.json (C:\\Users\\lee1\\WebstormProjects\\nodeJS\\gameview\\node_modules\\express\\lib\\response.js:250:15)',
     '    at C:\\Users\\lee1\\WebstormProjects\\nodeJS\\gameview\\routes\\reviews.js:57:13',
     '    at Query._callback (C:\\Users\\lee1\\WebstormProjects\\nodeJS\\gameview\\models\\review.js:98:25)',
     '    at Query.Sequence.end (C:\\Users\\lee1\\WebstormProjects\\nodeJS\\gameview\\node_modules\\mysql\\lib\\protocol\\sequences\\Sequence.js:86:24)',
     '    at Query._handleFinalResultPacket (C:\\Users\\lee1\\WebstormProjects\\nodeJS\\gameview\\node_modules\\mysql\\lib\\protocol\\sequences\\Query.js:137:8)',
     '    at Query.EofPacket (C:\\Users\\lee1\\WebstormProjects\\nodeJS\\gameview\\node_modules\\mysql\\lib\\protocol\\sequences\\Query.js:121:8)',
     '    at Protocol._parsePacket (C:\\Users\\lee1\\WebstormProjects\\nodeJS\\gameview\\node_modules\\mysql\\lib\\protocol\\Protocol.js:280:23)' ] }
2017-02-23T20:44:14+09:00 - error: uncaughtException: Can't set headers after they are sent. 
{ date: 'Thu Feb 23 2017 20:44:14 GMT+0900 (대한민국 표준시)',
  process: 
   { pid: 4500,
     uid: null,
     gid: null,
     cwd: 'C:\\Users\\lee1\\WebstormProjects\\nodeJS\\gameview',
     execPath: 'C:\\Program Files\\didimdol\\node.exe',
     version: 'v6.9.4',
     argv: 
      [ 'C:\\Program Files\\didimdol\\node.exe',
        'C:\\Users\\lee1\\WebstormProjects\\nodeJS\\gameview\\bin\\www' ],
     memoryUsage: { rss: 56770560, heapTotal: 31494144, heapUsed: 26055040 } },
  os: { loadavg: [ 0, 0, 0 ], uptime: 18864.8816928 },
  trace: 
   [ { column: 11,
       file: '_http_outgoing.js',
       function: 'ServerResponse.OutgoingMessage.setHeader',
       line: 356,
       method: 'OutgoingMessage.setHeader',
       native: false },
     { column: 10,
       file: 'C:\\Users\\lee1\\WebstormProjects\\nodeJS\\gameview\\node_modules\\express\\lib\\response.js',
       function: 'ServerResponse.header',
       line: 719,
       method: 'header',
       native: false },
     { column: 12,
       file: 'C:\\Users\\lee1\\WebstormProjects\\nodeJS\\gameview\\node_modules\\express\\lib\\response.js',
       function: 'ServerResponse.send',
       line: 164,
       method: 'send',
       native: false },
     { column: 15,
       file: 'C:\\Users\\lee1\\WebstormProjects\\nodeJS\\gameview\\node_modules\\express\\lib\\response.js',
       function: 'ServerResponse.json',
       line: 250,
       method: 'json',
       native: false },
     { column: 13,
       file: 'C:\\Users\\lee1\\WebstormProjects\\nodeJS\\gameview\\routes\\reviews.js',
       function: null,
       line: 57,
       method: null,
       native: false },
     { column: 25,
       file: 'C:\\Users\\lee1\\WebstormProjects\\nodeJS\\gameview\\models\\review.js',
       function: 'Query._callback',
       line: 98,
       method: '_callback',
       native: false },
     { column: 24,
       file: 'C:\\Users\\lee1\\WebstormProjects\\nodeJS\\gameview\\node_modules\\mysql\\lib\\protocol\\sequences\\Sequence.js',
       function: 'Query.Sequence.end',
       line: 86,
       method: 'Sequence.end',
       native: false },
     { column: 8,
       file: 'C:\\Users\\lee1\\WebstormProjects\\nodeJS\\gameview\\node_modules\\mysql\\lib\\protocol\\sequences\\Query.js',
       function: 'Query._handleFinalResultPacket',
       line: 137,
       method: '_handleFinalResultPacket',
       native: false },
     { column: 8,
       file: 'C:\\Users\\lee1\\WebstormProjects\\nodeJS\\gameview\\node_modules\\mysql\\lib\\protocol\\sequences\\Query.js',
       function: 'Query.EofPacket',
       line: 121,
       method: 'EofPacket',
       native: false },
     { column: 23,
       file: 'C:\\Users\\lee1\\WebstormProjects\\nodeJS\\gameview\\node_modules\\mysql\\lib\\protocol\\Protocol.js',
       function: 'Protocol._parsePacket',
       line: 280,
       method: '_parsePacket',
       native: false } ],
  stack: 
   [ 'Error: Can\'t set headers after they are sent.',
     '    at ServerResponse.OutgoingMessage.setHeader (_http_outgoing.js:356:11)',
     '    at ServerResponse.header (C:\\Users\\lee1\\WebstormProjects\\nodeJS\\gameview\\node_modules\\express\\lib\\response.js:719:10)',
     '    at ServerResponse.send (C:\\Users\\lee1\\WebstormProjects\\nodeJS\\gameview\\node_modules\\express\\lib\\response.js:164:12)',
     '    at ServerResponse.json (C:\\Users\\lee1\\WebstormProjects\\nodeJS\\gameview\\node_modules\\express\\lib\\response.js:250:15)',
     '    at C:\\Users\\lee1\\WebstormProjects\\nodeJS\\gameview\\routes\\reviews.js:57:13',
     '    at Query._callback (C:\\Users\\lee1\\WebstormProjects\\nodeJS\\gameview\\models\\review.js:98:25)',
     '    at Query.Sequence.end (C:\\Users\\lee1\\WebstormProjects\\nodeJS\\gameview\\node_modules\\mysql\\lib\\protocol\\sequences\\Sequence.js:86:24)',
     '    at Query._handleFinalResultPacket (C:\\Users\\lee1\\WebstormProjects\\nodeJS\\gameview\\node_modules\\mysql\\lib\\protocol\\sequences\\Query.js:137:8)',
     '    at Query.EofPacket (C:\\Users\\lee1\\WebstormProjects\\nodeJS\\gameview\\node_modules\\mysql\\lib\\protocol\\sequences\\Query.js:121:8)',
     '    at Protocol._parsePacket (C:\\Users\\lee1\\WebstormProjects\\nodeJS\\gameview\\node_modules\\mysql\\lib\\protocol\\Protocol.js:280:23)' ] }
2017-02-23T20:44:17+09:00 - error: uncaughtException: Can't set headers after they are sent. 
{ date: 'Thu Feb 23 2017 20:44:17 GMT+0900 (대한민국 표준시)',
  process: 
   { pid: 4500,
     uid: null,
     gid: null,
     cwd: 'C:\\Users\\lee1\\WebstormProjects\\nodeJS\\gameview',
     execPath: 'C:\\Program Files\\didimdol\\node.exe',
     version: 'v6.9.4',
     argv: 
      [ 'C:\\Program Files\\didimdol\\node.exe',
        'C:\\Users\\lee1\\WebstormProjects\\nodeJS\\gameview\\bin\\www' ],
     memoryUsage: { rss: 55984128, heapTotal: 32542720, heapUsed: 26137016 } },
  os: { loadavg: [ 0, 0, 0 ], uptime: 18868.1858524 },
  trace: 
   [ { column: 11,
       file: '_http_outgoing.js',
       function: 'ServerResponse.OutgoingMessage.setHeader',
       line: 356,
       method: 'OutgoingMessage.setHeader',
       native: false },
     { column: 10,
       file: 'C:\\Users\\lee1\\WebstormProjects\\nodeJS\\gameview\\node_modules\\express\\lib\\response.js',
       function: 'ServerResponse.header',
       line: 719,
       method: 'header',
       native: false },
     { column: 12,
       file: 'C:\\Users\\lee1\\WebstormProjects\\nodeJS\\gameview\\node_modules\\express\\lib\\response.js',
       function: 'ServerResponse.send',
       line: 164,
       method: 'send',
       native: false },
     { column: 15,
       file: 'C:\\Users\\lee1\\WebstormProjects\\nodeJS\\gameview\\node_modules\\express\\lib\\response.js',
       function: 'ServerResponse.json',
       line: 250,
       method: 'json',
       native: false },
     { column: 13,
       file: 'C:\\Users\\lee1\\WebstormProjects\\nodeJS\\gameview\\routes\\reviews.js',
       function: null,
       line: 57,
       method: null,
       native: false },
     { column: 25,
       file: 'C:\\Users\\lee1\\WebstormProjects\\nodeJS\\gameview\\models\\review.js',
       function: 'Query._callback',
       line: 98,
       method: '_callback',
       native: false },
     { column: 24,
       file: 'C:\\Users\\lee1\\WebstormProjects\\nodeJS\\gameview\\node_modules\\mysql\\lib\\protocol\\sequences\\Sequence.js',
       function: 'Query.Sequence.end',
       line: 86,
       method: 'Sequence.end',
       native: false },
     { column: 8,
       file: 'C:\\Users\\lee1\\WebstormProjects\\nodeJS\\gameview\\node_modules\\mysql\\lib\\protocol\\sequences\\Query.js',
       function: 'Query._handleFinalResultPacket',
       line: 137,
       method: '_handleFinalResultPacket',
       native: false },
     { column: 8,
       file: 'C:\\Users\\lee1\\WebstormProjects\\nodeJS\\gameview\\node_modules\\mysql\\lib\\protocol\\sequences\\Query.js',
       function: 'Query.EofPacket',
       line: 121,
       method: 'EofPacket',
       native: false },
     { column: 23,
       file: 'C:\\Users\\lee1\\WebstormProjects\\nodeJS\\gameview\\node_modules\\mysql\\lib\\protocol\\Protocol.js',
       function: 'Protocol._parsePacket',
       line: 280,
       method: '_parsePacket',
       native: false } ],
  stack: 
   [ 'Error: Can\'t set headers after they are sent.',
     '    at ServerResponse.OutgoingMessage.setHeader (_http_outgoing.js:356:11)',
     '    at ServerResponse.header (C:\\Users\\lee1\\WebstormProjects\\nodeJS\\gameview\\node_modules\\express\\lib\\response.js:719:10)',
     '    at ServerResponse.send (C:\\Users\\lee1\\WebstormProjects\\nodeJS\\gameview\\node_modules\\express\\lib\\response.js:164:12)',
     '    at ServerResponse.json (C:\\Users\\lee1\\WebstormProjects\\nodeJS\\gameview\\node_modules\\express\\lib\\response.js:250:15)',
     '    at C:\\Users\\lee1\\WebstormProjects\\nodeJS\\gameview\\routes\\reviews.js:57:13',
     '    at Query._callback (C:\\Users\\lee1\\WebstormProjects\\nodeJS\\gameview\\models\\review.js:98:25)',
     '    at Query.Sequence.end (C:\\Users\\lee1\\WebstormProjects\\nodeJS\\gameview\\node_modules\\mysql\\lib\\protocol\\sequences\\Sequence.js:86:24)',
     '    at Query._handleFinalResultPacket (C:\\Users\\lee1\\WebstormProjects\\nodeJS\\gameview\\node_modules\\mysql\\lib\\protocol\\sequences\\Query.js:137:8)',
     '    at Query.EofPacket (C:\\Users\\lee1\\WebstormProjects\\nodeJS\\gameview\\node_modules\\mysql\\lib\\protocol\\sequences\\Query.js:121:8)',
     '    at Protocol._parsePacket (C:\\Users\\lee1\\WebstormProjects\\nodeJS\\gameview\\node_modules\\mysql\\lib\\protocol\\Protocol.js:280:23)' ] }
2017-02-23T20:45:32+09:00 - error: uncaughtException: Can't set headers after they are sent. 
{ date: 'Thu Feb 23 2017 20:45:32 GMT+0900 (대한민국 표준시)',
  process: 
   { pid: 4500,
     uid: null,
     gid: null,
     cwd: 'C:\\Users\\lee1\\WebstormProjects\\nodeJS\\gameview',
     execPath: 'C:\\Program Files\\didimdol\\node.exe',
     version: 'v6.9.4',
     argv: 
      [ 'C:\\Program Files\\didimdol\\node.exe',
        'C:\\Users\\lee1\\WebstormProjects\\nodeJS\\gameview\\bin\\www' ],
     memoryUsage: { rss: 48136192, heapTotal: 30445568, heapUsed: 23969688 } },
  os: { loadavg: [ 0, 0, 0 ], uptime: 18942.7804643 },
  trace: 
   [ { column: 11,
       file: '_http_outgoing.js',
       function: 'ServerResponse.OutgoingMessage.setHeader',
       line: 356,
       method: 'OutgoingMessage.setHeader',
       native: false },
     { column: 10,
       file: 'C:\\Users\\lee1\\WebstormProjects\\nodeJS\\gameview\\node_modules\\express\\lib\\response.js',
       function: 'ServerResponse.header',
       line: 719,
       method: 'header',
       native: false },
     { column: 12,
       file: 'C:\\Users\\lee1\\WebstormProjects\\nodeJS\\gameview\\node_modules\\express\\lib\\response.js',
       function: 'ServerResponse.send',
       line: 164,
       method: 'send',
       native: false },
     { column: 15,
       file: 'C:\\Users\\lee1\\WebstormProjects\\nodeJS\\gameview\\node_modules\\express\\lib\\response.js',
       function: 'ServerResponse.json',
       line: 250,
       method: 'json',
       native: false },
     { column: 13,
       file: 'C:\\Users\\lee1\\WebstormProjects\\nodeJS\\gameview\\routes\\reviews.js',
       function: null,
       line: 57,
       method: null,
       native: false },
     { column: 25,
       file: 'C:\\Users\\lee1\\WebstormProjects\\nodeJS\\gameview\\models\\review.js',
       function: 'Query._callback',
       line: 98,
       method: '_callback',
       native: false },
     { column: 24,
       file: 'C:\\Users\\lee1\\WebstormProjects\\nodeJS\\gameview\\node_modules\\mysql\\lib\\protocol\\sequences\\Sequence.js',
       function: 'Query.Sequence.end',
       line: 86,
       method: 'Sequence.end',
       native: false },
     { column: 8,
       file: 'C:\\Users\\lee1\\WebstormProjects\\nodeJS\\gameview\\node_modules\\mysql\\lib\\protocol\\sequences\\Query.js',
       function: 'Query._handleFinalResultPacket',
       line: 137,
       method: '_handleFinalResultPacket',
       native: false },
     { column: 8,
       file: 'C:\\Users\\lee1\\WebstormProjects\\nodeJS\\gameview\\node_modules\\mysql\\lib\\protocol\\sequences\\Query.js',
       function: 'Query.EofPacket',
       line: 121,
       method: 'EofPacket',
       native: false },
     { column: 23,
       file: 'C:\\Users\\lee1\\WebstormProjects\\nodeJS\\gameview\\node_modules\\mysql\\lib\\protocol\\Protocol.js',
       function: 'Protocol._parsePacket',
       line: 280,
       method: '_parsePacket',
       native: false } ],
  stack: 
   [ 'Error: Can\'t set headers after they are sent.',
     '    at ServerResponse.OutgoingMessage.setHeader (_http_outgoing.js:356:11)',
     '    at ServerResponse.header (C:\\Users\\lee1\\WebstormProjects\\nodeJS\\gameview\\node_modules\\express\\lib\\response.js:719:10)',
     '    at ServerResponse.send (C:\\Users\\lee1\\WebstormProjects\\nodeJS\\gameview\\node_modules\\express\\lib\\response.js:164:12)',
     '    at ServerResponse.json (C:\\Users\\lee1\\WebstormProjects\\nodeJS\\gameview\\node_modules\\express\\lib\\response.js:250:15)',
     '    at C:\\Users\\lee1\\WebstormProjects\\nodeJS\\gameview\\routes\\reviews.js:57:13',
     '    at Query._callback (C:\\Users\\lee1\\WebstormProjects\\nodeJS\\gameview\\models\\review.js:98:25)',
     '    at Query.Sequence.end (C:\\Users\\lee1\\WebstormProjects\\nodeJS\\gameview\\node_modules\\mysql\\lib\\protocol\\sequences\\Sequence.js:86:24)',
     '    at Query._handleFinalResultPacket (C:\\Users\\lee1\\WebstormProjects\\nodeJS\\gameview\\node_modules\\mysql\\lib\\protocol\\sequences\\Query.js:137:8)',
     '    at Query.EofPacket (C:\\Users\\lee1\\WebstormProjects\\nodeJS\\gameview\\node_modules\\mysql\\lib\\protocol\\sequences\\Query.js:121:8)',
     '    at Protocol._parsePacket (C:\\Users\\lee1\\WebstormProjects\\nodeJS\\gameview\\node_modules\\mysql\\lib\\protocol\\Protocol.js:280:23)' ] }
2017-02-23T20:52:28+09:00 - error: uncaughtException: Can't set headers after they are sent. 
{ date: 'Thu Feb 23 2017 20:52:28 GMT+0900 (대한민국 표준시)',
  process: 
   { pid: 4500,
     uid: null,
     gid: null,
     cwd: 'C:\\Users\\lee1\\WebstormProjects\\nodeJS\\gameview',
     execPath: 'C:\\Program Files\\didimdol\\node.exe',
     version: 'v6.9.4',
     argv: 
      [ 'C:\\Program Files\\didimdol\\node.exe',
        'C:\\Users\\lee1\\WebstormProjects\\nodeJS\\gameview\\bin\\www' ],
     memoryUsage: { rss: 41058304, heapTotal: 31494144, heapUsed: 24447536 } },
  os: { loadavg: [ 0, 0, 0 ], uptime: 19359.2206998 },
  trace: 
   [ { column: 11,
       file: '_http_outgoing.js',
       function: 'ServerResponse.OutgoingMessage.setHeader',
       line: 356,
       method: 'OutgoingMessage.setHeader',
       native: false },
     { column: 10,
       file: 'C:\\Users\\lee1\\WebstormProjects\\nodeJS\\gameview\\node_modules\\express\\lib\\response.js',
       function: 'ServerResponse.header',
       line: 719,
       method: 'header',
       native: false },
     { column: 12,
       file: 'C:\\Users\\lee1\\WebstormProjects\\nodeJS\\gameview\\node_modules\\express\\lib\\response.js',
       function: 'ServerResponse.send',
       line: 164,
       method: 'send',
       native: false },
     { column: 15,
       file: 'C:\\Users\\lee1\\WebstormProjects\\nodeJS\\gameview\\node_modules\\express\\lib\\response.js',
       function: 'ServerResponse.json',
       line: 250,
       method: 'json',
       native: false },
     { column: 13,
       file: 'C:\\Users\\lee1\\WebstormProjects\\nodeJS\\gameview\\routes\\reviews.js',
       function: null,
       line: 57,
       method: null,
       native: false },
     { column: 25,
       file: 'C:\\Users\\lee1\\WebstormProjects\\nodeJS\\gameview\\models\\review.js',
       function: 'Query._callback',
       line: 98,
       method: '_callback',
       native: false },
     { column: 24,
       file: 'C:\\Users\\lee1\\WebstormProjects\\nodeJS\\gameview\\node_modules\\mysql\\lib\\protocol\\sequences\\Sequence.js',
       function: 'Query.Sequence.end',
       line: 86,
       method: 'Sequence.end',
       native: false },
     { column: 8,
       file: 'C:\\Users\\lee1\\WebstormProjects\\nodeJS\\gameview\\node_modules\\mysql\\lib\\protocol\\sequences\\Query.js',
       function: 'Query._handleFinalResultPacket',
       line: 137,
       method: '_handleFinalResultPacket',
       native: false },
     { column: 8,
       file: 'C:\\Users\\lee1\\WebstormProjects\\nodeJS\\gameview\\node_modules\\mysql\\lib\\protocol\\sequences\\Query.js',
       function: 'Query.EofPacket',
       line: 121,
       method: 'EofPacket',
       native: false },
     { column: 23,
       file: 'C:\\Users\\lee1\\WebstormProjects\\nodeJS\\gameview\\node_modules\\mysql\\lib\\protocol\\Protocol.js',
       function: 'Protocol._parsePacket',
       line: 280,
       method: '_parsePacket',
       native: false } ],
  stack: 
   [ 'Error: Can\'t set headers after they are sent.',
     '    at ServerResponse.OutgoingMessage.setHeader (_http_outgoing.js:356:11)',
     '    at ServerResponse.header (C:\\Users\\lee1\\WebstormProjects\\nodeJS\\gameview\\node_modules\\express\\lib\\response.js:719:10)',
     '    at ServerResponse.send (C:\\Users\\lee1\\WebstormProjects\\nodeJS\\gameview\\node_modules\\express\\lib\\response.js:164:12)',
     '    at ServerResponse.json (C:\\Users\\lee1\\WebstormProjects\\nodeJS\\gameview\\node_modules\\express\\lib\\response.js:250:15)',
     '    at C:\\Users\\lee1\\WebstormProjects\\nodeJS\\gameview\\routes\\reviews.js:57:13',
     '    at Query._callback (C:\\Users\\lee1\\WebstormProjects\\nodeJS\\gameview\\models\\review.js:98:25)',
     '    at Query.Sequence.end (C:\\Users\\lee1\\WebstormProjects\\nodeJS\\gameview\\node_modules\\mysql\\lib\\protocol\\sequences\\Sequence.js:86:24)',
     '    at Query._handleFinalResultPacket (C:\\Users\\lee1\\WebstormProjects\\nodeJS\\gameview\\node_modules\\mysql\\lib\\protocol\\sequences\\Query.js:137:8)',
     '    at Query.EofPacket (C:\\Users\\lee1\\WebstormProjects\\nodeJS\\gameview\\node_modules\\mysql\\lib\\protocol\\sequences\\Query.js:121:8)',
     '    at Protocol._parsePacket (C:\\Users\\lee1\\WebstormProjects\\nodeJS\\gameview\\node_modules\\mysql\\lib\\protocol\\Protocol.js:280:23)' ] }
2017-02-23T20:52:31+09:00 - error: uncaughtException: Can't set headers after they are sent. 
{ date: 'Thu Feb 23 2017 20:52:31 GMT+0900 (대한민국 표준시)',
  process: 
   { pid: 4500,
     uid: null,
     gid: null,
     cwd: 'C:\\Users\\lee1\\WebstormProjects\\nodeJS\\gameview',
     execPath: 'C:\\Program Files\\didimdol\\node.exe',
     version: 'v6.9.4',
     argv: 
      [ 'C:\\Program Files\\didimdol\\node.exe',
        'C:\\Users\\lee1\\WebstormProjects\\nodeJS\\gameview\\bin\\www' ],
     memoryUsage: { rss: 41762816, heapTotal: 31494144, heapUsed: 24514480 } },
  os: { loadavg: [ 0, 0, 0 ], uptime: 19361.6760072 },
  trace: 
   [ { column: 11,
       file: '_http_outgoing.js',
       function: 'ServerResponse.OutgoingMessage.setHeader',
       line: 356,
       method: 'OutgoingMessage.setHeader',
       native: false },
     { column: 10,
       file: 'C:\\Users\\lee1\\WebstormProjects\\nodeJS\\gameview\\node_modules\\express\\lib\\response.js',
       function: 'ServerResponse.header',
       line: 719,
       method: 'header',
       native: false },
     { column: 12,
       file: 'C:\\Users\\lee1\\WebstormProjects\\nodeJS\\gameview\\node_modules\\express\\lib\\response.js',
       function: 'ServerResponse.send',
       line: 164,
       method: 'send',
       native: false },
     { column: 15,
       file: 'C:\\Users\\lee1\\WebstormProjects\\nodeJS\\gameview\\node_modules\\express\\lib\\response.js',
       function: 'ServerResponse.json',
       line: 250,
       method: 'json',
       native: false },
     { column: 13,
       file: 'C:\\Users\\lee1\\WebstormProjects\\nodeJS\\gameview\\routes\\reviews.js',
       function: null,
       line: 57,
       method: null,
       native: false },
     { column: 25,
       file: 'C:\\Users\\lee1\\WebstormProjects\\nodeJS\\gameview\\models\\review.js',
       function: 'Query._callback',
       line: 98,
       method: '_callback',
       native: false },
     { column: 24,
       file: 'C:\\Users\\lee1\\WebstormProjects\\nodeJS\\gameview\\node_modules\\mysql\\lib\\protocol\\sequences\\Sequence.js',
       function: 'Query.Sequence.end',
       line: 86,
       method: 'Sequence.end',
       native: false },
     { column: 8,
       file: 'C:\\Users\\lee1\\WebstormProjects\\nodeJS\\gameview\\node_modules\\mysql\\lib\\protocol\\sequences\\Query.js',
       function: 'Query._handleFinalResultPacket',
       line: 137,
       method: '_handleFinalResultPacket',
       native: false },
     { column: 8,
       file: 'C:\\Users\\lee1\\WebstormProjects\\nodeJS\\gameview\\node_modules\\mysql\\lib\\protocol\\sequences\\Query.js',
       function: 'Query.EofPacket',
       line: 121,
       method: 'EofPacket',
       native: false },
     { column: 23,
       file: 'C:\\Users\\lee1\\WebstormProjects\\nodeJS\\gameview\\node_modules\\mysql\\lib\\protocol\\Protocol.js',
       function: 'Protocol._parsePacket',
       line: 280,
       method: '_parsePacket',
       native: false } ],
  stack: 
   [ 'Error: Can\'t set headers after they are sent.',
     '    at ServerResponse.OutgoingMessage.setHeader (_http_outgoing.js:356:11)',
     '    at ServerResponse.header (C:\\Users\\lee1\\WebstormProjects\\nodeJS\\gameview\\node_modules\\express\\lib\\response.js:719:10)',
     '    at ServerResponse.send (C:\\Users\\lee1\\WebstormProjects\\nodeJS\\gameview\\node_modules\\express\\lib\\response.js:164:12)',
     '    at ServerResponse.json (C:\\Users\\lee1\\WebstormProjects\\nodeJS\\gameview\\node_modules\\express\\lib\\response.js:250:15)',
     '    at C:\\Users\\lee1\\WebstormProjects\\nodeJS\\gameview\\routes\\reviews.js:57:13',
     '    at Query._callback (C:\\Users\\lee1\\WebstormProjects\\nodeJS\\gameview\\models\\review.js:98:25)',
     '    at Query.Sequence.end (C:\\Users\\lee1\\WebstormProjects\\nodeJS\\gameview\\node_modules\\mysql\\lib\\protocol\\sequences\\Sequence.js:86:24)',
     '    at Query._handleFinalResultPacket (C:\\Users\\lee1\\WebstormProjects\\nodeJS\\gameview\\node_modules\\mysql\\lib\\protocol\\sequences\\Query.js:137:8)',
     '    at Query.EofPacket (C:\\Users\\lee1\\WebstormProjects\\nodeJS\\gameview\\node_modules\\mysql\\lib\\protocol\\sequences\\Query.js:121:8)',
     '    at Protocol._parsePacket (C:\\Users\\lee1\\WebstormProjects\\nodeJS\\gameview\\node_modules\\mysql\\lib\\protocol\\Protocol.js:280:23)' ] }
2017-02-23T20:52:32+09:00 - error: uncaughtException: Can't set headers after they are sent. 
{ date: 'Thu Feb 23 2017 20:52:32 GMT+0900 (대한민국 표준시)',
  process: 
   { pid: 4500,
     uid: null,
     gid: null,
     cwd: 'C:\\Users\\lee1\\WebstormProjects\\nodeJS\\gameview',
     execPath: 'C:\\Program Files\\didimdol\\node.exe',
     version: 'v6.9.4',
     argv: 
      [ 'C:\\Program Files\\didimdol\\node.exe',
        'C:\\Users\\lee1\\WebstormProjects\\nodeJS\\gameview\\bin\\www' ],
     memoryUsage: { rss: 42758144, heapTotal: 31494144, heapUsed: 24538240 } },
  os: { loadavg: [ 0, 0, 0 ], uptime: 19363.3373151 },
  trace: 
   [ { column: 11,
       file: '_http_outgoing.js',
       function: 'ServerResponse.OutgoingMessage.setHeader',
       line: 356,
       method: 'OutgoingMessage.setHeader',
       native: false },
     { column: 10,
       file: 'C:\\Users\\lee1\\WebstormProjects\\nodeJS\\gameview\\node_modules\\express\\lib\\response.js',
       function: 'ServerResponse.header',
       line: 719,
       method: 'header',
       native: false },
     { column: 12,
       file: 'C:\\Users\\lee1\\WebstormProjects\\nodeJS\\gameview\\node_modules\\express\\lib\\response.js',
       function: 'ServerResponse.send',
       line: 164,
       method: 'send',
       native: false },
     { column: 15,
       file: 'C:\\Users\\lee1\\WebstormProjects\\nodeJS\\gameview\\node_modules\\express\\lib\\response.js',
       function: 'ServerResponse.json',
       line: 250,
       method: 'json',
       native: false },
     { column: 13,
       file: 'C:\\Users\\lee1\\WebstormProjects\\nodeJS\\gameview\\routes\\reviews.js',
       function: null,
       line: 57,
       method: null,
       native: false },
     { column: 25,
       file: 'C:\\Users\\lee1\\WebstormProjects\\nodeJS\\gameview\\models\\review.js',
       function: 'Query._callback',
       line: 98,
       method: '_callback',
       native: false },
     { column: 24,
       file: 'C:\\Users\\lee1\\WebstormProjects\\nodeJS\\gameview\\node_modules\\mysql\\lib\\protocol\\sequences\\Sequence.js',
       function: 'Query.Sequence.end',
       line: 86,
       method: 'Sequence.end',
       native: false },
     { column: 8,
       file: 'C:\\Users\\lee1\\WebstormProjects\\nodeJS\\gameview\\node_modules\\mysql\\lib\\protocol\\sequences\\Query.js',
       function: 'Query._handleFinalResultPacket',
       line: 137,
       method: '_handleFinalResultPacket',
       native: false },
     { column: 8,
       file: 'C:\\Users\\lee1\\WebstormProjects\\nodeJS\\gameview\\node_modules\\mysql\\lib\\protocol\\sequences\\Query.js',
       function: 'Query.EofPacket',
       line: 121,
       method: 'EofPacket',
       native: false },
     { column: 23,
       file: 'C:\\Users\\lee1\\WebstormProjects\\nodeJS\\gameview\\node_modules\\mysql\\lib\\protocol\\Protocol.js',
       function: 'Protocol._parsePacket',
       line: 280,
       method: '_parsePacket',
       native: false } ],
  stack: 
   [ 'Error: Can\'t set headers after they are sent.',
     '    at ServerResponse.OutgoingMessage.setHeader (_http_outgoing.js:356:11)',
     '    at ServerResponse.header (C:\\Users\\lee1\\WebstormProjects\\nodeJS\\gameview\\node_modules\\express\\lib\\response.js:719:10)',
     '    at ServerResponse.send (C:\\Users\\lee1\\WebstormProjects\\nodeJS\\gameview\\node_modules\\express\\lib\\response.js:164:12)',
     '    at ServerResponse.json (C:\\Users\\lee1\\WebstormProjects\\nodeJS\\gameview\\node_modules\\express\\lib\\response.js:250:15)',
     '    at C:\\Users\\lee1\\WebstormProjects\\nodeJS\\gameview\\routes\\reviews.js:57:13',
     '    at Query._callback (C:\\Users\\lee1\\WebstormProjects\\nodeJS\\gameview\\models\\review.js:98:25)',
     '    at Query.Sequence.end (C:\\Users\\lee1\\WebstormProjects\\nodeJS\\gameview\\node_modules\\mysql\\lib\\protocol\\sequences\\Sequence.js:86:24)',
     '    at Query._handleFinalResultPacket (C:\\Users\\lee1\\WebstormProjects\\nodeJS\\gameview\\node_modules\\mysql\\lib\\protocol\\sequences\\Query.js:137:8)',
     '    at Query.EofPacket (C:\\Users\\lee1\\WebstormProjects\\nodeJS\\gameview\\node_modules\\mysql\\lib\\protocol\\sequences\\Query.js:121:8)',
     '    at Protocol._parsePacket (C:\\Users\\lee1\\WebstormProjects\\nodeJS\\gameview\\node_modules\\mysql\\lib\\protocol\\Protocol.js:280:23)' ] }
2017-02-23T20:52:35+09:00 - error: uncaughtException: Can't set headers after they are sent. 
{ date: 'Thu Feb 23 2017 20:52:35 GMT+0900 (대한민국 표준시)',
  process: 
   { pid: 4500,
     uid: null,
     gid: null,
     cwd: 'C:\\Users\\lee1\\WebstormProjects\\nodeJS\\gameview',
     execPath: 'C:\\Program Files\\didimdol\\node.exe',
     version: 'v6.9.4',
     argv: 
      [ 'C:\\Program Files\\didimdol\\node.exe',
        'C:\\Users\\lee1\\WebstormProjects\\nodeJS\\gameview\\bin\\www' ],
     memoryUsage: { rss: 43556864, heapTotal: 31494144, heapUsed: 25336776 } },
  os: { loadavg: [ 0, 0, 0 ], uptime: 19366.0134045 },
  trace: 
   [ { column: 11,
       file: '_http_outgoing.js',
       function: 'ServerResponse.OutgoingMessage.setHeader',
       line: 356,
       method: 'OutgoingMessage.setHeader',
       native: false },
     { column: 10,
       file: 'C:\\Users\\lee1\\WebstormProjects\\nodeJS\\gameview\\node_modules\\express\\lib\\response.js',
       function: 'ServerResponse.header',
       line: 719,
       method: 'header',
       native: false },
     { column: 12,
       file: 'C:\\Users\\lee1\\WebstormProjects\\nodeJS\\gameview\\node_modules\\express\\lib\\response.js',
       function: 'ServerResponse.send',
       line: 164,
       method: 'send',
       native: false },
     { column: 15,
       file: 'C:\\Users\\lee1\\WebstormProjects\\nodeJS\\gameview\\node_modules\\express\\lib\\response.js',
       function: 'ServerResponse.json',
       line: 250,
       method: 'json',
       native: false },
     { column: 13,
       file: 'C:\\Users\\lee1\\WebstormProjects\\nodeJS\\gameview\\routes\\reviews.js',
       function: null,
       line: 57,
       method: null,
       native: false },
     { column: 25,
       file: 'C:\\Users\\lee1\\WebstormProjects\\nodeJS\\gameview\\models\\review.js',
       function: 'Query._callback',
       line: 98,
       method: '_callback',
       native: false },
     { column: 24,
       file: 'C:\\Users\\lee1\\WebstormProjects\\nodeJS\\gameview\\node_modules\\mysql\\lib\\protocol\\sequences\\Sequence.js',
       function: 'Query.Sequence.end',
       line: 86,
       method: 'Sequence.end',
       native: false },
     { column: 8,
       file: 'C:\\Users\\lee1\\WebstormProjects\\nodeJS\\gameview\\node_modules\\mysql\\lib\\protocol\\sequences\\Query.js',
       function: 'Query._handleFinalResultPacket',
       line: 137,
       method: '_handleFinalResultPacket',
       native: false },
     { column: 8,
       file: 'C:\\Users\\lee1\\WebstormProjects\\nodeJS\\gameview\\node_modules\\mysql\\lib\\protocol\\sequences\\Query.js',
       function: 'Query.EofPacket',
       line: 121,
       method: 'EofPacket',
       native: false },
     { column: 23,
       file: 'C:\\Users\\lee1\\WebstormProjects\\nodeJS\\gameview\\node_modules\\mysql\\lib\\protocol\\Protocol.js',
       function: 'Protocol._parsePacket',
       line: 280,
       method: '_parsePacket',
       native: false } ],
  stack: 
   [ 'Error: Can\'t set headers after they are sent.',
     '    at ServerResponse.OutgoingMessage.setHeader (_http_outgoing.js:356:11)',
     '    at ServerResponse.header (C:\\Users\\lee1\\WebstormProjects\\nodeJS\\gameview\\node_modules\\express\\lib\\response.js:719:10)',
     '    at ServerResponse.send (C:\\Users\\lee1\\WebstormProjects\\nodeJS\\gameview\\node_modules\\express\\lib\\response.js:164:12)',
     '    at ServerResponse.json (C:\\Users\\lee1\\WebstormProjects\\nodeJS\\gameview\\node_modules\\express\\lib\\response.js:250:15)',
     '    at C:\\Users\\lee1\\WebstormProjects\\nodeJS\\gameview\\routes\\reviews.js:57:13',
     '    at Query._callback (C:\\Users\\lee1\\WebstormProjects\\nodeJS\\gameview\\models\\review.js:98:25)',
     '    at Query.Sequence.end (C:\\Users\\lee1\\WebstormProjects\\nodeJS\\gameview\\node_modules\\mysql\\lib\\protocol\\sequences\\Sequence.js:86:24)',
     '    at Query._handleFinalResultPacket (C:\\Users\\lee1\\WebstormProjects\\nodeJS\\gameview\\node_modules\\mysql\\lib\\protocol\\sequences\\Query.js:137:8)',
     '    at Query.EofPacket (C:\\Users\\lee1\\WebstormProjects\\nodeJS\\gameview\\node_modules\\mysql\\lib\\protocol\\sequences\\Query.js:121:8)',
     '    at Protocol._parsePacket (C:\\Users\\lee1\\WebstormProjects\\nodeJS\\gameview\\node_modules\\mysql\\lib\\protocol\\Protocol.js:280:23)' ] }
2017-02-23T20:56:46+09:00 - error: uncaughtException: Can't set headers after they are sent. 
{ date: 'Thu Feb 23 2017 20:56:46 GMT+0900 (대한민국 표준시)',
  process: 
   { pid: 4500,
     uid: null,
     gid: null,
     cwd: 'C:\\Users\\lee1\\WebstormProjects\\nodeJS\\gameview',
     execPath: 'C:\\Program Files\\didimdol\\node.exe',
     version: 'v6.9.4',
     argv: 
      [ 'C:\\Program Files\\didimdol\\node.exe',
        'C:\\Users\\lee1\\WebstormProjects\\nodeJS\\gameview\\bin\\www' ],
     memoryUsage: { rss: 50888704, heapTotal: 33591296, heapUsed: 26784600 } },
  os: { loadavg: [ 0, 0, 0 ], uptime: 19617.3876334 },
  trace: 
   [ { column: 11,
       file: '_http_outgoing.js',
       function: 'ServerResponse.OutgoingMessage.setHeader',
       line: 356,
       method: 'OutgoingMessage.setHeader',
       native: false },
     { column: 10,
       file: 'C:\\Users\\lee1\\WebstormProjects\\nodeJS\\gameview\\node_modules\\express\\lib\\response.js',
       function: 'ServerResponse.header',
       line: 719,
       method: 'header',
       native: false },
     { column: 12,
       file: 'C:\\Users\\lee1\\WebstormProjects\\nodeJS\\gameview\\node_modules\\express\\lib\\response.js',
       function: 'ServerResponse.send',
       line: 164,
       method: 'send',
       native: false },
     { column: 15,
       file: 'C:\\Users\\lee1\\WebstormProjects\\nodeJS\\gameview\\node_modules\\express\\lib\\response.js',
       function: 'ServerResponse.json',
       line: 250,
       method: 'json',
       native: false },
     { column: 13,
       file: 'C:\\Users\\lee1\\WebstormProjects\\nodeJS\\gameview\\routes\\reviews.js',
       function: null,
       line: 57,
       method: null,
       native: false },
     { column: 25,
       file: 'C:\\Users\\lee1\\WebstormProjects\\nodeJS\\gameview\\models\\review.js',
       function: 'Query._callback',
       line: 98,
       method: '_callback',
       native: false },
     { column: 24,
       file: 'C:\\Users\\lee1\\WebstormProjects\\nodeJS\\gameview\\node_modules\\mysql\\lib\\protocol\\sequences\\Sequence.js',
       function: 'Query.Sequence.end',
       line: 86,
       method: 'Sequence.end',
       native: false },
     { column: 8,
       file: 'C:\\Users\\lee1\\WebstormProjects\\nodeJS\\gameview\\node_modules\\mysql\\lib\\protocol\\sequences\\Query.js',
       function: 'Query._handleFinalResultPacket',
       line: 137,
       method: '_handleFinalResultPacket',
       native: false },
     { column: 8,
       file: 'C:\\Users\\lee1\\WebstormProjects\\nodeJS\\gameview\\node_modules\\mysql\\lib\\protocol\\sequences\\Query.js',
       function: 'Query.EofPacket',
       line: 121,
       method: 'EofPacket',
       native: false },
     { column: 23,
       file: 'C:\\Users\\lee1\\WebstormProjects\\nodeJS\\gameview\\node_modules\\mysql\\lib\\protocol\\Protocol.js',
       function: 'Protocol._parsePacket',
       line: 280,
       method: '_parsePacket',
       native: false } ],
  stack: 
   [ 'Error: Can\'t set headers after they are sent.',
     '    at ServerResponse.OutgoingMessage.setHeader (_http_outgoing.js:356:11)',
     '    at ServerResponse.header (C:\\Users\\lee1\\WebstormProjects\\nodeJS\\gameview\\node_modules\\express\\lib\\response.js:719:10)',
     '    at ServerResponse.send (C:\\Users\\lee1\\WebstormProjects\\nodeJS\\gameview\\node_modules\\express\\lib\\response.js:164:12)',
     '    at ServerResponse.json (C:\\Users\\lee1\\WebstormProjects\\nodeJS\\gameview\\node_modules\\express\\lib\\response.js:250:15)',
     '    at C:\\Users\\lee1\\WebstormProjects\\nodeJS\\gameview\\routes\\reviews.js:57:13',
     '    at Query._callback (C:\\Users\\lee1\\WebstormProjects\\nodeJS\\gameview\\models\\review.js:98:25)',
     '    at Query.Sequence.end (C:\\Users\\lee1\\WebstormProjects\\nodeJS\\gameview\\node_modules\\mysql\\lib\\protocol\\sequences\\Sequence.js:86:24)',
     '    at Query._handleFinalResultPacket (C:\\Users\\lee1\\WebstormProjects\\nodeJS\\gameview\\node_modules\\mysql\\lib\\protocol\\sequences\\Query.js:137:8)',
     '    at Query.EofPacket (C:\\Users\\lee1\\WebstormProjects\\nodeJS\\gameview\\node_modules\\mysql\\lib\\protocol\\sequences\\Query.js:121:8)',
     '    at Protocol._parsePacket (C:\\Users\\lee1\\WebstormProjects\\nodeJS\\gameview\\node_modules\\mysql\\lib\\protocol\\Protocol.js:280:23)' ] }
