2017-02-23T16:39:32+09:00 - error: uncaughtException: Can't set headers after they are sent. 
{ date: 'Thu Feb 23 2017 16:39:32 GMT+0900 (대한민국 표준시)',
  process: 
   { pid: 7512,
     uid: null,
     gid: null,
     cwd: 'C:\\Users\\lee1\\WebstormProjects\\nodeJS\\gameview',
     execPath: 'C:\\Program Files\\didimdol\\node.exe',
     version: 'v6.9.4',
     argv: 
      [ 'C:\\Program Files\\didimdol\\node.exe',
        'C:\\Users\\lee1\\WebstormProjects\\nodeJS\\gameview\\bin\\www' ],
     memoryUsage: { rss: 64110592, heapTotal: 59805696, heapUsed: 35223664 } },
  os: { loadavg: [ 0, 0, 0 ], uptime: 4183.273515 },
  trace: 
   [ { column: 11,
       file: '_http_outgoing.js',
       function: 'ServerResponse.OutgoingMessage.setHeader',
       line: 356,
       method: 'OutgoingMessage.setHeader',
       native: false },
     { column: 10,
       file: 'C:\\Users\\lee1\\WebstormProjects\\nodeJS\\gameview\\node_modules\\express\\lib\\response.js',
       function: 'ServerResponse.header',
       line: 719,
       method: 'header',
       native: false },
     { column: 12,
       file: 'C:\\Users\\lee1\\WebstormProjects\\nodeJS\\gameview\\node_modules\\express\\lib\\response.js',
       function: 'ServerResponse.send',
       line: 164,
       method: 'send',
       native: false },
     { column: 15,
       file: 'C:\\Users\\lee1\\WebstormProjects\\nodeJS\\gameview\\node_modules\\express\\lib\\response.js',
       function: 'ServerResponse.json',
       line: 250,
       method: 'json',
       native: false },
     { column: 13,
       file: 'C:\\Users\\lee1\\WebstormProjects\\nodeJS\\gameview\\routes\\reviews.js',
       function: null,
       line: 57,
       method: null,
       native: false },
     { column: 25,
       file: 'C:\\Users\\lee1\\WebstormProjects\\nodeJS\\gameview\\models\\review.js',
       function: 'Query._callback',
       line: 70,
       method: '_callback',
       native: false },
     { column: 24,
       file: 'C:\\Users\\lee1\\WebstormProjects\\nodeJS\\gameview\\node_modules\\mysql\\lib\\protocol\\sequences\\Sequence.js',
       function: 'Query.Sequence.end',
       line: 86,
       method: 'Sequence.end',
       native: false },
     { column: 8,
       file: 'C:\\Users\\lee1\\WebstormProjects\\nodeJS\\gameview\\node_modules\\mysql\\lib\\protocol\\sequences\\Query.js',
       function: 'Query._handleFinalResultPacket',
       line: 137,
       method: '_handleFinalResultPacket',
       native: false },
     { column: 8,
       file: 'C:\\Users\\lee1\\WebstormProjects\\nodeJS\\gameview\\node_modules\\mysql\\lib\\protocol\\sequences\\Query.js',
       function: 'Query.EofPacket',
       line: 121,
       method: 'EofPacket',
       native: false },
     { column: 23,
       file: 'C:\\Users\\lee1\\WebstormProjects\\nodeJS\\gameview\\node_modules\\mysql\\lib\\protocol\\Protocol.js',
       function: 'Protocol._parsePacket',
       line: 280,
       method: '_parsePacket',
       native: false } ],
  stack: 
   [ 'Error: Can\'t set headers after they are sent.',
     '    at ServerResponse.OutgoingMessage.setHeader (_http_outgoing.js:356:11)',
     '    at ServerResponse.header (C:\\Users\\lee1\\WebstormProjects\\nodeJS\\gameview\\node_modules\\express\\lib\\response.js:719:10)',
     '    at ServerResponse.send (C:\\Users\\lee1\\WebstormProjects\\nodeJS\\gameview\\node_modules\\express\\lib\\response.js:164:12)',
     '    at ServerResponse.json (C:\\Users\\lee1\\WebstormProjects\\nodeJS\\gameview\\node_modules\\express\\lib\\response.js:250:15)',
     '    at C:\\Users\\lee1\\WebstormProjects\\nodeJS\\gameview\\routes\\reviews.js:57:13',
     '    at Query._callback (C:\\Users\\lee1\\WebstormProjects\\nodeJS\\gameview\\models\\review.js:70:25)',
     '    at Query.Sequence.end (C:\\Users\\lee1\\WebstormProjects\\nodeJS\\gameview\\node_modules\\mysql\\lib\\protocol\\sequences\\Sequence.js:86:24)',
     '    at Query._handleFinalResultPacket (C:\\Users\\lee1\\WebstormProjects\\nodeJS\\gameview\\node_modules\\mysql\\lib\\protocol\\sequences\\Query.js:137:8)',
     '    at Query.EofPacket (C:\\Users\\lee1\\WebstormProjects\\nodeJS\\gameview\\node_modules\\mysql\\lib\\protocol\\sequences\\Query.js:121:8)',
     '    at Protocol._parsePacket (C:\\Users\\lee1\\WebstormProjects\\nodeJS\\gameview\\node_modules\\mysql\\lib\\protocol\\Protocol.js:280:23)' ] }
2017-02-23T16:48:50+09:00 - error: uncaughtException: Can't set headers after they are sent. 
{ date: 'Thu Feb 23 2017 16:48:50 GMT+0900 (대한민국 표준시)',
  process: 
   { pid: 7512,
     uid: null,
     gid: null,
     cwd: 'C:\\Users\\lee1\\WebstormProjects\\nodeJS\\gameview',
     execPath: 'C:\\Program Files\\didimdol\\node.exe',
     version: 'v6.9.4',
     argv: 
      [ 'C:\\Program Files\\didimdol\\node.exe',
        'C:\\Users\\lee1\\WebstormProjects\\nodeJS\\gameview\\bin\\www' ],
     memoryUsage: { rss: 66293760, heapTotal: 59805696, heapUsed: 36683664 } },
  os: { loadavg: [ 0, 0, 0 ], uptime: 4740.7832679 },
  trace: 
   [ { column: 11,
       file: '_http_outgoing.js',
       function: 'ServerResponse.OutgoingMessage.setHeader',
       line: 356,
       method: 'OutgoingMessage.setHeader',
       native: false },
     { column: 10,
       file: 'C:\\Users\\lee1\\WebstormProjects\\nodeJS\\gameview\\node_modules\\express\\lib\\response.js',
       function: 'ServerResponse.header',
       line: 719,
       method: 'header',
       native: false },
     { column: 12,
       file: 'C:\\Users\\lee1\\WebstormProjects\\nodeJS\\gameview\\node_modules\\express\\lib\\response.js',
       function: 'ServerResponse.send',
       line: 164,
       method: 'send',
       native: false },
     { column: 15,
       file: 'C:\\Users\\lee1\\WebstormProjects\\nodeJS\\gameview\\node_modules\\express\\lib\\response.js',
       function: 'ServerResponse.json',
       line: 250,
       method: 'json',
       native: false },
     { column: 13,
       file: 'C:\\Users\\lee1\\WebstormProjects\\nodeJS\\gameview\\routes\\reviews.js',
       function: null,
       line: 57,
       method: null,
       native: false },
     { column: 25,
       file: 'C:\\Users\\lee1\\WebstormProjects\\nodeJS\\gameview\\models\\review.js',
       function: 'Query._callback',
       line: 70,
       method: '_callback',
       native: false },
     { column: 24,
       file: 'C:\\Users\\lee1\\WebstormProjects\\nodeJS\\gameview\\node_modules\\mysql\\lib\\protocol\\sequences\\Sequence.js',
       function: 'Query.Sequence.end',
       line: 86,
       method: 'Sequence.end',
       native: false },
     { column: 8,
       file: 'C:\\Users\\lee1\\WebstormProjects\\nodeJS\\gameview\\node_modules\\mysql\\lib\\protocol\\sequences\\Query.js',
       function: 'Query._handleFinalResultPacket',
       line: 137,
       method: '_handleFinalResultPacket',
       native: false },
     { column: 8,
       file: 'C:\\Users\\lee1\\WebstormProjects\\nodeJS\\gameview\\node_modules\\mysql\\lib\\protocol\\sequences\\Query.js',
       function: 'Query.EofPacket',
       line: 121,
       method: 'EofPacket',
       native: false },
     { column: 23,
       file: 'C:\\Users\\lee1\\WebstormProjects\\nodeJS\\gameview\\node_modules\\mysql\\lib\\protocol\\Protocol.js',
       function: 'Protocol._parsePacket',
       line: 280,
       method: '_parsePacket',
       native: false } ],
  stack: 
   [ 'Error: Can\'t set headers after they are sent.',
     '    at ServerResponse.OutgoingMessage.setHeader (_http_outgoing.js:356:11)',
     '    at ServerResponse.header (C:\\Users\\lee1\\WebstormProjects\\nodeJS\\gameview\\node_modules\\express\\lib\\response.js:719:10)',
     '    at ServerResponse.send (C:\\Users\\lee1\\WebstormProjects\\nodeJS\\gameview\\node_modules\\express\\lib\\response.js:164:12)',
     '    at ServerResponse.json (C:\\Users\\lee1\\WebstormProjects\\nodeJS\\gameview\\node_modules\\express\\lib\\response.js:250:15)',
     '    at C:\\Users\\lee1\\WebstormProjects\\nodeJS\\gameview\\routes\\reviews.js:57:13',
     '    at Query._callback (C:\\Users\\lee1\\WebstormProjects\\nodeJS\\gameview\\models\\review.js:70:25)',
     '    at Query.Sequence.end (C:\\Users\\lee1\\WebstormProjects\\nodeJS\\gameview\\node_modules\\mysql\\lib\\protocol\\sequences\\Sequence.js:86:24)',
     '    at Query._handleFinalResultPacket (C:\\Users\\lee1\\WebstormProjects\\nodeJS\\gameview\\node_modules\\mysql\\lib\\protocol\\sequences\\Query.js:137:8)',
     '    at Query.EofPacket (C:\\Users\\lee1\\WebstormProjects\\nodeJS\\gameview\\node_modules\\mysql\\lib\\protocol\\sequences\\Query.js:121:8)',
     '    at Protocol._parsePacket (C:\\Users\\lee1\\WebstormProjects\\nodeJS\\gameview\\node_modules\\mysql\\lib\\protocol\\Protocol.js:280:23)' ] }
2017-02-23T16:48:53+09:00 - error: uncaughtException: Can't set headers after they are sent. 
{ date: 'Thu Feb 23 2017 16:48:53 GMT+0900 (대한민국 표준시)',
  process: 
   { pid: 7512,
     uid: null,
     gid: null,
     cwd: 'C:\\Users\\lee1\\WebstormProjects\\nodeJS\\gameview',
     execPath: 'C:\\Program Files\\didimdol\\node.exe',
     version: 'v6.9.4',
     argv: 
      [ 'C:\\Program Files\\didimdol\\node.exe',
        'C:\\Users\\lee1\\WebstormProjects\\nodeJS\\gameview\\bin\\www' ],
     memoryUsage: { rss: 66801664, heapTotal: 59805696, heapUsed: 37635944 } },
  os: { loadavg: [ 0, 0, 0 ], uptime: 4744.2454622 },
  trace: 
   [ { column: 11,
       file: '_http_outgoing.js',
       function: 'ServerResponse.OutgoingMessage.setHeader',
       line: 356,
       method: 'OutgoingMessage.setHeader',
       native: false },
     { column: 10,
       file: 'C:\\Users\\lee1\\WebstormProjects\\nodeJS\\gameview\\node_modules\\express\\lib\\response.js',
       function: 'ServerResponse.header',
       line: 719,
       method: 'header',
       native: false },
     { column: 12,
       file: 'C:\\Users\\lee1\\WebstormProjects\\nodeJS\\gameview\\node_modules\\express\\lib\\response.js',
       function: 'ServerResponse.send',
       line: 164,
       method: 'send',
       native: false },
     { column: 15,
       file: 'C:\\Users\\lee1\\WebstormProjects\\nodeJS\\gameview\\node_modules\\express\\lib\\response.js',
       function: 'ServerResponse.json',
       line: 250,
       method: 'json',
       native: false },
     { column: 13,
       file: 'C:\\Users\\lee1\\WebstormProjects\\nodeJS\\gameview\\routes\\reviews.js',
       function: null,
       line: 57,
       method: null,
       native: false },
     { column: 25,
       file: 'C:\\Users\\lee1\\WebstormProjects\\nodeJS\\gameview\\models\\review.js',
       function: 'Query._callback',
       line: 70,
       method: '_callback',
       native: false },
     { column: 24,
       file: 'C:\\Users\\lee1\\WebstormProjects\\nodeJS\\gameview\\node_modules\\mysql\\lib\\protocol\\sequences\\Sequence.js',
       function: 'Query.Sequence.end',
       line: 86,
       method: 'Sequence.end',
       native: false },
     { column: 8,
       file: 'C:\\Users\\lee1\\WebstormProjects\\nodeJS\\gameview\\node_modules\\mysql\\lib\\protocol\\sequences\\Query.js',
       function: 'Query._handleFinalResultPacket',
       line: 137,
       method: '_handleFinalResultPacket',
       native: false },
     { column: 8,
       file: 'C:\\Users\\lee1\\WebstormProjects\\nodeJS\\gameview\\node_modules\\mysql\\lib\\protocol\\sequences\\Query.js',
       function: 'Query.EofPacket',
       line: 121,
       method: 'EofPacket',
       native: false },
     { column: 23,
       file: 'C:\\Users\\lee1\\WebstormProjects\\nodeJS\\gameview\\node_modules\\mysql\\lib\\protocol\\Protocol.js',
       function: 'Protocol._parsePacket',
       line: 280,
       method: '_parsePacket',
       native: false } ],
  stack: 
   [ 'Error: Can\'t set headers after they are sent.',
     '    at ServerResponse.OutgoingMessage.setHeader (_http_outgoing.js:356:11)',
     '    at ServerResponse.header (C:\\Users\\lee1\\WebstormProjects\\nodeJS\\gameview\\node_modules\\express\\lib\\response.js:719:10)',
     '    at ServerResponse.send (C:\\Users\\lee1\\WebstormProjects\\nodeJS\\gameview\\node_modules\\express\\lib\\response.js:164:12)',
     '    at ServerResponse.json (C:\\Users\\lee1\\WebstormProjects\\nodeJS\\gameview\\node_modules\\express\\lib\\response.js:250:15)',
     '    at C:\\Users\\lee1\\WebstormProjects\\nodeJS\\gameview\\routes\\reviews.js:57:13',
     '    at Query._callback (C:\\Users\\lee1\\WebstormProjects\\nodeJS\\gameview\\models\\review.js:70:25)',
     '    at Query.Sequence.end (C:\\Users\\lee1\\WebstormProjects\\nodeJS\\gameview\\node_modules\\mysql\\lib\\protocol\\sequences\\Sequence.js:86:24)',
     '    at Query._handleFinalResultPacket (C:\\Users\\lee1\\WebstormProjects\\nodeJS\\gameview\\node_modules\\mysql\\lib\\protocol\\sequences\\Query.js:137:8)',
     '    at Query.EofPacket (C:\\Users\\lee1\\WebstormProjects\\nodeJS\\gameview\\node_modules\\mysql\\lib\\protocol\\sequences\\Query.js:121:8)',
     '    at Protocol._parsePacket (C:\\Users\\lee1\\WebstormProjects\\nodeJS\\gameview\\node_modules\\mysql\\lib\\protocol\\Protocol.js:280:23)' ] }
2017-02-23T16:49:08+09:00 - error: uncaughtException: Can't set headers after they are sent. 
{ date: 'Thu Feb 23 2017 16:49:08 GMT+0900 (대한민국 표준시)',
  process: 
   { pid: 6788,
     uid: null,
     gid: null,
     cwd: 'C:\\Users\\lee1\\WebstormProjects\\nodeJS\\gameview',
     execPath: 'C:\\Program Files\\didimdol\\node.exe',
     version: 'v6.9.4',
     argv: 
      [ 'C:\\Program Files\\didimdol\\node.exe',
        'C:\\Users\\lee1\\WebstormProjects\\nodeJS\\gameview\\bin\\www' ],
     memoryUsage: { rss: 64139264, heapTotal: 59805696, heapUsed: 35228264 } },
  os: { loadavg: [ 0, 0, 0 ], uptime: 4758.9074216 },
  trace: 
   [ { column: 11,
       file: '_http_outgoing.js',
       function: 'ServerResponse.OutgoingMessage.setHeader',
       line: 356,
       method: 'OutgoingMessage.setHeader',
       native: false },
     { column: 10,
       file: 'C:\\Users\\lee1\\WebstormProjects\\nodeJS\\gameview\\node_modules\\express\\lib\\response.js',
       function: 'ServerResponse.header',
       line: 719,
       method: 'header',
       native: false },
     { column: 12,
       file: 'C:\\Users\\lee1\\WebstormProjects\\nodeJS\\gameview\\node_modules\\express\\lib\\response.js',
       function: 'ServerResponse.send',
       line: 164,
       method: 'send',
       native: false },
     { column: 15,
       file: 'C:\\Users\\lee1\\WebstormProjects\\nodeJS\\gameview\\node_modules\\express\\lib\\response.js',
       function: 'ServerResponse.json',
       line: 250,
       method: 'json',
       native: false },
     { column: 13,
       file: 'C:\\Users\\lee1\\WebstormProjects\\nodeJS\\gameview\\routes\\reviews.js',
       function: null,
       line: 57,
       method: null,
       native: false },
     { column: 25,
       file: 'C:\\Users\\lee1\\WebstormProjects\\nodeJS\\gameview\\models\\review.js',
       function: 'Query._callback',
       line: 70,
       method: '_callback',
       native: false },
     { column: 24,
       file: 'C:\\Users\\lee1\\WebstormProjects\\nodeJS\\gameview\\node_modules\\mysql\\lib\\protocol\\sequences\\Sequence.js',
       function: 'Query.Sequence.end',
       line: 86,
       method: 'Sequence.end',
       native: false },
     { column: 8,
       file: 'C:\\Users\\lee1\\WebstormProjects\\nodeJS\\gameview\\node_modules\\mysql\\lib\\protocol\\sequences\\Query.js',
       function: 'Query._handleFinalResultPacket',
       line: 137,
       method: '_handleFinalResultPacket',
       native: false },
     { column: 8,
       file: 'C:\\Users\\lee1\\WebstormProjects\\nodeJS\\gameview\\node_modules\\mysql\\lib\\protocol\\sequences\\Query.js',
       function: 'Query.EofPacket',
       line: 121,
       method: 'EofPacket',
       native: false },
     { column: 23,
       file: 'C:\\Users\\lee1\\WebstormProjects\\nodeJS\\gameview\\node_modules\\mysql\\lib\\protocol\\Protocol.js',
       function: 'Protocol._parsePacket',
       line: 280,
       method: '_parsePacket',
       native: false } ],
  stack: 
   [ 'Error: Can\'t set headers after they are sent.',
     '    at ServerResponse.OutgoingMessage.setHeader (_http_outgoing.js:356:11)',
     '    at ServerResponse.header (C:\\Users\\lee1\\WebstormProjects\\nodeJS\\gameview\\node_modules\\express\\lib\\response.js:719:10)',
     '    at ServerResponse.send (C:\\Users\\lee1\\WebstormProjects\\nodeJS\\gameview\\node_modules\\express\\lib\\response.js:164:12)',
     '    at ServerResponse.json (C:\\Users\\lee1\\WebstormProjects\\nodeJS\\gameview\\node_modules\\express\\lib\\response.js:250:15)',
     '    at C:\\Users\\lee1\\WebstormProjects\\nodeJS\\gameview\\routes\\reviews.js:57:13',
     '    at Query._callback (C:\\Users\\lee1\\WebstormProjects\\nodeJS\\gameview\\models\\review.js:70:25)',
     '    at Query.Sequence.end (C:\\Users\\lee1\\WebstormProjects\\nodeJS\\gameview\\node_modules\\mysql\\lib\\protocol\\sequences\\Sequence.js:86:24)',
     '    at Query._handleFinalResultPacket (C:\\Users\\lee1\\WebstormProjects\\nodeJS\\gameview\\node_modules\\mysql\\lib\\protocol\\sequences\\Query.js:137:8)',
     '    at Query.EofPacket (C:\\Users\\lee1\\WebstormProjects\\nodeJS\\gameview\\node_modules\\mysql\\lib\\protocol\\sequences\\Query.js:121:8)',
     '    at Protocol._parsePacket (C:\\Users\\lee1\\WebstormProjects\\nodeJS\\gameview\\node_modules\\mysql\\lib\\protocol\\Protocol.js:280:23)' ] }
2017-02-23T16:49:10+09:00 - error: uncaughtException: Can't set headers after they are sent. 
{ date: 'Thu Feb 23 2017 16:49:10 GMT+0900 (대한민국 표준시)',
  process: 
   { pid: 6788,
     uid: null,
     gid: null,
     cwd: 'C:\\Users\\lee1\\WebstormProjects\\nodeJS\\gameview',
     execPath: 'C:\\Program Files\\didimdol\\node.exe',
     version: 'v6.9.4',
     argv: 
      [ 'C:\\Program Files\\didimdol\\node.exe',
        'C:\\Users\\lee1\\WebstormProjects\\nodeJS\\gameview\\bin\\www' ],
     memoryUsage: { rss: 66056192, heapTotal: 59805696, heapUsed: 36619544 } },
  os: { loadavg: [ 0, 0, 0 ], uptime: 4761.4170473 },
  trace: 
   [ { column: 11,
       file: '_http_outgoing.js',
       function: 'ServerResponse.OutgoingMessage.setHeader',
       line: 356,
       method: 'OutgoingMessage.setHeader',
       native: false },
     { column: 10,
       file: 'C:\\Users\\lee1\\WebstormProjects\\nodeJS\\gameview\\node_modules\\express\\lib\\response.js',
       function: 'ServerResponse.header',
       line: 719,
       method: 'header',
       native: false },
     { column: 12,
       file: 'C:\\Users\\lee1\\WebstormProjects\\nodeJS\\gameview\\node_modules\\express\\lib\\response.js',
       function: 'ServerResponse.send',
       line: 164,
       method: 'send',
       native: false },
     { column: 15,
       file: 'C:\\Users\\lee1\\WebstormProjects\\nodeJS\\gameview\\node_modules\\express\\lib\\response.js',
       function: 'ServerResponse.json',
       line: 250,
       method: 'json',
       native: false },
     { column: 13,
       file: 'C:\\Users\\lee1\\WebstormProjects\\nodeJS\\gameview\\routes\\reviews.js',
       function: null,
       line: 57,
       method: null,
       native: false },
     { column: 25,
       file: 'C:\\Users\\lee1\\WebstormProjects\\nodeJS\\gameview\\models\\review.js',
       function: 'Query._callback',
       line: 70,
       method: '_callback',
       native: false },
     { column: 24,
       file: 'C:\\Users\\lee1\\WebstormProjects\\nodeJS\\gameview\\node_modules\\mysql\\lib\\protocol\\sequences\\Sequence.js',
       function: 'Query.Sequence.end',
       line: 86,
       method: 'Sequence.end',
       native: false },
     { column: 8,
       file: 'C:\\Users\\lee1\\WebstormProjects\\nodeJS\\gameview\\node_modules\\mysql\\lib\\protocol\\sequences\\Query.js',
       function: 'Query._handleFinalResultPacket',
       line: 137,
       method: '_handleFinalResultPacket',
       native: false },
     { column: 8,
       file: 'C:\\Users\\lee1\\WebstormProjects\\nodeJS\\gameview\\node_modules\\mysql\\lib\\protocol\\sequences\\Query.js',
       function: 'Query.EofPacket',
       line: 121,
       method: 'EofPacket',
       native: false },
     { column: 23,
       file: 'C:\\Users\\lee1\\WebstormProjects\\nodeJS\\gameview\\node_modules\\mysql\\lib\\protocol\\Protocol.js',
       function: 'Protocol._parsePacket',
       line: 280,
       method: '_parsePacket',
       native: false } ],
  stack: 
   [ 'Error: Can\'t set headers after they are sent.',
     '    at ServerResponse.OutgoingMessage.setHeader (_http_outgoing.js:356:11)',
     '    at ServerResponse.header (C:\\Users\\lee1\\WebstormProjects\\nodeJS\\gameview\\node_modules\\express\\lib\\response.js:719:10)',
     '    at ServerResponse.send (C:\\Users\\lee1\\WebstormProjects\\nodeJS\\gameview\\node_modules\\express\\lib\\response.js:164:12)',
     '    at ServerResponse.json (C:\\Users\\lee1\\WebstormProjects\\nodeJS\\gameview\\node_modules\\express\\lib\\response.js:250:15)',
     '    at C:\\Users\\lee1\\WebstormProjects\\nodeJS\\gameview\\routes\\reviews.js:57:13',
     '    at Query._callback (C:\\Users\\lee1\\WebstormProjects\\nodeJS\\gameview\\models\\review.js:70:25)',
     '    at Query.Sequence.end (C:\\Users\\lee1\\WebstormProjects\\nodeJS\\gameview\\node_modules\\mysql\\lib\\protocol\\sequences\\Sequence.js:86:24)',
     '    at Query._handleFinalResultPacket (C:\\Users\\lee1\\WebstormProjects\\nodeJS\\gameview\\node_modules\\mysql\\lib\\protocol\\sequences\\Query.js:137:8)',
     '    at Query.EofPacket (C:\\Users\\lee1\\WebstormProjects\\nodeJS\\gameview\\node_modules\\mysql\\lib\\protocol\\sequences\\Query.js:121:8)',
     '    at Protocol._parsePacket (C:\\Users\\lee1\\WebstormProjects\\nodeJS\\gameview\\node_modules\\mysql\\lib\\protocol\\Protocol.js:280:23)' ] }
2017-02-23T16:56:10+09:00 - error: uncaughtException: Can't set headers after they are sent. 
{ date: 'Thu Feb 23 2017 16:56:10 GMT+0900 (대한민국 표준시)',
  process: 
   { pid: 7204,
     uid: null,
     gid: null,
     cwd: 'C:\\Users\\lee1\\WebstormProjects\\nodeJS\\gameview',
     execPath: 'C:\\Program Files\\didimdol\\node.exe',
     version: 'v6.9.4',
     argv: 
      [ 'C:\\Program Files\\didimdol\\node.exe',
        'C:\\Users\\lee1\\WebstormProjects\\nodeJS\\gameview\\bin\\www' ],
     memoryUsage: { rss: 64229376, heapTotal: 59805696, heapUsed: 35217248 } },
  os: { loadavg: [ 0, 0, 0 ], uptime: 5180.6093611 },
  trace: 
   [ { column: 11,
       file: '_http_outgoing.js',
       function: 'ServerResponse.OutgoingMessage.setHeader',
       line: 356,
       method: 'OutgoingMessage.setHeader',
       native: false },
     { column: 10,
       file: 'C:\\Users\\lee1\\WebstormProjects\\nodeJS\\gameview\\node_modules\\express\\lib\\response.js',
       function: 'ServerResponse.header',
       line: 719,
       method: 'header',
       native: false },
     { column: 12,
       file: 'C:\\Users\\lee1\\WebstormProjects\\nodeJS\\gameview\\node_modules\\express\\lib\\response.js',
       function: 'ServerResponse.send',
       line: 164,
       method: 'send',
       native: false },
     { column: 15,
       file: 'C:\\Users\\lee1\\WebstormProjects\\nodeJS\\gameview\\node_modules\\express\\lib\\response.js',
       function: 'ServerResponse.json',
       line: 250,
       method: 'json',
       native: false },
     { column: 13,
       file: 'C:\\Users\\lee1\\WebstormProjects\\nodeJS\\gameview\\routes\\reviews.js',
       function: null,
       line: 57,
       method: null,
       native: false },
     { column: 25,
       file: 'C:\\Users\\lee1\\WebstormProjects\\nodeJS\\gameview\\models\\review.js',
       function: 'Query._callback',
       line: 70,
       method: '_callback',
       native: false },
     { column: 24,
       file: 'C:\\Users\\lee1\\WebstormProjects\\nodeJS\\gameview\\node_modules\\mysql\\lib\\protocol\\sequences\\Sequence.js',
       function: 'Query.Sequence.end',
       line: 86,
       method: 'Sequence.end',
       native: false },
     { column: 8,
       file: 'C:\\Users\\lee1\\WebstormProjects\\nodeJS\\gameview\\node_modules\\mysql\\lib\\protocol\\sequences\\Query.js',
       function: 'Query._handleFinalResultPacket',
       line: 137,
       method: '_handleFinalResultPacket',
       native: false },
     { column: 8,
       file: 'C:\\Users\\lee1\\WebstormProjects\\nodeJS\\gameview\\node_modules\\mysql\\lib\\protocol\\sequences\\Query.js',
       function: 'Query.EofPacket',
       line: 121,
       method: 'EofPacket',
       native: false },
     { column: 23,
       file: 'C:\\Users\\lee1\\WebstormProjects\\nodeJS\\gameview\\node_modules\\mysql\\lib\\protocol\\Protocol.js',
       function: 'Protocol._parsePacket',
       line: 280,
       method: '_parsePacket',
       native: false } ],
  stack: 
   [ 'Error: Can\'t set headers after they are sent.',
     '    at ServerResponse.OutgoingMessage.setHeader (_http_outgoing.js:356:11)',
     '    at ServerResponse.header (C:\\Users\\lee1\\WebstormProjects\\nodeJS\\gameview\\node_modules\\express\\lib\\response.js:719:10)',
     '    at ServerResponse.send (C:\\Users\\lee1\\WebstormProjects\\nodeJS\\gameview\\node_modules\\express\\lib\\response.js:164:12)',
     '    at ServerResponse.json (C:\\Users\\lee1\\WebstormProjects\\nodeJS\\gameview\\node_modules\\express\\lib\\response.js:250:15)',
     '    at C:\\Users\\lee1\\WebstormProjects\\nodeJS\\gameview\\routes\\reviews.js:57:13',
     '    at Query._callback (C:\\Users\\lee1\\WebstormProjects\\nodeJS\\gameview\\models\\review.js:70:25)',
     '    at Query.Sequence.end (C:\\Users\\lee1\\WebstormProjects\\nodeJS\\gameview\\node_modules\\mysql\\lib\\protocol\\sequences\\Sequence.js:86:24)',
     '    at Query._handleFinalResultPacket (C:\\Users\\lee1\\WebstormProjects\\nodeJS\\gameview\\node_modules\\mysql\\lib\\protocol\\sequences\\Query.js:137:8)',
     '    at Query.EofPacket (C:\\Users\\lee1\\WebstormProjects\\nodeJS\\gameview\\node_modules\\mysql\\lib\\protocol\\sequences\\Query.js:121:8)',
     '    at Protocol._parsePacket (C:\\Users\\lee1\\WebstormProjects\\nodeJS\\gameview\\node_modules\\mysql\\lib\\protocol\\Protocol.js:280:23)' ] }
