2017-02-23T12:00:07+09:00 - error: uncaughtException: Cannot find module './routes/like' 
{ date: 'Thu Feb 23 2017 12:00:07 GMT+0900 (대한민국 표준시)',
  process: 
   { pid: 8904,
     uid: null,
     gid: null,
     cwd: 'C:\\Users\\lee1\\WebstormProjects\\nodeJS\\gameview',
     execPath: 'C:\\Program Files\\didimdol\\node.exe',
     version: 'v6.9.4',
     argv: 
      [ 'C:\\Program Files\\didimdol\\node.exe',
        'C:\\Users\\lee1\\WebstormProjects\\nodeJS\\gameview\\bin\\www' ],
     memoryUsage: { rss: 57606144, heapTotal: 56659968, heapUsed: 31317832 } },
  os: { loadavg: [ 0, 0, 0 ], uptime: 71108.0568309 },
  trace: 
   [ { column: 15,
       file: 'module.js',
       function: 'Function.Module._resolveFilename',
       line: 469,
       method: 'Module._resolveFilename',
       native: false },
     { column: 25,
       file: 'module.js',
       function: 'Function.Module._load',
       line: 417,
       method: 'Module._load',
       native: false },
     { column: 17,
       file: 'module.js',
       function: 'Module.require',
       line: 497,
       method: 'require',
       native: false },
     { column: 19,
       file: 'internal/module.js',
       function: 'require',
       line: 20,
       method: null,
       native: false },
     { column: 12,
       file: 'C:\\Users\\lee1\\WebstormProjects\\nodeJS\\gameview\\app.js',
       function: '',
       line: 20,
       method: null,
       native: false },
     { column: 32,
       file: 'module.js',
       function: 'Module._compile',
       line: 570,
       method: '_compile',
       native: false },
     { column: 10,
       file: 'module.js',
       function: 'Object.Module._extensions..js',
       line: 579,
       method: 'Module._extensions..js',
       native: false },
     { column: 32,
       file: 'module.js',
       function: 'Module.load',
       line: 487,
       method: 'load',
       native: false },
     { column: 12,
       file: 'module.js',
       function: 'tryModuleLoad',
       line: 446,
       method: null,
       native: false },
     { column: 3,
       file: 'module.js',
       function: 'Function.Module._load',
       line: 438,
       method: 'Module._load',
       native: false } ],
  stack: 
   [ 'Error: Cannot find module \'./routes/like\'',
     '    at Function.Module._resolveFilename (module.js:469:15)',
     '    at Function.Module._load (module.js:417:25)',
     '    at Module.require (module.js:497:17)',
     '    at require (internal/module.js:20:19)',
     '    at Object.<anonymous> (C:\\Users\\lee1\\WebstormProjects\\nodeJS\\gameview\\app.js:20:12)',
     '    at Module._compile (module.js:570:32)',
     '    at Object.Module._extensions..js (module.js:579:10)',
     '    at Module.load (module.js:487:32)',
     '    at tryModuleLoad (module.js:446:12)',
     '    at Function.Module._load (module.js:438:3)' ] }
2017-02-23T12:00:25+09:00 - error: uncaughtException: like is not defined 
{ date: 'Thu Feb 23 2017 12:00:25 GMT+0900 (대한민국 표준시)',
  process: 
   { pid: 204,
     uid: null,
     gid: null,
     cwd: 'C:\\Users\\lee1\\WebstormProjects\\nodeJS\\gameview',
     execPath: 'C:\\Program Files\\didimdol\\node.exe',
     version: 'v6.9.4',
     argv: 
      [ 'C:\\Program Files\\didimdol\\node.exe',
        'C:\\Users\\lee1\\WebstormProjects\\nodeJS\\gameview\\bin\\www' ],
     memoryUsage: { rss: 58904576, heapTotal: 56659968, heapUsed: 32642104 } },
  os: { loadavg: [ 0, 0, 0 ], uptime: 71125.7210039 },
  trace: 
   [ { column: 26,
       file: 'C:\\Users\\lee1\\WebstormProjects\\nodeJS\\gameview\\app.js',
       function: '',
       line: 67,
       method: null,
       native: false },
     { column: 32,
       file: 'module.js',
       function: 'Module._compile',
       line: 570,
       method: '_compile',
       native: false },
     { column: 10,
       file: 'module.js',
       function: 'Object.Module._extensions..js',
       line: 579,
       method: 'Module._extensions..js',
       native: false },
     { column: 32,
       file: 'module.js',
       function: 'Module.load',
       line: 487,
       method: 'load',
       native: false },
     { column: 12,
       file: 'module.js',
       function: 'tryModuleLoad',
       line: 446,
       method: null,
       native: false },
     { column: 3,
       file: 'module.js',
       function: 'Function.Module._load',
       line: 438,
       method: 'Module._load',
       native: false },
     { column: 17,
       file: 'module.js',
       function: 'Module.require',
       line: 497,
       method: 'require',
       native: false },
     { column: 19,
       file: 'internal/module.js',
       function: 'require',
       line: 20,
       method: null,
       native: false },
     { column: 11,
       file: 'C:\\Users\\lee1\\WebstormProjects\\nodeJS\\gameview\\bin\\www',
       function: '',
       line: 8,
       method: null,
       native: false },
     { column: 32,
       file: 'module.js',
       function: 'Module._compile',
       line: 570,
       method: '_compile',
       native: false } ],
  stack: 
   [ 'ReferenceError: like is not defined',
     '    at Object.<anonymous> (C:\\Users\\lee1\\WebstormProjects\\nodeJS\\gameview\\app.js:67:26)',
     '    at Module._compile (module.js:570:32)',
     '    at Object.Module._extensions..js (module.js:579:10)',
     '    at Module.load (module.js:487:32)',
     '    at tryModuleLoad (module.js:446:12)',
     '    at Function.Module._load (module.js:438:3)',
     '    at Module.require (module.js:497:17)',
     '    at require (internal/module.js:20:19)',
     '    at Object.<anonymous> (C:\\Users\\lee1\\WebstormProjects\\nodeJS\\gameview\\bin\\www:8:11)',
     '    at Module._compile (module.js:570:32)' ] }
