2017-02-24T10:28:36+09:00 - error: uncaughtException: nextTaskCallback is not a function 
{ date: 'Fri Feb 24 2017 10:28:36 GMT+0900 (대한민국 표준시)',
  process: 
   { pid: 2296,
     uid: null,
     gid: null,
     cwd: 'C:\\Users\\lee1\\WebstormProjects\\nodeJS\\gameview',
     execPath: 'C:\\Program Files\\didimdol\\node.exe',
     version: 'v6.9.4',
     argv: 
      [ 'C:\\Program Files\\didimdol\\node.exe',
        'C:\\Users\\lee1\\WebstormProjects\\nodeJS\\gameview\\bin\\www' ],
     memoryUsage: { rss: 65245184, heapTotal: 59805696, heapUsed: 35900304 } },
  os: { loadavg: [ 0, 0, 0 ], uptime: 68326.8949483 },
  trace: 
   [ { column: 21,
       file: 'C:\\Users\\lee1\\WebstormProjects\\nodeJS\\gameview\\models\\like.js',
       function: 'Query._callback',
       line: 65,
       method: '_callback',
       native: false },
     { column: 24,
       file: 'C:\\Users\\lee1\\WebstormProjects\\nodeJS\\gameview\\node_modules\\mysql\\lib\\protocol\\sequences\\Sequence.js',
       function: 'Query.Sequence.end',
       line: 86,
       method: 'Sequence.end',
       native: false },
     { column: 8,
       file: 'C:\\Users\\lee1\\WebstormProjects\\nodeJS\\gameview\\node_modules\\mysql\\lib\\protocol\\sequences\\Query.js',
       function: 'Query._handleFinalResultPacket',
       line: 137,
       method: '_handleFinalResultPacket',
       native: false },
     { column: 10,
       file: 'C:\\Users\\lee1\\WebstormProjects\\nodeJS\\gameview\\node_modules\\mysql\\lib\\protocol\\sequences\\Query.js',
       function: 'Query.OkPacket',
       line: 72,
       method: 'OkPacket',
       native: false },
     { column: 23,
       file: 'C:\\Users\\lee1\\WebstormProjects\\nodeJS\\gameview\\node_modules\\mysql\\lib\\protocol\\Protocol.js',
       function: 'Protocol._parsePacket',
       line: 280,
       method: '_parsePacket',
       native: false },
     { column: 12,
       file: 'C:\\Users\\lee1\\WebstormProjects\\nodeJS\\gameview\\node_modules\\mysql\\lib\\protocol\\Parser.js',
       function: 'Parser.write',
       line: 75,
       method: 'write',
       native: false },
     { column: 16,
       file: 'C:\\Users\\lee1\\WebstormProjects\\nodeJS\\gameview\\node_modules\\mysql\\lib\\protocol\\Protocol.js',
       function: 'Protocol.write',
       line: 39,
       method: 'write',
       native: false },
     { column: 28,
       file: 'C:\\Users\\lee1\\WebstormProjects\\nodeJS\\gameview\\node_modules\\mysql\\lib\\Connection.js',
       function: '',
       line: 103,
       method: null,
       native: false },
     { column: 13,
       file: 'events.js',
       function: 'emitOne',
       line: 96,
       method: null,
       native: false },
     { column: 7,
       file: 'events.js',
       function: 'Socket.emit',
       line: 188,
       method: 'emit',
       native: false } ],
  stack: 
   [ 'TypeError: nextTaskCallback is not a function',
     '    at Query._callback (C:\\Users\\lee1\\WebstormProjects\\nodeJS\\gameview\\models\\like.js:65:21)',
     '    at Query.Sequence.end (C:\\Users\\lee1\\WebstormProjects\\nodeJS\\gameview\\node_modules\\mysql\\lib\\protocol\\sequences\\Sequence.js:86:24)',
     '    at Query._handleFinalResultPacket (C:\\Users\\lee1\\WebstormProjects\\nodeJS\\gameview\\node_modules\\mysql\\lib\\protocol\\sequences\\Query.js:137:8)',
     '    at Query.OkPacket (C:\\Users\\lee1\\WebstormProjects\\nodeJS\\gameview\\node_modules\\mysql\\lib\\protocol\\sequences\\Query.js:72:10)',
     '    at Protocol._parsePacket (C:\\Users\\lee1\\WebstormProjects\\nodeJS\\gameview\\node_modules\\mysql\\lib\\protocol\\Protocol.js:280:23)',
     '    at Parser.write (C:\\Users\\lee1\\WebstormProjects\\nodeJS\\gameview\\node_modules\\mysql\\lib\\protocol\\Parser.js:75:12)',
     '    at Protocol.write (C:\\Users\\lee1\\WebstormProjects\\nodeJS\\gameview\\node_modules\\mysql\\lib\\protocol\\Protocol.js:39:16)',
     '    at Socket.<anonymous> (C:\\Users\\lee1\\WebstormProjects\\nodeJS\\gameview\\node_modules\\mysql\\lib\\Connection.js:103:28)',
     '    at emitOne (events.js:96:13)',
     '    at Socket.emit (events.js:188:7)' ] }
2017-02-24T10:29:17+09:00 - error: uncaughtException: nextTaskCallback is not a function 
{ date: 'Fri Feb 24 2017 10:29:17 GMT+0900 (대한민국 표준시)',
  process: 
   { pid: 6884,
     uid: null,
     gid: null,
     cwd: 'C:\\Users\\lee1\\WebstormProjects\\nodeJS\\gameview',
     execPath: 'C:\\Program Files\\didimdol\\node.exe',
     version: 'v6.9.4',
     argv: 
      [ 'C:\\Program Files\\didimdol\\node.exe',
        'C:\\Users\\lee1\\WebstormProjects\\nodeJS\\gameview\\bin\\www' ],
     memoryUsage: { rss: 64585728, heapTotal: 59805696, heapUsed: 35627352 } },
  os: { loadavg: [ 0, 0, 0 ], uptime: 68367.5359297 },
  trace: 
   [ { column: 21,
       file: 'C:\\Users\\lee1\\WebstormProjects\\nodeJS\\gameview\\models\\like.js',
       function: 'Query._callback',
       line: 65,
       method: '_callback',
       native: false },
     { column: 24,
       file: 'C:\\Users\\lee1\\WebstormProjects\\nodeJS\\gameview\\node_modules\\mysql\\lib\\protocol\\sequences\\Sequence.js',
       function: 'Query.Sequence.end',
       line: 86,
       method: 'Sequence.end',
       native: false },
     { column: 8,
       file: 'C:\\Users\\lee1\\WebstormProjects\\nodeJS\\gameview\\node_modules\\mysql\\lib\\protocol\\sequences\\Query.js',
       function: 'Query._handleFinalResultPacket',
       line: 137,
       method: '_handleFinalResultPacket',
       native: false },
     { column: 10,
       file: 'C:\\Users\\lee1\\WebstormProjects\\nodeJS\\gameview\\node_modules\\mysql\\lib\\protocol\\sequences\\Query.js',
       function: 'Query.OkPacket',
       line: 72,
       method: 'OkPacket',
       native: false },
     { column: 23,
       file: 'C:\\Users\\lee1\\WebstormProjects\\nodeJS\\gameview\\node_modules\\mysql\\lib\\protocol\\Protocol.js',
       function: 'Protocol._parsePacket',
       line: 280,
       method: '_parsePacket',
       native: false },
     { column: 12,
       file: 'C:\\Users\\lee1\\WebstormProjects\\nodeJS\\gameview\\node_modules\\mysql\\lib\\protocol\\Parser.js',
       function: 'Parser.write',
       line: 75,
       method: 'write',
       native: false },
     { column: 16,
       file: 'C:\\Users\\lee1\\WebstormProjects\\nodeJS\\gameview\\node_modules\\mysql\\lib\\protocol\\Protocol.js',
       function: 'Protocol.write',
       line: 39,
       method: 'write',
       native: false },
     { column: 28,
       file: 'C:\\Users\\lee1\\WebstormProjects\\nodeJS\\gameview\\node_modules\\mysql\\lib\\Connection.js',
       function: '',
       line: 103,
       method: null,
       native: false },
     { column: 13,
       file: 'events.js',
       function: 'emitOne',
       line: 96,
       method: null,
       native: false },
     { column: 7,
       file: 'events.js',
       function: 'Socket.emit',
       line: 188,
       method: 'emit',
       native: false } ],
  stack: 
   [ 'TypeError: nextTaskCallback is not a function',
     '    at Query._callback (C:\\Users\\lee1\\WebstormProjects\\nodeJS\\gameview\\models\\like.js:65:21)',
     '    at Query.Sequence.end (C:\\Users\\lee1\\WebstormProjects\\nodeJS\\gameview\\node_modules\\mysql\\lib\\protocol\\sequences\\Sequence.js:86:24)',
     '    at Query._handleFinalResultPacket (C:\\Users\\lee1\\WebstormProjects\\nodeJS\\gameview\\node_modules\\mysql\\lib\\protocol\\sequences\\Query.js:137:8)',
     '    at Query.OkPacket (C:\\Users\\lee1\\WebstormProjects\\nodeJS\\gameview\\node_modules\\mysql\\lib\\protocol\\sequences\\Query.js:72:10)',
     '    at Protocol._parsePacket (C:\\Users\\lee1\\WebstormProjects\\nodeJS\\gameview\\node_modules\\mysql\\lib\\protocol\\Protocol.js:280:23)',
     '    at Parser.write (C:\\Users\\lee1\\WebstormProjects\\nodeJS\\gameview\\node_modules\\mysql\\lib\\protocol\\Parser.js:75:12)',
     '    at Protocol.write (C:\\Users\\lee1\\WebstormProjects\\nodeJS\\gameview\\node_modules\\mysql\\lib\\protocol\\Protocol.js:39:16)',
     '    at Socket.<anonymous> (C:\\Users\\lee1\\WebstormProjects\\nodeJS\\gameview\\node_modules\\mysql\\lib\\Connection.js:103:28)',
     '    at emitOne (events.js:96:13)',
     '    at Socket.emit (events.js:188:7)' ] }
2017-02-24T10:36:43+09:00 - error: uncaughtException: Cannot read property 'like' of undefined 
{ date: 'Fri Feb 24 2017 10:36:43 GMT+0900 (대한민국 표준시)',
  process: 
   { pid: 4964,
     uid: null,
     gid: null,
     cwd: 'C:\\Users\\lee1\\WebstormProjects\\nodeJS\\gameview',
     execPath: 'C:\\Program Files\\didimdol\\node.exe',
     version: 'v6.9.4',
     argv: 
      [ 'C:\\Program Files\\didimdol\\node.exe',
        'C:\\Users\\lee1\\WebstormProjects\\nodeJS\\gameview\\bin\\www' ],
     memoryUsage: { rss: 64618496, heapTotal: 59805696, heapUsed: 35742360 } },
  os: { loadavg: [ 0, 0, 0 ], uptime: 68813.6219202 },
  trace: 
   [ { column: 40,
       file: 'C:\\Users\\lee1\\WebstormProjects\\nodeJS\\gameview\\models\\like.js',
       function: 'Query._callback',
       line: 41,
       method: '_callback',
       native: false },
     { column: 24,
       file: 'C:\\Users\\lee1\\WebstormProjects\\nodeJS\\gameview\\node_modules\\mysql\\lib\\protocol\\sequences\\Sequence.js',
       function: 'Query.Sequence.end',
       line: 86,
       method: 'Sequence.end',
       native: false },
     { column: 8,
       file: 'C:\\Users\\lee1\\WebstormProjects\\nodeJS\\gameview\\node_modules\\mysql\\lib\\protocol\\sequences\\Query.js',
       function: 'Query._handleFinalResultPacket',
       line: 137,
       method: '_handleFinalResultPacket',
       native: false },
     { column: 8,
       file: 'C:\\Users\\lee1\\WebstormProjects\\nodeJS\\gameview\\node_modules\\mysql\\lib\\protocol\\sequences\\Query.js',
       function: 'Query.EofPacket',
       line: 121,
       method: 'EofPacket',
       native: false },
     { column: 23,
       file: 'C:\\Users\\lee1\\WebstormProjects\\nodeJS\\gameview\\node_modules\\mysql\\lib\\protocol\\Protocol.js',
       function: 'Protocol._parsePacket',
       line: 280,
       method: '_parsePacket',
       native: false },
     { column: 12,
       file: 'C:\\Users\\lee1\\WebstormProjects\\nodeJS\\gameview\\node_modules\\mysql\\lib\\protocol\\Parser.js',
       function: 'Parser.write',
       line: 75,
       method: 'write',
       native: false },
     { column: 16,
       file: 'C:\\Users\\lee1\\WebstormProjects\\nodeJS\\gameview\\node_modules\\mysql\\lib\\protocol\\Protocol.js',
       function: 'Protocol.write',
       line: 39,
       method: 'write',
       native: false },
     { column: 28,
       file: 'C:\\Users\\lee1\\WebstormProjects\\nodeJS\\gameview\\node_modules\\mysql\\lib\\Connection.js',
       function: '',
       line: 103,
       method: null,
       native: false },
     { column: 13,
       file: 'events.js',
       function: 'emitOne',
       line: 96,
       method: null,
       native: false },
     { column: 7,
       file: 'events.js',
       function: 'Socket.emit',
       line: 188,
       method: 'emit',
       native: false } ],
  stack: 
   [ 'TypeError: Cannot read property \'like\' of undefined',
     '    at Query._callback (C:\\Users\\lee1\\WebstormProjects\\nodeJS\\gameview\\models\\like.js:41:40)',
     '    at Query.Sequence.end (C:\\Users\\lee1\\WebstormProjects\\nodeJS\\gameview\\node_modules\\mysql\\lib\\protocol\\sequences\\Sequence.js:86:24)',
     '    at Query._handleFinalResultPacket (C:\\Users\\lee1\\WebstormProjects\\nodeJS\\gameview\\node_modules\\mysql\\lib\\protocol\\sequences\\Query.js:137:8)',
     '    at Query.EofPacket (C:\\Users\\lee1\\WebstormProjects\\nodeJS\\gameview\\node_modules\\mysql\\lib\\protocol\\sequences\\Query.js:121:8)',
     '    at Protocol._parsePacket (C:\\Users\\lee1\\WebstormProjects\\nodeJS\\gameview\\node_modules\\mysql\\lib\\protocol\\Protocol.js:280:23)',
     '    at Parser.write (C:\\Users\\lee1\\WebstormProjects\\nodeJS\\gameview\\node_modules\\mysql\\lib\\protocol\\Parser.js:75:12)',
     '    at Protocol.write (C:\\Users\\lee1\\WebstormProjects\\nodeJS\\gameview\\node_modules\\mysql\\lib\\protocol\\Protocol.js:39:16)',
     '    at Socket.<anonymous> (C:\\Users\\lee1\\WebstormProjects\\nodeJS\\gameview\\node_modules\\mysql\\lib\\Connection.js:103:28)',
     '    at emitOne (events.js:96:13)',
     '    at Socket.emit (events.js:188:7)' ] }
