2017-02-23T15:02:01+09:00 - error: uncaughtException: Cannot read property 'affectedRows' of undefined 
{ date: 'Thu Feb 23 2017 15:02:01 GMT+0900 (대한민국 표준시)',
  process: 
   { pid: 6448,
     uid: null,
     gid: null,
     cwd: 'C:\\Users\\lee1\\WebstormProjects\\nodeJS\\gameview',
     execPath: 'C:\\Program Files\\didimdol\\node.exe',
     version: 'v6.9.4',
     argv: 
      [ 'C:\\Program Files\\didimdol\\node.exe',
        'C:\\Users\\lee1\\WebstormProjects\\nodeJS\\gameview\\bin\\www' ],
     memoryUsage: { rss: 44376064, heapTotal: 28348416, heapUsed: 22578840 } },
  os: { loadavg: [ 0, 0, 0 ], uptime: 82021.5375375 },
  trace: 
   [ { column: 27,
       file: 'C:\\Users\\lee1\\WebstormProjects\\nodeJS\\gameview\\models\\review.js',
       function: 'Query._callback',
       line: 236,
       method: '_callback',
       native: false },
     { column: 24,
       file: 'C:\\Users\\lee1\\WebstormProjects\\nodeJS\\gameview\\node_modules\\mysql\\lib\\protocol\\sequences\\Sequence.js',
       function: 'Query.Sequence.end',
       line: 86,
       method: 'Sequence.end',
       native: false },
     { column: 8,
       file: 'C:\\Users\\lee1\\WebstormProjects\\nodeJS\\gameview\\node_modules\\mysql\\lib\\protocol\\sequences\\Query.js',
       function: 'Query.ErrorPacket',
       line: 88,
       method: 'ErrorPacket',
       native: false },
     { column: 23,
       file: 'C:\\Users\\lee1\\WebstormProjects\\nodeJS\\gameview\\node_modules\\mysql\\lib\\protocol\\Protocol.js',
       function: 'Protocol._parsePacket',
       line: 280,
       method: '_parsePacket',
       native: false },
     { column: 12,
       file: 'C:\\Users\\lee1\\WebstormProjects\\nodeJS\\gameview\\node_modules\\mysql\\lib\\protocol\\Parser.js',
       function: 'Parser.write',
       line: 75,
       method: 'write',
       native: false },
     { column: 16,
       file: 'C:\\Users\\lee1\\WebstormProjects\\nodeJS\\gameview\\node_modules\\mysql\\lib\\protocol\\Protocol.js',
       function: 'Protocol.write',
       line: 39,
       method: 'write',
       native: false },
     { column: 28,
       file: 'C:\\Users\\lee1\\WebstormProjects\\nodeJS\\gameview\\node_modules\\mysql\\lib\\Connection.js',
       function: '',
       line: 103,
       method: null,
       native: false },
     { column: 13,
       file: 'events.js',
       function: 'emitOne',
       line: 96,
       method: null,
       native: false },
     { column: 7,
       file: 'events.js',
       function: 'Socket.emit',
       line: 188,
       method: 'emit',
       native: false },
     { column: 18,
       file: '_stream_readable.js',
       function: 'readableAddChunk',
       line: 176,
       method: null,
       native: false } ],
  stack: 
   [ 'TypeError: Cannot read property \'affectedRows\' of undefined',
     '    at Query._callback (C:\\Users\\lee1\\WebstormProjects\\nodeJS\\gameview\\models\\review.js:236:27)',
     '    at Query.Sequence.end (C:\\Users\\lee1\\WebstormProjects\\nodeJS\\gameview\\node_modules\\mysql\\lib\\protocol\\sequences\\Sequence.js:86:24)',
     '    at Query.ErrorPacket (C:\\Users\\lee1\\WebstormProjects\\nodeJS\\gameview\\node_modules\\mysql\\lib\\protocol\\sequences\\Query.js:88:8)',
     '    at Protocol._parsePacket (C:\\Users\\lee1\\WebstormProjects\\nodeJS\\gameview\\node_modules\\mysql\\lib\\protocol\\Protocol.js:280:23)',
     '    at Parser.write (C:\\Users\\lee1\\WebstormProjects\\nodeJS\\gameview\\node_modules\\mysql\\lib\\protocol\\Parser.js:75:12)',
     '    at Protocol.write (C:\\Users\\lee1\\WebstormProjects\\nodeJS\\gameview\\node_modules\\mysql\\lib\\protocol\\Protocol.js:39:16)',
     '    at Socket.<anonymous> (C:\\Users\\lee1\\WebstormProjects\\nodeJS\\gameview\\node_modules\\mysql\\lib\\Connection.js:103:28)',
     '    at emitOne (events.js:96:13)',
     '    at Socket.emit (events.js:188:7)',
     '    at readableAddChunk (_stream_readable.js:176:18)' ] }
2017-02-23T15:02:20+09:00 - error: uncaughtException: Cannot read property 'affectedRows' of undefined 
{ date: 'Thu Feb 23 2017 15:02:20 GMT+0900 (대한민국 표준시)',
  process: 
   { pid: 6448,
     uid: null,
     gid: null,
     cwd: 'C:\\Users\\lee1\\WebstormProjects\\nodeJS\\gameview',
     execPath: 'C:\\Program Files\\didimdol\\node.exe',
     version: 'v6.9.4',
     argv: 
      [ 'C:\\Program Files\\didimdol\\node.exe',
        'C:\\Users\\lee1\\WebstormProjects\\nodeJS\\gameview\\bin\\www' ],
     memoryUsage: { rss: 45326336, heapTotal: 28348416, heapUsed: 23352952 } },
  os: { loadavg: [ 0, 0, 0 ], uptime: 82040.5344146 },
  trace: 
   [ { column: 27,
       file: 'C:\\Users\\lee1\\WebstormProjects\\nodeJS\\gameview\\models\\review.js',
       function: 'Query._callback',
       line: 236,
       method: '_callback',
       native: false },
     { column: 24,
       file: 'C:\\Users\\lee1\\WebstormProjects\\nodeJS\\gameview\\node_modules\\mysql\\lib\\protocol\\sequences\\Sequence.js',
       function: 'Query.Sequence.end',
       line: 86,
       method: 'Sequence.end',
       native: false },
     { column: 8,
       file: 'C:\\Users\\lee1\\WebstormProjects\\nodeJS\\gameview\\node_modules\\mysql\\lib\\protocol\\sequences\\Query.js',
       function: 'Query.ErrorPacket',
       line: 88,
       method: 'ErrorPacket',
       native: false },
     { column: 23,
       file: 'C:\\Users\\lee1\\WebstormProjects\\nodeJS\\gameview\\node_modules\\mysql\\lib\\protocol\\Protocol.js',
       function: 'Protocol._parsePacket',
       line: 280,
       method: '_parsePacket',
       native: false },
     { column: 12,
       file: 'C:\\Users\\lee1\\WebstormProjects\\nodeJS\\gameview\\node_modules\\mysql\\lib\\protocol\\Parser.js',
       function: 'Parser.write',
       line: 75,
       method: 'write',
       native: false },
     { column: 16,
       file: 'C:\\Users\\lee1\\WebstormProjects\\nodeJS\\gameview\\node_modules\\mysql\\lib\\protocol\\Protocol.js',
       function: 'Protocol.write',
       line: 39,
       method: 'write',
       native: false },
     { column: 28,
       file: 'C:\\Users\\lee1\\WebstormProjects\\nodeJS\\gameview\\node_modules\\mysql\\lib\\Connection.js',
       function: '',
       line: 103,
       method: null,
       native: false },
     { column: 13,
       file: 'events.js',
       function: 'emitOne',
       line: 96,
       method: null,
       native: false },
     { column: 7,
       file: 'events.js',
       function: 'Socket.emit',
       line: 188,
       method: 'emit',
       native: false },
     { column: 18,
       file: '_stream_readable.js',
       function: 'readableAddChunk',
       line: 176,
       method: null,
       native: false } ],
  stack: 
   [ 'TypeError: Cannot read property \'affectedRows\' of undefined',
     '    at Query._callback (C:\\Users\\lee1\\WebstormProjects\\nodeJS\\gameview\\models\\review.js:236:27)',
     '    at Query.Sequence.end (C:\\Users\\lee1\\WebstormProjects\\nodeJS\\gameview\\node_modules\\mysql\\lib\\protocol\\sequences\\Sequence.js:86:24)',
     '    at Query.ErrorPacket (C:\\Users\\lee1\\WebstormProjects\\nodeJS\\gameview\\node_modules\\mysql\\lib\\protocol\\sequences\\Query.js:88:8)',
     '    at Protocol._parsePacket (C:\\Users\\lee1\\WebstormProjects\\nodeJS\\gameview\\node_modules\\mysql\\lib\\protocol\\Protocol.js:280:23)',
     '    at Parser.write (C:\\Users\\lee1\\WebstormProjects\\nodeJS\\gameview\\node_modules\\mysql\\lib\\protocol\\Parser.js:75:12)',
     '    at Protocol.write (C:\\Users\\lee1\\WebstormProjects\\nodeJS\\gameview\\node_modules\\mysql\\lib\\protocol\\Protocol.js:39:16)',
     '    at Socket.<anonymous> (C:\\Users\\lee1\\WebstormProjects\\nodeJS\\gameview\\node_modules\\mysql\\lib\\Connection.js:103:28)',
     '    at emitOne (events.js:96:13)',
     '    at Socket.emit (events.js:188:7)',
     '    at readableAddChunk (_stream_readable.js:176:18)' ] }
2017-02-23T15:03:06+09:00 - error: uncaughtException: nextTaskCallback is not a function 
{ date: 'Thu Feb 23 2017 15:03:06 GMT+0900 (대한민국 표준시)',
  process: 
   { pid: 6972,
     uid: null,
     gid: null,
     cwd: 'C:\\Users\\lee1\\WebstormProjects\\nodeJS\\gameview',
     execPath: 'C:\\Program Files\\didimdol\\node.exe',
     version: 'v6.9.4',
     argv: 
      [ 'C:\\Program Files\\didimdol\\node.exe',
        'C:\\Users\\lee1\\WebstormProjects\\nodeJS\\gameview\\bin\\www' ],
     memoryUsage: { rss: 63721472, heapTotal: 59805696, heapUsed: 34916560 } },
  os: { loadavg: [ 0, 0, 0 ], uptime: 82086.3684072 },
  trace: 
   [ { column: 21,
       file: 'C:\\Users\\lee1\\WebstormProjects\\nodeJS\\gameview\\models\\review.js',
       function: 'Query._callback',
       line: 279,
       method: '_callback',
       native: false },
     { column: 24,
       file: 'C:\\Users\\lee1\\WebstormProjects\\nodeJS\\gameview\\node_modules\\mysql\\lib\\protocol\\sequences\\Sequence.js',
       function: 'Query.Sequence.end',
       line: 86,
       method: 'Sequence.end',
       native: false },
     { column: 8,
       file: 'C:\\Users\\lee1\\WebstormProjects\\nodeJS\\gameview\\node_modules\\mysql\\lib\\protocol\\sequences\\Query.js',
       function: 'Query._handleFinalResultPacket',
       line: 137,
       method: '_handleFinalResultPacket',
       native: false },
     { column: 10,
       file: 'C:\\Users\\lee1\\WebstormProjects\\nodeJS\\gameview\\node_modules\\mysql\\lib\\protocol\\sequences\\Query.js',
       function: 'Query.OkPacket',
       line: 72,
       method: 'OkPacket',
       native: false },
     { column: 23,
       file: 'C:\\Users\\lee1\\WebstormProjects\\nodeJS\\gameview\\node_modules\\mysql\\lib\\protocol\\Protocol.js',
       function: 'Protocol._parsePacket',
       line: 280,
       method: '_parsePacket',
       native: false },
     { column: 12,
       file: 'C:\\Users\\lee1\\WebstormProjects\\nodeJS\\gameview\\node_modules\\mysql\\lib\\protocol\\Parser.js',
       function: 'Parser.write',
       line: 75,
       method: 'write',
       native: false },
     { column: 16,
       file: 'C:\\Users\\lee1\\WebstormProjects\\nodeJS\\gameview\\node_modules\\mysql\\lib\\protocol\\Protocol.js',
       function: 'Protocol.write',
       line: 39,
       method: 'write',
       native: false },
     { column: 28,
       file: 'C:\\Users\\lee1\\WebstormProjects\\nodeJS\\gameview\\node_modules\\mysql\\lib\\Connection.js',
       function: '',
       line: 103,
       method: null,
       native: false },
     { column: 13,
       file: 'events.js',
       function: 'emitOne',
       line: 96,
       method: null,
       native: false },
     { column: 7,
       file: 'events.js',
       function: 'Socket.emit',
       line: 188,
       method: 'emit',
       native: false } ],
  stack: 
   [ 'TypeError: nextTaskCallback is not a function',
     '    at Query._callback (C:\\Users\\lee1\\WebstormProjects\\nodeJS\\gameview\\models\\review.js:279:21)',
     '    at Query.Sequence.end (C:\\Users\\lee1\\WebstormProjects\\nodeJS\\gameview\\node_modules\\mysql\\lib\\protocol\\sequences\\Sequence.js:86:24)',
     '    at Query._handleFinalResultPacket (C:\\Users\\lee1\\WebstormProjects\\nodeJS\\gameview\\node_modules\\mysql\\lib\\protocol\\sequences\\Query.js:137:8)',
     '    at Query.OkPacket (C:\\Users\\lee1\\WebstormProjects\\nodeJS\\gameview\\node_modules\\mysql\\lib\\protocol\\sequences\\Query.js:72:10)',
     '    at Protocol._parsePacket (C:\\Users\\lee1\\WebstormProjects\\nodeJS\\gameview\\node_modules\\mysql\\lib\\protocol\\Protocol.js:280:23)',
     '    at Parser.write (C:\\Users\\lee1\\WebstormProjects\\nodeJS\\gameview\\node_modules\\mysql\\lib\\protocol\\Parser.js:75:12)',
     '    at Protocol.write (C:\\Users\\lee1\\WebstormProjects\\nodeJS\\gameview\\node_modules\\mysql\\lib\\protocol\\Protocol.js:39:16)',
     '    at Socket.<anonymous> (C:\\Users\\lee1\\WebstormProjects\\nodeJS\\gameview\\node_modules\\mysql\\lib\\Connection.js:103:28)',
     '    at emitOne (events.js:96:13)',
     '    at Socket.emit (events.js:188:7)' ] }
2017-02-23T15:03:35+09:00 - error: uncaughtException: Can't set headers after they are sent. 
{ date: 'Thu Feb 23 2017 15:03:35 GMT+0900 (대한민국 표준시)',
  process: 
   { pid: 6972,
     uid: null,
     gid: null,
     cwd: 'C:\\Users\\lee1\\WebstormProjects\\nodeJS\\gameview',
     execPath: 'C:\\Program Files\\didimdol\\node.exe',
     version: 'v6.9.4',
     argv: 
      [ 'C:\\Program Files\\didimdol\\node.exe',
        'C:\\Users\\lee1\\WebstormProjects\\nodeJS\\gameview\\bin\\www' ],
     memoryUsage: { rss: 66338816, heapTotal: 59805696, heapUsed: 36706776 } },
  os: { loadavg: [ 0, 0, 0 ], uptime: 82115.2594944 },
  trace: 
   [ { column: 11,
       file: '_http_outgoing.js',
       function: 'ServerResponse.OutgoingMessage.setHeader',
       line: 356,
       method: 'OutgoingMessage.setHeader',
       native: false },
     { column: 10,
       file: 'C:\\Users\\lee1\\WebstormProjects\\nodeJS\\gameview\\node_modules\\express\\lib\\response.js',
       function: 'ServerResponse.header',
       line: 719,
       method: 'header',
       native: false },
     { column: 12,
       file: 'C:\\Users\\lee1\\WebstormProjects\\nodeJS\\gameview\\node_modules\\express\\lib\\response.js',
       function: 'ServerResponse.send',
       line: 164,
       method: 'send',
       native: false },
     { column: 15,
       file: 'C:\\Users\\lee1\\WebstormProjects\\nodeJS\\gameview\\node_modules\\express\\lib\\response.js',
       function: 'ServerResponse.json',
       line: 250,
       method: 'json',
       native: false },
     { column: 13,
       file: 'C:\\Users\\lee1\\WebstormProjects\\nodeJS\\gameview\\routes\\reviews.js',
       function: null,
       line: 57,
       method: null,
       native: false },
     { column: 25,
       file: 'C:\\Users\\lee1\\WebstormProjects\\nodeJS\\gameview\\models\\review.js',
       function: 'Query._callback',
       line: 63,
       method: '_callback',
       native: false },
     { column: 24,
       file: 'C:\\Users\\lee1\\WebstormProjects\\nodeJS\\gameview\\node_modules\\mysql\\lib\\protocol\\sequences\\Sequence.js',
       function: 'Query.Sequence.end',
       line: 86,
       method: 'Sequence.end',
       native: false },
     { column: 8,
       file: 'C:\\Users\\lee1\\WebstormProjects\\nodeJS\\gameview\\node_modules\\mysql\\lib\\protocol\\sequences\\Query.js',
       function: 'Query._handleFinalResultPacket',
       line: 137,
       method: '_handleFinalResultPacket',
       native: false },
     { column: 8,
       file: 'C:\\Users\\lee1\\WebstormProjects\\nodeJS\\gameview\\node_modules\\mysql\\lib\\protocol\\sequences\\Query.js',
       function: 'Query.EofPacket',
       line: 121,
       method: 'EofPacket',
       native: false },
     { column: 23,
       file: 'C:\\Users\\lee1\\WebstormProjects\\nodeJS\\gameview\\node_modules\\mysql\\lib\\protocol\\Protocol.js',
       function: 'Protocol._parsePacket',
       line: 280,
       method: '_parsePacket',
       native: false } ],
  stack: 
   [ 'Error: Can\'t set headers after they are sent.',
     '    at ServerResponse.OutgoingMessage.setHeader (_http_outgoing.js:356:11)',
     '    at ServerResponse.header (C:\\Users\\lee1\\WebstormProjects\\nodeJS\\gameview\\node_modules\\express\\lib\\response.js:719:10)',
     '    at ServerResponse.send (C:\\Users\\lee1\\WebstormProjects\\nodeJS\\gameview\\node_modules\\express\\lib\\response.js:164:12)',
     '    at ServerResponse.json (C:\\Users\\lee1\\WebstormProjects\\nodeJS\\gameview\\node_modules\\express\\lib\\response.js:250:15)',
     '    at C:\\Users\\lee1\\WebstormProjects\\nodeJS\\gameview\\routes\\reviews.js:57:13',
     '    at Query._callback (C:\\Users\\lee1\\WebstormProjects\\nodeJS\\gameview\\models\\review.js:63:25)',
     '    at Query.Sequence.end (C:\\Users\\lee1\\WebstormProjects\\nodeJS\\gameview\\node_modules\\mysql\\lib\\protocol\\sequences\\Sequence.js:86:24)',
     '    at Query._handleFinalResultPacket (C:\\Users\\lee1\\WebstormProjects\\nodeJS\\gameview\\node_modules\\mysql\\lib\\protocol\\sequences\\Query.js:137:8)',
     '    at Query.EofPacket (C:\\Users\\lee1\\WebstormProjects\\nodeJS\\gameview\\node_modules\\mysql\\lib\\protocol\\sequences\\Query.js:121:8)',
     '    at Protocol._parsePacket (C:\\Users\\lee1\\WebstormProjects\\nodeJS\\gameview\\node_modules\\mysql\\lib\\protocol\\Protocol.js:280:23)' ] }
2017-02-23T15:28:06+09:00 - error: uncaughtException: missing ) after argument list 
{ date: 'Thu Feb 23 2017 15:28:06 GMT+0900 (대한민국 표준시)',
  process: 
   { pid: 5272,
     uid: null,
     gid: null,
     cwd: 'C:\\Users\\lee1\\WebstormProjects\\nodeJS\\gameview',
     execPath: 'C:\\Program Files\\didimdol\\node.exe',
     version: 'v6.9.4',
     argv: 
      [ 'C:\\Program Files\\didimdol\\node.exe',
        'C:\\Users\\lee1\\WebstormProjects\\nodeJS\\gameview\\bin\\www' ],
     memoryUsage: { rss: 54857728, heapTotal: 57708544, heapUsed: 25693792 } },
  os: { loadavg: [ 0, 0, 0 ], uptime: 83586.4421801 },
  trace: 
   [ { column: 16,
       file: 'vm.js',
       function: 'Object.exports.runInThisContext',
       line: 76,
       method: 'exports.runInThisContext',
       native: false },
     { column: 28,
       file: 'module.js',
       function: 'Module._compile',
       line: 542,
       method: '_compile',
       native: false },
     { column: 10,
       file: 'module.js',
       function: 'Object.Module._extensions..js',
       line: 579,
       method: 'Module._extensions..js',
       native: false },
     { column: 32,
       file: 'module.js',
       function: 'Module.load',
       line: 487,
       method: 'load',
       native: false },
     { column: 12,
       file: 'module.js',
       function: 'tryModuleLoad',
       line: 446,
       method: null,
       native: false },
     { column: 3,
       file: 'module.js',
       function: 'Function.Module._load',
       line: 438,
       method: 'Module._load',
       native: false },
     { column: 17,
       file: 'module.js',
       function: 'Module.require',
       line: 497,
       method: 'require',
       native: false },
     { column: 19,
       file: 'internal/module.js',
       function: 'require',
       line: 20,
       method: null,
       native: false },
     { column: 15,
       file: 'C:\\Users\\lee1\\WebstormProjects\\nodeJS\\gameview\\routes\\reviews.js',
       function: '',
       line: 5,
       method: null,
       native: false },
     { column: 32,
       file: 'module.js',
       function: 'Module._compile',
       line: 570,
       method: '_compile',
       native: false } ],
  stack: 
   [ 'C:\\Users\\lee1\\WebstormProjects\\nodeJS\\gameview\\models\\review.js:285',
     '         }',
     '         ^',
     'SyntaxError: missing ) after argument list',
     '    at Object.exports.runInThisContext (vm.js:76:16)',
     '    at Module._compile (module.js:542:28)',
     '    at Object.Module._extensions..js (module.js:579:10)',
     '    at Module.load (module.js:487:32)',
     '    at tryModuleLoad (module.js:446:12)',
     '    at Function.Module._load (module.js:438:3)',
     '    at Module.require (module.js:497:17)',
     '    at require (internal/module.js:20:19)',
     '    at Object.<anonymous> (C:\\Users\\lee1\\WebstormProjects\\nodeJS\\gameview\\routes\\reviews.js:5:15)',
     '    at Module._compile (module.js:570:32)' ] }
