2017-02-23T21:02:46+09:00 - error: uncaughtException: Can't set headers after they are sent. 
{ date: 'Thu Feb 23 2017 21:02:46 GMT+0900 (대한민국 표준시)',
  process: 
   { pid: 4500,
     uid: null,
     gid: null,
     cwd: 'C:\\Users\\lee1\\WebstormProjects\\nodeJS\\gameview',
     execPath: 'C:\\Program Files\\didimdol\\node.exe',
     version: 'v6.9.4',
     argv: 
      [ 'C:\\Program Files\\didimdol\\node.exe',
        'C:\\Users\\lee1\\WebstormProjects\\nodeJS\\gameview\\bin\\www' ],
     memoryUsage: { rss: 40419328, heapTotal: 32542720, heapUsed: 25002912 } },
  os: { loadavg: [ 0, 0, 0 ], uptime: 19976.8980172 },
  trace: 
   [ { column: 11,
       file: '_http_outgoing.js',
       function: 'ServerResponse.OutgoingMessage.setHeader',
       line: 356,
       method: 'OutgoingMessage.setHeader',
       native: false },
     { column: 10,
       file: 'C:\\Users\\lee1\\WebstormProjects\\nodeJS\\gameview\\node_modules\\express\\lib\\response.js',
       function: 'ServerResponse.header',
       line: 719,
       method: 'header',
       native: false },
     { column: 12,
       file: 'C:\\Users\\lee1\\WebstormProjects\\nodeJS\\gameview\\node_modules\\express\\lib\\response.js',
       function: 'ServerResponse.send',
       line: 164,
       method: 'send',
       native: false },
     { column: 15,
       file: 'C:\\Users\\lee1\\WebstormProjects\\nodeJS\\gameview\\node_modules\\express\\lib\\response.js',
       function: 'ServerResponse.json',
       line: 250,
       method: 'json',
       native: false },
     { column: 13,
       file: 'C:\\Users\\lee1\\WebstormProjects\\nodeJS\\gameview\\routes\\reviews.js',
       function: null,
       line: 57,
       method: null,
       native: false },
     { column: 25,
       file: 'C:\\Users\\lee1\\WebstormProjects\\nodeJS\\gameview\\models\\review.js',
       function: 'Query._callback',
       line: 98,
       method: '_callback',
       native: false },
     { column: 24,
       file: 'C:\\Users\\lee1\\WebstormProjects\\nodeJS\\gameview\\node_modules\\mysql\\lib\\protocol\\sequences\\Sequence.js',
       function: 'Query.Sequence.end',
       line: 86,
       method: 'Sequence.end',
       native: false },
     { column: 8,
       file: 'C:\\Users\\lee1\\WebstormProjects\\nodeJS\\gameview\\node_modules\\mysql\\lib\\protocol\\sequences\\Query.js',
       function: 'Query._handleFinalResultPacket',
       line: 137,
       method: '_handleFinalResultPacket',
       native: false },
     { column: 8,
       file: 'C:\\Users\\lee1\\WebstormProjects\\nodeJS\\gameview\\node_modules\\mysql\\lib\\protocol\\sequences\\Query.js',
       function: 'Query.EofPacket',
       line: 121,
       method: 'EofPacket',
       native: false },
     { column: 23,
       file: 'C:\\Users\\lee1\\WebstormProjects\\nodeJS\\gameview\\node_modules\\mysql\\lib\\protocol\\Protocol.js',
       function: 'Protocol._parsePacket',
       line: 280,
       method: '_parsePacket',
       native: false } ],
  stack: 
   [ 'Error: Can\'t set headers after they are sent.',
     '    at ServerResponse.OutgoingMessage.setHeader (_http_outgoing.js:356:11)',
     '    at ServerResponse.header (C:\\Users\\lee1\\WebstormProjects\\nodeJS\\gameview\\node_modules\\express\\lib\\response.js:719:10)',
     '    at ServerResponse.send (C:\\Users\\lee1\\WebstormProjects\\nodeJS\\gameview\\node_modules\\express\\lib\\response.js:164:12)',
     '    at ServerResponse.json (C:\\Users\\lee1\\WebstormProjects\\nodeJS\\gameview\\node_modules\\express\\lib\\response.js:250:15)',
     '    at C:\\Users\\lee1\\WebstormProjects\\nodeJS\\gameview\\routes\\reviews.js:57:13',
     '    at Query._callback (C:\\Users\\lee1\\WebstormProjects\\nodeJS\\gameview\\models\\review.js:98:25)',
     '    at Query.Sequence.end (C:\\Users\\lee1\\WebstormProjects\\nodeJS\\gameview\\node_modules\\mysql\\lib\\protocol\\sequences\\Sequence.js:86:24)',
     '    at Query._handleFinalResultPacket (C:\\Users\\lee1\\WebstormProjects\\nodeJS\\gameview\\node_modules\\mysql\\lib\\protocol\\sequences\\Query.js:137:8)',
     '    at Query.EofPacket (C:\\Users\\lee1\\WebstormProjects\\nodeJS\\gameview\\node_modules\\mysql\\lib\\protocol\\sequences\\Query.js:121:8)',
     '    at Protocol._parsePacket (C:\\Users\\lee1\\WebstormProjects\\nodeJS\\gameview\\node_modules\\mysql\\lib\\protocol\\Protocol.js:280:23)' ] }
2017-02-23T21:02:48+09:00 - error: uncaughtException: Can't set headers after they are sent. 
{ date: 'Thu Feb 23 2017 21:02:48 GMT+0900 (대한민국 표준시)',
  process: 
   { pid: 4500,
     uid: null,
     gid: null,
     cwd: 'C:\\Users\\lee1\\WebstormProjects\\nodeJS\\gameview',
     execPath: 'C:\\Program Files\\didimdol\\node.exe',
     version: 'v6.9.4',
     argv: 
      [ 'C:\\Program Files\\didimdol\\node.exe',
        'C:\\Users\\lee1\\WebstormProjects\\nodeJS\\gameview\\bin\\www' ],
     memoryUsage: { rss: 41676800, heapTotal: 32542720, heapUsed: 25121840 } },
  os: { loadavg: [ 0, 0, 0 ], uptime: 19979.2624116 },
  trace: 
   [ { column: 11,
       file: '_http_outgoing.js',
       function: 'ServerResponse.OutgoingMessage.setHeader',
       line: 356,
       method: 'OutgoingMessage.setHeader',
       native: false },
     { column: 10,
       file: 'C:\\Users\\lee1\\WebstormProjects\\nodeJS\\gameview\\node_modules\\express\\lib\\response.js',
       function: 'ServerResponse.header',
       line: 719,
       method: 'header',
       native: false },
     { column: 12,
       file: 'C:\\Users\\lee1\\WebstormProjects\\nodeJS\\gameview\\node_modules\\express\\lib\\response.js',
       function: 'ServerResponse.send',
       line: 164,
       method: 'send',
       native: false },
     { column: 15,
       file: 'C:\\Users\\lee1\\WebstormProjects\\nodeJS\\gameview\\node_modules\\express\\lib\\response.js',
       function: 'ServerResponse.json',
       line: 250,
       method: 'json',
       native: false },
     { column: 13,
       file: 'C:\\Users\\lee1\\WebstormProjects\\nodeJS\\gameview\\routes\\reviews.js',
       function: null,
       line: 57,
       method: null,
       native: false },
     { column: 25,
       file: 'C:\\Users\\lee1\\WebstormProjects\\nodeJS\\gameview\\models\\review.js',
       function: 'Query._callback',
       line: 98,
       method: '_callback',
       native: false },
     { column: 24,
       file: 'C:\\Users\\lee1\\WebstormProjects\\nodeJS\\gameview\\node_modules\\mysql\\lib\\protocol\\sequences\\Sequence.js',
       function: 'Query.Sequence.end',
       line: 86,
       method: 'Sequence.end',
       native: false },
     { column: 8,
       file: 'C:\\Users\\lee1\\WebstormProjects\\nodeJS\\gameview\\node_modules\\mysql\\lib\\protocol\\sequences\\Query.js',
       function: 'Query._handleFinalResultPacket',
       line: 137,
       method: '_handleFinalResultPacket',
       native: false },
     { column: 8,
       file: 'C:\\Users\\lee1\\WebstormProjects\\nodeJS\\gameview\\node_modules\\mysql\\lib\\protocol\\sequences\\Query.js',
       function: 'Query.EofPacket',
       line: 121,
       method: 'EofPacket',
       native: false },
     { column: 23,
       file: 'C:\\Users\\lee1\\WebstormProjects\\nodeJS\\gameview\\node_modules\\mysql\\lib\\protocol\\Protocol.js',
       function: 'Protocol._parsePacket',
       line: 280,
       method: '_parsePacket',
       native: false } ],
  stack: 
   [ 'Error: Can\'t set headers after they are sent.',
     '    at ServerResponse.OutgoingMessage.setHeader (_http_outgoing.js:356:11)',
     '    at ServerResponse.header (C:\\Users\\lee1\\WebstormProjects\\nodeJS\\gameview\\node_modules\\express\\lib\\response.js:719:10)',
     '    at ServerResponse.send (C:\\Users\\lee1\\WebstormProjects\\nodeJS\\gameview\\node_modules\\express\\lib\\response.js:164:12)',
     '    at ServerResponse.json (C:\\Users\\lee1\\WebstormProjects\\nodeJS\\gameview\\node_modules\\express\\lib\\response.js:250:15)',
     '    at C:\\Users\\lee1\\WebstormProjects\\nodeJS\\gameview\\routes\\reviews.js:57:13',
     '    at Query._callback (C:\\Users\\lee1\\WebstormProjects\\nodeJS\\gameview\\models\\review.js:98:25)',
     '    at Query.Sequence.end (C:\\Users\\lee1\\WebstormProjects\\nodeJS\\gameview\\node_modules\\mysql\\lib\\protocol\\sequences\\Sequence.js:86:24)',
     '    at Query._handleFinalResultPacket (C:\\Users\\lee1\\WebstormProjects\\nodeJS\\gameview\\node_modules\\mysql\\lib\\protocol\\sequences\\Query.js:137:8)',
     '    at Query.EofPacket (C:\\Users\\lee1\\WebstormProjects\\nodeJS\\gameview\\node_modules\\mysql\\lib\\protocol\\sequences\\Query.js:121:8)',
     '    at Protocol._parsePacket (C:\\Users\\lee1\\WebstormProjects\\nodeJS\\gameview\\node_modules\\mysql\\lib\\protocol\\Protocol.js:280:23)' ] }
2017-02-23T21:02:51+09:00 - error: uncaughtException: Can't set headers after they are sent. 
{ date: 'Thu Feb 23 2017 21:02:51 GMT+0900 (대한민국 표준시)',
  process: 
   { pid: 4500,
     uid: null,
     gid: null,
     cwd: 'C:\\Users\\lee1\\WebstormProjects\\nodeJS\\gameview',
     execPath: 'C:\\Program Files\\didimdol\\node.exe',
     version: 'v6.9.4',
     argv: 
      [ 'C:\\Program Files\\didimdol\\node.exe',
        'C:\\Users\\lee1\\WebstormProjects\\nodeJS\\gameview\\bin\\www' ],
     memoryUsage: { rss: 42143744, heapTotal: 32542720, heapUsed: 25097792 } },
  os: { loadavg: [ 0, 0, 0 ], uptime: 19982.2545828 },
  trace: 
   [ { column: 11,
       file: '_http_outgoing.js',
       function: 'ServerResponse.OutgoingMessage.setHeader',
       line: 356,
       method: 'OutgoingMessage.setHeader',
       native: false },
     { column: 10,
       file: 'C:\\Users\\lee1\\WebstormProjects\\nodeJS\\gameview\\node_modules\\express\\lib\\response.js',
       function: 'ServerResponse.header',
       line: 719,
       method: 'header',
       native: false },
     { column: 12,
       file: 'C:\\Users\\lee1\\WebstormProjects\\nodeJS\\gameview\\node_modules\\express\\lib\\response.js',
       function: 'ServerResponse.send',
       line: 164,
       method: 'send',
       native: false },
     { column: 15,
       file: 'C:\\Users\\lee1\\WebstormProjects\\nodeJS\\gameview\\node_modules\\express\\lib\\response.js',
       function: 'ServerResponse.json',
       line: 250,
       method: 'json',
       native: false },
     { column: 13,
       file: 'C:\\Users\\lee1\\WebstormProjects\\nodeJS\\gameview\\routes\\reviews.js',
       function: null,
       line: 57,
       method: null,
       native: false },
     { column: 25,
       file: 'C:\\Users\\lee1\\WebstormProjects\\nodeJS\\gameview\\models\\review.js',
       function: 'Query._callback',
       line: 98,
       method: '_callback',
       native: false },
     { column: 24,
       file: 'C:\\Users\\lee1\\WebstormProjects\\nodeJS\\gameview\\node_modules\\mysql\\lib\\protocol\\sequences\\Sequence.js',
       function: 'Query.Sequence.end',
       line: 86,
       method: 'Sequence.end',
       native: false },
     { column: 8,
       file: 'C:\\Users\\lee1\\WebstormProjects\\nodeJS\\gameview\\node_modules\\mysql\\lib\\protocol\\sequences\\Query.js',
       function: 'Query._handleFinalResultPacket',
       line: 137,
       method: '_handleFinalResultPacket',
       native: false },
     { column: 8,
       file: 'C:\\Users\\lee1\\WebstormProjects\\nodeJS\\gameview\\node_modules\\mysql\\lib\\protocol\\sequences\\Query.js',
       function: 'Query.EofPacket',
       line: 121,
       method: 'EofPacket',
       native: false },
     { column: 23,
       file: 'C:\\Users\\lee1\\WebstormProjects\\nodeJS\\gameview\\node_modules\\mysql\\lib\\protocol\\Protocol.js',
       function: 'Protocol._parsePacket',
       line: 280,
       method: '_parsePacket',
       native: false } ],
  stack: 
   [ 'Error: Can\'t set headers after they are sent.',
     '    at ServerResponse.OutgoingMessage.setHeader (_http_outgoing.js:356:11)',
     '    at ServerResponse.header (C:\\Users\\lee1\\WebstormProjects\\nodeJS\\gameview\\node_modules\\express\\lib\\response.js:719:10)',
     '    at ServerResponse.send (C:\\Users\\lee1\\WebstormProjects\\nodeJS\\gameview\\node_modules\\express\\lib\\response.js:164:12)',
     '    at ServerResponse.json (C:\\Users\\lee1\\WebstormProjects\\nodeJS\\gameview\\node_modules\\express\\lib\\response.js:250:15)',
     '    at C:\\Users\\lee1\\WebstormProjects\\nodeJS\\gameview\\routes\\reviews.js:57:13',
     '    at Query._callback (C:\\Users\\lee1\\WebstormProjects\\nodeJS\\gameview\\models\\review.js:98:25)',
     '    at Query.Sequence.end (C:\\Users\\lee1\\WebstormProjects\\nodeJS\\gameview\\node_modules\\mysql\\lib\\protocol\\sequences\\Sequence.js:86:24)',
     '    at Query._handleFinalResultPacket (C:\\Users\\lee1\\WebstormProjects\\nodeJS\\gameview\\node_modules\\mysql\\lib\\protocol\\sequences\\Query.js:137:8)',
     '    at Query.EofPacket (C:\\Users\\lee1\\WebstormProjects\\nodeJS\\gameview\\node_modules\\mysql\\lib\\protocol\\sequences\\Query.js:121:8)',
     '    at Protocol._parsePacket (C:\\Users\\lee1\\WebstormProjects\\nodeJS\\gameview\\node_modules\\mysql\\lib\\protocol\\Protocol.js:280:23)' ] }
2017-02-23T21:02:53+09:00 - error: uncaughtException: Can't set headers after they are sent. 
{ date: 'Thu Feb 23 2017 21:02:53 GMT+0900 (대한민국 표준시)',
  process: 
   { pid: 4500,
     uid: null,
     gid: null,
     cwd: 'C:\\Users\\lee1\\WebstormProjects\\nodeJS\\gameview',
     execPath: 'C:\\Program Files\\didimdol\\node.exe',
     version: 'v6.9.4',
     argv: 
      [ 'C:\\Program Files\\didimdol\\node.exe',
        'C:\\Users\\lee1\\WebstormProjects\\nodeJS\\gameview\\bin\\www' ],
     memoryUsage: { rss: 43053056, heapTotal: 32542720, heapUsed: 25949688 } },
  os: { loadavg: [ 0, 0, 0 ], uptime: 19983.955679 },
  trace: 
   [ { column: 11,
       file: '_http_outgoing.js',
       function: 'ServerResponse.OutgoingMessage.setHeader',
       line: 356,
       method: 'OutgoingMessage.setHeader',
       native: false },
     { column: 10,
       file: 'C:\\Users\\lee1\\WebstormProjects\\nodeJS\\gameview\\node_modules\\express\\lib\\response.js',
       function: 'ServerResponse.header',
       line: 719,
       method: 'header',
       native: false },
     { column: 12,
       file: 'C:\\Users\\lee1\\WebstormProjects\\nodeJS\\gameview\\node_modules\\express\\lib\\response.js',
       function: 'ServerResponse.send',
       line: 164,
       method: 'send',
       native: false },
     { column: 15,
       file: 'C:\\Users\\lee1\\WebstormProjects\\nodeJS\\gameview\\node_modules\\express\\lib\\response.js',
       function: 'ServerResponse.json',
       line: 250,
       method: 'json',
       native: false },
     { column: 13,
       file: 'C:\\Users\\lee1\\WebstormProjects\\nodeJS\\gameview\\routes\\reviews.js',
       function: null,
       line: 57,
       method: null,
       native: false },
     { column: 25,
       file: 'C:\\Users\\lee1\\WebstormProjects\\nodeJS\\gameview\\models\\review.js',
       function: 'Query._callback',
       line: 98,
       method: '_callback',
       native: false },
     { column: 24,
       file: 'C:\\Users\\lee1\\WebstormProjects\\nodeJS\\gameview\\node_modules\\mysql\\lib\\protocol\\sequences\\Sequence.js',
       function: 'Query.Sequence.end',
       line: 86,
       method: 'Sequence.end',
       native: false },
     { column: 8,
       file: 'C:\\Users\\lee1\\WebstormProjects\\nodeJS\\gameview\\node_modules\\mysql\\lib\\protocol\\sequences\\Query.js',
       function: 'Query._handleFinalResultPacket',
       line: 137,
       method: '_handleFinalResultPacket',
       native: false },
     { column: 8,
       file: 'C:\\Users\\lee1\\WebstormProjects\\nodeJS\\gameview\\node_modules\\mysql\\lib\\protocol\\sequences\\Query.js',
       function: 'Query.EofPacket',
       line: 121,
       method: 'EofPacket',
       native: false },
     { column: 23,
       file: 'C:\\Users\\lee1\\WebstormProjects\\nodeJS\\gameview\\node_modules\\mysql\\lib\\protocol\\Protocol.js',
       function: 'Protocol._parsePacket',
       line: 280,
       method: '_parsePacket',
       native: false } ],
  stack: 
   [ 'Error: Can\'t set headers after they are sent.',
     '    at ServerResponse.OutgoingMessage.setHeader (_http_outgoing.js:356:11)',
     '    at ServerResponse.header (C:\\Users\\lee1\\WebstormProjects\\nodeJS\\gameview\\node_modules\\express\\lib\\response.js:719:10)',
     '    at ServerResponse.send (C:\\Users\\lee1\\WebstormProjects\\nodeJS\\gameview\\node_modules\\express\\lib\\response.js:164:12)',
     '    at ServerResponse.json (C:\\Users\\lee1\\WebstormProjects\\nodeJS\\gameview\\node_modules\\express\\lib\\response.js:250:15)',
     '    at C:\\Users\\lee1\\WebstormProjects\\nodeJS\\gameview\\routes\\reviews.js:57:13',
     '    at Query._callback (C:\\Users\\lee1\\WebstormProjects\\nodeJS\\gameview\\models\\review.js:98:25)',
     '    at Query.Sequence.end (C:\\Users\\lee1\\WebstormProjects\\nodeJS\\gameview\\node_modules\\mysql\\lib\\protocol\\sequences\\Sequence.js:86:24)',
     '    at Query._handleFinalResultPacket (C:\\Users\\lee1\\WebstormProjects\\nodeJS\\gameview\\node_modules\\mysql\\lib\\protocol\\sequences\\Query.js:137:8)',
     '    at Query.EofPacket (C:\\Users\\lee1\\WebstormProjects\\nodeJS\\gameview\\node_modules\\mysql\\lib\\protocol\\sequences\\Query.js:121:8)',
     '    at Protocol._parsePacket (C:\\Users\\lee1\\WebstormProjects\\nodeJS\\gameview\\node_modules\\mysql\\lib\\protocol\\Protocol.js:280:23)' ] }
2017-02-23T21:33:51+09:00 - error: uncaughtException: Can't set headers after they are sent. 
{ date: 'Thu Feb 23 2017 21:33:51 GMT+0900 (대한민국 표준시)',
  process: 
   { pid: 2288,
     uid: null,
     gid: null,
     cwd: 'C:\\Users\\lee1\\WebstormProjects\\nodeJS\\gameview',
     execPath: 'C:\\Program Files\\didimdol\\node.exe',
     version: 'v6.9.4',
     argv: 
      [ 'C:\\Program Files\\didimdol\\node.exe',
        'C:\\Users\\lee1\\WebstormProjects\\nodeJS\\gameview\\bin\\www' ],
     memoryUsage: { rss: 66392064, heapTotal: 59805696, heapUsed: 37330304 } },
  os: { loadavg: [ 0, 0, 0 ], uptime: 21841.6731652 },
  trace: 
   [ { column: 11,
       file: '_http_outgoing.js',
       function: 'ServerResponse.OutgoingMessage.setHeader',
       line: 356,
       method: 'OutgoingMessage.setHeader',
       native: false },
     { column: 10,
       file: 'C:\\Users\\lee1\\WebstormProjects\\nodeJS\\gameview\\node_modules\\express\\lib\\response.js',
       function: 'ServerResponse.header',
       line: 719,
       method: 'header',
       native: false },
     { column: 12,
       file: 'C:\\Users\\lee1\\WebstormProjects\\nodeJS\\gameview\\node_modules\\express\\lib\\response.js',
       function: 'ServerResponse.send',
       line: 164,
       method: 'send',
       native: false },
     { column: 15,
       file: 'C:\\Users\\lee1\\WebstormProjects\\nodeJS\\gameview\\node_modules\\express\\lib\\response.js',
       function: 'ServerResponse.json',
       line: 250,
       method: 'json',
       native: false },
     { column: 13,
       file: 'C:\\Users\\lee1\\WebstormProjects\\nodeJS\\gameview\\routes\\reviews.js',
       function: null,
       line: 57,
       method: null,
       native: false },
     { column: 25,
       file: 'C:\\Users\\lee1\\WebstormProjects\\nodeJS\\gameview\\models\\review.js',
       function: 'Query._callback',
       line: 98,
       method: '_callback',
       native: false },
     { column: 24,
       file: 'C:\\Users\\lee1\\WebstormProjects\\nodeJS\\gameview\\node_modules\\mysql\\lib\\protocol\\sequences\\Sequence.js',
       function: 'Query.Sequence.end',
       line: 86,
       method: 'Sequence.end',
       native: false },
     { column: 8,
       file: 'C:\\Users\\lee1\\WebstormProjects\\nodeJS\\gameview\\node_modules\\mysql\\lib\\protocol\\sequences\\Query.js',
       function: 'Query._handleFinalResultPacket',
       line: 137,
       method: '_handleFinalResultPacket',
       native: false },
     { column: 8,
       file: 'C:\\Users\\lee1\\WebstormProjects\\nodeJS\\gameview\\node_modules\\mysql\\lib\\protocol\\sequences\\Query.js',
       function: 'Query.EofPacket',
       line: 121,
       method: 'EofPacket',
       native: false },
     { column: 23,
       file: 'C:\\Users\\lee1\\WebstormProjects\\nodeJS\\gameview\\node_modules\\mysql\\lib\\protocol\\Protocol.js',
       function: 'Protocol._parsePacket',
       line: 280,
       method: '_parsePacket',
       native: false } ],
  stack: 
   [ 'Error: Can\'t set headers after they are sent.',
     '    at ServerResponse.OutgoingMessage.setHeader (_http_outgoing.js:356:11)',
     '    at ServerResponse.header (C:\\Users\\lee1\\WebstormProjects\\nodeJS\\gameview\\node_modules\\express\\lib\\response.js:719:10)',
     '    at ServerResponse.send (C:\\Users\\lee1\\WebstormProjects\\nodeJS\\gameview\\node_modules\\express\\lib\\response.js:164:12)',
     '    at ServerResponse.json (C:\\Users\\lee1\\WebstormProjects\\nodeJS\\gameview\\node_modules\\express\\lib\\response.js:250:15)',
     '    at C:\\Users\\lee1\\WebstormProjects\\nodeJS\\gameview\\routes\\reviews.js:57:13',
     '    at Query._callback (C:\\Users\\lee1\\WebstormProjects\\nodeJS\\gameview\\models\\review.js:98:25)',
     '    at Query.Sequence.end (C:\\Users\\lee1\\WebstormProjects\\nodeJS\\gameview\\node_modules\\mysql\\lib\\protocol\\sequences\\Sequence.js:86:24)',
     '    at Query._handleFinalResultPacket (C:\\Users\\lee1\\WebstormProjects\\nodeJS\\gameview\\node_modules\\mysql\\lib\\protocol\\sequences\\Query.js:137:8)',
     '    at Query.EofPacket (C:\\Users\\lee1\\WebstormProjects\\nodeJS\\gameview\\node_modules\\mysql\\lib\\protocol\\sequences\\Query.js:121:8)',
     '    at Protocol._parsePacket (C:\\Users\\lee1\\WebstormProjects\\nodeJS\\gameview\\node_modules\\mysql\\lib\\protocol\\Protocol.js:280:23)' ] }
2017-02-23T21:36:15+09:00 - error: uncaughtException: Can't set headers after they are sent. 
{ date: 'Thu Feb 23 2017 21:36:15 GMT+0900 (대한민국 표준시)',
  process: 
   { pid: 2288,
     uid: null,
     gid: null,
     cwd: 'C:\\Users\\lee1\\WebstormProjects\\nodeJS\\gameview',
     execPath: 'C:\\Program Files\\didimdol\\node.exe',
     version: 'v6.9.4',
     argv: 
      [ 'C:\\Program Files\\didimdol\\node.exe',
        'C:\\Users\\lee1\\WebstormProjects\\nodeJS\\gameview\\bin\\www' ],
     memoryUsage: { rss: 49512448, heapTotal: 32542720, heapUsed: 23093856 } },
  os: { loadavg: [ 0, 0, 0 ], uptime: 21985.9500404 },
  trace: 
   [ { column: 11,
       file: '_http_outgoing.js',
       function: 'ServerResponse.OutgoingMessage.setHeader',
       line: 356,
       method: 'OutgoingMessage.setHeader',
       native: false },
     { column: 10,
       file: 'C:\\Users\\lee1\\WebstormProjects\\nodeJS\\gameview\\node_modules\\express\\lib\\response.js',
       function: 'ServerResponse.header',
       line: 719,
       method: 'header',
       native: false },
     { column: 12,
       file: 'C:\\Users\\lee1\\WebstormProjects\\nodeJS\\gameview\\node_modules\\express\\lib\\response.js',
       function: 'ServerResponse.send',
       line: 164,
       method: 'send',
       native: false },
     { column: 15,
       file: 'C:\\Users\\lee1\\WebstormProjects\\nodeJS\\gameview\\node_modules\\express\\lib\\response.js',
       function: 'ServerResponse.json',
       line: 250,
       method: 'json',
       native: false },
     { column: 13,
       file: 'C:\\Users\\lee1\\WebstormProjects\\nodeJS\\gameview\\routes\\reviews.js',
       function: null,
       line: 57,
       method: null,
       native: false },
     { column: 25,
       file: 'C:\\Users\\lee1\\WebstormProjects\\nodeJS\\gameview\\models\\review.js',
       function: 'Query._callback',
       line: 98,
       method: '_callback',
       native: false },
     { column: 24,
       file: 'C:\\Users\\lee1\\WebstormProjects\\nodeJS\\gameview\\node_modules\\mysql\\lib\\protocol\\sequences\\Sequence.js',
       function: 'Query.Sequence.end',
       line: 86,
       method: 'Sequence.end',
       native: false },
     { column: 8,
       file: 'C:\\Users\\lee1\\WebstormProjects\\nodeJS\\gameview\\node_modules\\mysql\\lib\\protocol\\sequences\\Query.js',
       function: 'Query._handleFinalResultPacket',
       line: 137,
       method: '_handleFinalResultPacket',
       native: false },
     { column: 8,
       file: 'C:\\Users\\lee1\\WebstormProjects\\nodeJS\\gameview\\node_modules\\mysql\\lib\\protocol\\sequences\\Query.js',
       function: 'Query.EofPacket',
       line: 121,
       method: 'EofPacket',
       native: false },
     { column: 23,
       file: 'C:\\Users\\lee1\\WebstormProjects\\nodeJS\\gameview\\node_modules\\mysql\\lib\\protocol\\Protocol.js',
       function: 'Protocol._parsePacket',
       line: 280,
       method: '_parsePacket',
       native: false } ],
  stack: 
   [ 'Error: Can\'t set headers after they are sent.',
     '    at ServerResponse.OutgoingMessage.setHeader (_http_outgoing.js:356:11)',
     '    at ServerResponse.header (C:\\Users\\lee1\\WebstormProjects\\nodeJS\\gameview\\node_modules\\express\\lib\\response.js:719:10)',
     '    at ServerResponse.send (C:\\Users\\lee1\\WebstormProjects\\nodeJS\\gameview\\node_modules\\express\\lib\\response.js:164:12)',
     '    at ServerResponse.json (C:\\Users\\lee1\\WebstormProjects\\nodeJS\\gameview\\node_modules\\express\\lib\\response.js:250:15)',
     '    at C:\\Users\\lee1\\WebstormProjects\\nodeJS\\gameview\\routes\\reviews.js:57:13',
     '    at Query._callback (C:\\Users\\lee1\\WebstormProjects\\nodeJS\\gameview\\models\\review.js:98:25)',
     '    at Query.Sequence.end (C:\\Users\\lee1\\WebstormProjects\\nodeJS\\gameview\\node_modules\\mysql\\lib\\protocol\\sequences\\Sequence.js:86:24)',
     '    at Query._handleFinalResultPacket (C:\\Users\\lee1\\WebstormProjects\\nodeJS\\gameview\\node_modules\\mysql\\lib\\protocol\\sequences\\Query.js:137:8)',
     '    at Query.EofPacket (C:\\Users\\lee1\\WebstormProjects\\nodeJS\\gameview\\node_modules\\mysql\\lib\\protocol\\sequences\\Query.js:121:8)',
     '    at Protocol._parsePacket (C:\\Users\\lee1\\WebstormProjects\\nodeJS\\gameview\\node_modules\\mysql\\lib\\protocol\\Protocol.js:280:23)' ] }
2017-02-23T21:38:12+09:00 - error: uncaughtException: Can't set headers after they are sent. 
{ date: 'Thu Feb 23 2017 21:38:12 GMT+0900 (대한민국 표준시)',
  process: 
   { pid: 2136,
     uid: null,
     gid: null,
     cwd: 'C:\\Users\\lee1\\WebstormProjects\\nodeJS\\gameview',
     execPath: 'C:\\Program Files\\didimdol\\node.exe',
     version: 'v6.9.4',
     argv: 
      [ 'C:\\Program Files\\didimdol\\node.exe',
        'C:\\Users\\lee1\\WebstormProjects\\nodeJS\\gameview\\bin\\www' ],
     memoryUsage: { rss: 63954944, heapTotal: 59805696, heapUsed: 35277992 } },
  os: { loadavg: [ 0, 0, 0 ], uptime: 22103.1241513 },
  trace: 
   [ { column: 11,
       file: '_http_outgoing.js',
       function: 'ServerResponse.OutgoingMessage.setHeader',
       line: 356,
       method: 'OutgoingMessage.setHeader',
       native: false },
     { column: 10,
       file: 'C:\\Users\\lee1\\WebstormProjects\\nodeJS\\gameview\\node_modules\\express\\lib\\response.js',
       function: 'ServerResponse.header',
       line: 719,
       method: 'header',
       native: false },
     { column: 12,
       file: 'C:\\Users\\lee1\\WebstormProjects\\nodeJS\\gameview\\node_modules\\express\\lib\\response.js',
       function: 'ServerResponse.send',
       line: 164,
       method: 'send',
       native: false },
     { column: 15,
       file: 'C:\\Users\\lee1\\WebstormProjects\\nodeJS\\gameview\\node_modules\\express\\lib\\response.js',
       function: 'ServerResponse.json',
       line: 250,
       method: 'json',
       native: false },
     { column: 13,
       file: 'C:\\Users\\lee1\\WebstormProjects\\nodeJS\\gameview\\routes\\reviews.js',
       function: null,
       line: 57,
       method: null,
       native: false },
     { column: 25,
       file: 'C:\\Users\\lee1\\WebstormProjects\\nodeJS\\gameview\\models\\review.js',
       function: 'Query._callback',
       line: 98,
       method: '_callback',
       native: false },
     { column: 24,
       file: 'C:\\Users\\lee1\\WebstormProjects\\nodeJS\\gameview\\node_modules\\mysql\\lib\\protocol\\sequences\\Sequence.js',
       function: 'Query.Sequence.end',
       line: 86,
       method: 'Sequence.end',
       native: false },
     { column: 8,
       file: 'C:\\Users\\lee1\\WebstormProjects\\nodeJS\\gameview\\node_modules\\mysql\\lib\\protocol\\sequences\\Query.js',
       function: 'Query._handleFinalResultPacket',
       line: 137,
       method: '_handleFinalResultPacket',
       native: false },
     { column: 8,
       file: 'C:\\Users\\lee1\\WebstormProjects\\nodeJS\\gameview\\node_modules\\mysql\\lib\\protocol\\sequences\\Query.js',
       function: 'Query.EofPacket',
       line: 121,
       method: 'EofPacket',
       native: false },
     { column: 23,
       file: 'C:\\Users\\lee1\\WebstormProjects\\nodeJS\\gameview\\node_modules\\mysql\\lib\\protocol\\Protocol.js',
       function: 'Protocol._parsePacket',
       line: 280,
       method: '_parsePacket',
       native: false } ],
  stack: 
   [ 'Error: Can\'t set headers after they are sent.',
     '    at ServerResponse.OutgoingMessage.setHeader (_http_outgoing.js:356:11)',
     '    at ServerResponse.header (C:\\Users\\lee1\\WebstormProjects\\nodeJS\\gameview\\node_modules\\express\\lib\\response.js:719:10)',
     '    at ServerResponse.send (C:\\Users\\lee1\\WebstormProjects\\nodeJS\\gameview\\node_modules\\express\\lib\\response.js:164:12)',
     '    at ServerResponse.json (C:\\Users\\lee1\\WebstormProjects\\nodeJS\\gameview\\node_modules\\express\\lib\\response.js:250:15)',
     '    at C:\\Users\\lee1\\WebstormProjects\\nodeJS\\gameview\\routes\\reviews.js:57:13',
     '    at Query._callback (C:\\Users\\lee1\\WebstormProjects\\nodeJS\\gameview\\models\\review.js:98:25)',
     '    at Query.Sequence.end (C:\\Users\\lee1\\WebstormProjects\\nodeJS\\gameview\\node_modules\\mysql\\lib\\protocol\\sequences\\Sequence.js:86:24)',
     '    at Query._handleFinalResultPacket (C:\\Users\\lee1\\WebstormProjects\\nodeJS\\gameview\\node_modules\\mysql\\lib\\protocol\\sequences\\Query.js:137:8)',
     '    at Query.EofPacket (C:\\Users\\lee1\\WebstormProjects\\nodeJS\\gameview\\node_modules\\mysql\\lib\\protocol\\sequences\\Query.js:121:8)',
     '    at Protocol._parsePacket (C:\\Users\\lee1\\WebstormProjects\\nodeJS\\gameview\\node_modules\\mysql\\lib\\protocol\\Protocol.js:280:23)' ] }
2017-02-23T21:38:17+09:00 - error: uncaughtException: Can't set headers after they are sent. 
{ date: 'Thu Feb 23 2017 21:38:17 GMT+0900 (대한민국 표준시)',
  process: 
   { pid: 2136,
     uid: null,
     gid: null,
     cwd: 'C:\\Users\\lee1\\WebstormProjects\\nodeJS\\gameview',
     execPath: 'C:\\Program Files\\didimdol\\node.exe',
     version: 'v6.9.4',
     argv: 
      [ 'C:\\Program Files\\didimdol\\node.exe',
        'C:\\Users\\lee1\\WebstormProjects\\nodeJS\\gameview\\bin\\www' ],
     memoryUsage: { rss: 65712128, heapTotal: 59805696, heapUsed: 36641496 } },
  os: { loadavg: [ 0, 0, 0 ], uptime: 22108.0738022 },
  trace: 
   [ { column: 11,
       file: '_http_outgoing.js',
       function: 'ServerResponse.OutgoingMessage.setHeader',
       line: 356,
       method: 'OutgoingMessage.setHeader',
       native: false },
     { column: 10,
       file: 'C:\\Users\\lee1\\WebstormProjects\\nodeJS\\gameview\\node_modules\\express\\lib\\response.js',
       function: 'ServerResponse.header',
       line: 719,
       method: 'header',
       native: false },
     { column: 12,
       file: 'C:\\Users\\lee1\\WebstormProjects\\nodeJS\\gameview\\node_modules\\express\\lib\\response.js',
       function: 'ServerResponse.send',
       line: 164,
       method: 'send',
       native: false },
     { column: 15,
       file: 'C:\\Users\\lee1\\WebstormProjects\\nodeJS\\gameview\\node_modules\\express\\lib\\response.js',
       function: 'ServerResponse.json',
       line: 250,
       method: 'json',
       native: false },
     { column: 13,
       file: 'C:\\Users\\lee1\\WebstormProjects\\nodeJS\\gameview\\routes\\reviews.js',
       function: null,
       line: 57,
       method: null,
       native: false },
     { column: 25,
       file: 'C:\\Users\\lee1\\WebstormProjects\\nodeJS\\gameview\\models\\review.js',
       function: 'Query._callback',
       line: 98,
       method: '_callback',
       native: false },
     { column: 24,
       file: 'C:\\Users\\lee1\\WebstormProjects\\nodeJS\\gameview\\node_modules\\mysql\\lib\\protocol\\sequences\\Sequence.js',
       function: 'Query.Sequence.end',
       line: 86,
       method: 'Sequence.end',
       native: false },
     { column: 8,
       file: 'C:\\Users\\lee1\\WebstormProjects\\nodeJS\\gameview\\node_modules\\mysql\\lib\\protocol\\sequences\\Query.js',
       function: 'Query._handleFinalResultPacket',
       line: 137,
       method: '_handleFinalResultPacket',
       native: false },
     { column: 8,
       file: 'C:\\Users\\lee1\\WebstormProjects\\nodeJS\\gameview\\node_modules\\mysql\\lib\\protocol\\sequences\\Query.js',
       function: 'Query.EofPacket',
       line: 121,
       method: 'EofPacket',
       native: false },
     { column: 23,
       file: 'C:\\Users\\lee1\\WebstormProjects\\nodeJS\\gameview\\node_modules\\mysql\\lib\\protocol\\Protocol.js',
       function: 'Protocol._parsePacket',
       line: 280,
       method: '_parsePacket',
       native: false } ],
  stack: 
   [ 'Error: Can\'t set headers after they are sent.',
     '    at ServerResponse.OutgoingMessage.setHeader (_http_outgoing.js:356:11)',
     '    at ServerResponse.header (C:\\Users\\lee1\\WebstormProjects\\nodeJS\\gameview\\node_modules\\express\\lib\\response.js:719:10)',
     '    at ServerResponse.send (C:\\Users\\lee1\\WebstormProjects\\nodeJS\\gameview\\node_modules\\express\\lib\\response.js:164:12)',
     '    at ServerResponse.json (C:\\Users\\lee1\\WebstormProjects\\nodeJS\\gameview\\node_modules\\express\\lib\\response.js:250:15)',
     '    at C:\\Users\\lee1\\WebstormProjects\\nodeJS\\gameview\\routes\\reviews.js:57:13',
     '    at Query._callback (C:\\Users\\lee1\\WebstormProjects\\nodeJS\\gameview\\models\\review.js:98:25)',
     '    at Query.Sequence.end (C:\\Users\\lee1\\WebstormProjects\\nodeJS\\gameview\\node_modules\\mysql\\lib\\protocol\\sequences\\Sequence.js:86:24)',
     '    at Query._handleFinalResultPacket (C:\\Users\\lee1\\WebstormProjects\\nodeJS\\gameview\\node_modules\\mysql\\lib\\protocol\\sequences\\Query.js:137:8)',
     '    at Query.EofPacket (C:\\Users\\lee1\\WebstormProjects\\nodeJS\\gameview\\node_modules\\mysql\\lib\\protocol\\sequences\\Query.js:121:8)',
     '    at Protocol._parsePacket (C:\\Users\\lee1\\WebstormProjects\\nodeJS\\gameview\\node_modules\\mysql\\lib\\protocol\\Protocol.js:280:23)' ] }
2017-02-23T21:40:16+09:00 - error: uncaughtException: Can't set headers after they are sent. 
{ date: 'Thu Feb 23 2017 21:40:16 GMT+0900 (대한민국 표준시)',
  process: 
   { pid: 2136,
     uid: null,
     gid: null,
     cwd: 'C:\\Users\\lee1\\WebstormProjects\\nodeJS\\gameview',
     execPath: 'C:\\Program Files\\didimdol\\node.exe',
     version: 'v6.9.4',
     argv: 
      [ 'C:\\Program Files\\didimdol\\node.exe',
        'C:\\Users\\lee1\\WebstormProjects\\nodeJS\\gameview\\bin\\www' ],
     memoryUsage: { rss: 66830336, heapTotal: 59805696, heapUsed: 37604072 } },
  os: { loadavg: [ 0, 0, 0 ], uptime: 22226.6201866 },
  trace: 
   [ { column: 11,
       file: '_http_outgoing.js',
       function: 'ServerResponse.OutgoingMessage.setHeader',
       line: 356,
       method: 'OutgoingMessage.setHeader',
       native: false },
     { column: 10,
       file: 'C:\\Users\\lee1\\WebstormProjects\\nodeJS\\gameview\\node_modules\\express\\lib\\response.js',
       function: 'ServerResponse.header',
       line: 719,
       method: 'header',
       native: false },
     { column: 12,
       file: 'C:\\Users\\lee1\\WebstormProjects\\nodeJS\\gameview\\node_modules\\express\\lib\\response.js',
       function: 'ServerResponse.send',
       line: 164,
       method: 'send',
       native: false },
     { column: 15,
       file: 'C:\\Users\\lee1\\WebstormProjects\\nodeJS\\gameview\\node_modules\\express\\lib\\response.js',
       function: 'ServerResponse.json',
       line: 250,
       method: 'json',
       native: false },
     { column: 13,
       file: 'C:\\Users\\lee1\\WebstormProjects\\nodeJS\\gameview\\routes\\reviews.js',
       function: null,
       line: 57,
       method: null,
       native: false },
     { column: 25,
       file: 'C:\\Users\\lee1\\WebstormProjects\\nodeJS\\gameview\\models\\review.js',
       function: 'Query._callback',
       line: 98,
       method: '_callback',
       native: false },
     { column: 24,
       file: 'C:\\Users\\lee1\\WebstormProjects\\nodeJS\\gameview\\node_modules\\mysql\\lib\\protocol\\sequences\\Sequence.js',
       function: 'Query.Sequence.end',
       line: 86,
       method: 'Sequence.end',
       native: false },
     { column: 8,
       file: 'C:\\Users\\lee1\\WebstormProjects\\nodeJS\\gameview\\node_modules\\mysql\\lib\\protocol\\sequences\\Query.js',
       function: 'Query._handleFinalResultPacket',
       line: 137,
       method: '_handleFinalResultPacket',
       native: false },
     { column: 8,
       file: 'C:\\Users\\lee1\\WebstormProjects\\nodeJS\\gameview\\node_modules\\mysql\\lib\\protocol\\sequences\\Query.js',
       function: 'Query.EofPacket',
       line: 121,
       method: 'EofPacket',
       native: false },
     { column: 23,
       file: 'C:\\Users\\lee1\\WebstormProjects\\nodeJS\\gameview\\node_modules\\mysql\\lib\\protocol\\Protocol.js',
       function: 'Protocol._parsePacket',
       line: 280,
       method: '_parsePacket',
       native: false } ],
  stack: 
   [ 'Error: Can\'t set headers after they are sent.',
     '    at ServerResponse.OutgoingMessage.setHeader (_http_outgoing.js:356:11)',
     '    at ServerResponse.header (C:\\Users\\lee1\\WebstormProjects\\nodeJS\\gameview\\node_modules\\express\\lib\\response.js:719:10)',
     '    at ServerResponse.send (C:\\Users\\lee1\\WebstormProjects\\nodeJS\\gameview\\node_modules\\express\\lib\\response.js:164:12)',
     '    at ServerResponse.json (C:\\Users\\lee1\\WebstormProjects\\nodeJS\\gameview\\node_modules\\express\\lib\\response.js:250:15)',
     '    at C:\\Users\\lee1\\WebstormProjects\\nodeJS\\gameview\\routes\\reviews.js:57:13',
     '    at Query._callback (C:\\Users\\lee1\\WebstormProjects\\nodeJS\\gameview\\models\\review.js:98:25)',
     '    at Query.Sequence.end (C:\\Users\\lee1\\WebstormProjects\\nodeJS\\gameview\\node_modules\\mysql\\lib\\protocol\\sequences\\Sequence.js:86:24)',
     '    at Query._handleFinalResultPacket (C:\\Users\\lee1\\WebstormProjects\\nodeJS\\gameview\\node_modules\\mysql\\lib\\protocol\\sequences\\Query.js:137:8)',
     '    at Query.EofPacket (C:\\Users\\lee1\\WebstormProjects\\nodeJS\\gameview\\node_modules\\mysql\\lib\\protocol\\sequences\\Query.js:121:8)',
     '    at Protocol._parsePacket (C:\\Users\\lee1\\WebstormProjects\\nodeJS\\gameview\\node_modules\\mysql\\lib\\protocol\\Protocol.js:280:23)' ] }
