2017-02-23T13:49:50+09:00 - error: uncaughtException: Cannot read property 'rid' of undefined 
{ date: 'Thu Feb 23 2017 13:49:50 GMT+0900 (대한민국 표준시)',
  process: 
   { pid: 1048,
     uid: null,
     gid: null,
     cwd: 'C:\\Users\\lee1\\WebstormProjects\\nodeJS\\gameview',
     execPath: 'C:\\Program Files\\didimdol\\node.exe',
     version: 'v6.9.4',
     argv: 
      [ 'C:\\Program Files\\didimdol\\node.exe',
        'C:\\Users\\lee1\\WebstormProjects\\nodeJS\\gameview\\bin\\www' ],
     memoryUsage: { rss: 65617920, heapTotal: 61902848, heapUsed: 33910936 } },
  os: { loadavg: [ 0, 0, 0 ], uptime: 77690.7960782 },
  trace: 
   [ { column: 33,
       file: 'C:\\Users\\lee1\\WebstormProjects\\nodeJS\\gameview\\routes\\reviews.js',
       function: null,
       line: 99,
       method: null,
       native: false },
     { column: 25,
       file: 'C:\\Users\\lee1\\WebstormProjects\\nodeJS\\gameview\\models\\review.js',
       function: 'Query._callback',
       line: 165,
       method: '_callback',
       native: false },
     { column: 24,
       file: 'C:\\Users\\lee1\\WebstormProjects\\nodeJS\\gameview\\node_modules\\mysql\\lib\\protocol\\sequences\\Sequence.js',
       function: 'Query.Sequence.end',
       line: 86,
       method: 'Sequence.end',
       native: false },
     { column: 8,
       file: 'C:\\Users\\lee1\\WebstormProjects\\nodeJS\\gameview\\node_modules\\mysql\\lib\\protocol\\sequences\\Query.js',
       function: 'Query._handleFinalResultPacket',
       line: 137,
       method: '_handleFinalResultPacket',
       native: false },
     { column: 10,
       file: 'C:\\Users\\lee1\\WebstormProjects\\nodeJS\\gameview\\node_modules\\mysql\\lib\\protocol\\sequences\\Query.js',
       function: 'Query.OkPacket',
       line: 72,
       method: 'OkPacket',
       native: false },
     { column: 23,
       file: 'C:\\Users\\lee1\\WebstormProjects\\nodeJS\\gameview\\node_modules\\mysql\\lib\\protocol\\Protocol.js',
       function: 'Protocol._parsePacket',
       line: 280,
       method: '_parsePacket',
       native: false },
     { column: 12,
       file: 'C:\\Users\\lee1\\WebstormProjects\\nodeJS\\gameview\\node_modules\\mysql\\lib\\protocol\\Parser.js',
       function: 'Parser.write',
       line: 75,
       method: 'write',
       native: false },
     { column: 16,
       file: 'C:\\Users\\lee1\\WebstormProjects\\nodeJS\\gameview\\node_modules\\mysql\\lib\\protocol\\Protocol.js',
       function: 'Protocol.write',
       line: 39,
       method: 'write',
       native: false },
     { column: 28,
       file: 'C:\\Users\\lee1\\WebstormProjects\\nodeJS\\gameview\\node_modules\\mysql\\lib\\Connection.js',
       function: '',
       line: 103,
       method: null,
       native: false },
     { column: 13,
       file: 'events.js',
       function: 'emitOne',
       line: 96,
       method: null,
       native: false } ],
  stack: 
   [ 'TypeError: Cannot read property \'rid\' of undefined',
     '    at C:\\Users\\lee1\\WebstormProjects\\nodeJS\\gameview\\routes\\reviews.js:99:33',
     '    at Query._callback (C:\\Users\\lee1\\WebstormProjects\\nodeJS\\gameview\\models\\review.js:165:25)',
     '    at Query.Sequence.end (C:\\Users\\lee1\\WebstormProjects\\nodeJS\\gameview\\node_modules\\mysql\\lib\\protocol\\sequences\\Sequence.js:86:24)',
     '    at Query._handleFinalResultPacket (C:\\Users\\lee1\\WebstormProjects\\nodeJS\\gameview\\node_modules\\mysql\\lib\\protocol\\sequences\\Query.js:137:8)',
     '    at Query.OkPacket (C:\\Users\\lee1\\WebstormProjects\\nodeJS\\gameview\\node_modules\\mysql\\lib\\protocol\\sequences\\Query.js:72:10)',
     '    at Protocol._parsePacket (C:\\Users\\lee1\\WebstormProjects\\nodeJS\\gameview\\node_modules\\mysql\\lib\\protocol\\Protocol.js:280:23)',
     '    at Parser.write (C:\\Users\\lee1\\WebstormProjects\\nodeJS\\gameview\\node_modules\\mysql\\lib\\protocol\\Parser.js:75:12)',
     '    at Protocol.write (C:\\Users\\lee1\\WebstormProjects\\nodeJS\\gameview\\node_modules\\mysql\\lib\\protocol\\Protocol.js:39:16)',
     '    at Socket.<anonymous> (C:\\Users\\lee1\\WebstormProjects\\nodeJS\\gameview\\node_modules\\mysql\\lib\\Connection.js:103:28)',
     '    at emitOne (events.js:96:13)' ] }
